<?xml version="1.0" encoding="UTF-8"?>
<robot generator="Robot 6.1.1 (Python 3.11.5 on win32)" generated="20230924 10:01:02.103" rpa="false" schemaversion="4">
<suite id="s1" name="User" source="C:\Users\rafac\Desktop\testAPI\tests\user">
<suite id="s1-s1" name="Delete" source="C:\Users\rafac\Desktop\testAPI\tests\user\delete.robot">
<test id="s1-s1-t1" name="Must be able to delete the logged in user" line="7">
<kw name="Get data" library="main">
<var>${data}</var>
<arg>user</arg>
<arg>delete</arg>
<kw name="Load Json From File" library="JSONLibrary">
<var>${data}</var>
<arg>${EXECDIR}/resources/json/${fileName}.json</arg>
<arg>encoding=utf-8</arg>
<doc>Load JSON from file.</doc>
<msg timestamp="20230924 10:01:02.501" level="INFO">${data} = {'register': {'user': {'firstName': 'João', 'lastName': 'Silva', 'email': 'joao@email.com', 'cpf': '84769371055', 'phone': '+5511987654321', 'password': 'senha123', 'confirmPassword': 'senha123'}, 'us...</msg>
<status status="PASS" starttime="20230924 10:01:02.501" endtime="20230924 10:01:02.501"/>
</kw>
<return>
<value>${data}[${scenario}]</value>
<status status="PASS" starttime="20230924 10:01:02.501" endtime="20230924 10:01:02.501"/>
</return>
<msg timestamp="20230924 10:01:02.502" level="INFO">${data} = {'user': {'firstName': 'Luisa', 'lastName': 'Mendes', 'email': 'luisa@email.com', 'cpf': '07191871091', 'phone': '+5511999888777', 'password': 'senha789', 'confirmPassword': 'senha789'}}</msg>
<status status="PASS" starttime="20230924 10:01:02.500" endtime="20230924 10:01:02.502"/>
</kw>
<kw name="Remove user from database" library="database">
<arg>email</arg>
<arg>${data}[user][email]</arg>
<status status="PASS" starttime="20230924 10:01:02.502" endtime="20230924 10:01:02.505"/>
</kw>
<kw name="Insert user into database" library="database">
<arg>${data}[user]</arg>
<status status="PASS" starttime="20230924 10:01:02.505" endtime="20230924 10:01:02.564"/>
</kw>
<kw name="Do login" library="UserController">
<arg>${data}[user]</arg>
<kw name="Create Dictionary" library="BuiltIn">
<var>${body}</var>
<arg>email=${user}[email]</arg>
<arg>password=${user}[password]</arg>
<doc>Creates and returns a dictionary based on the given ``items``.</doc>
<msg timestamp="20230924 10:01:02.565" level="INFO">${body} = {'email': 'luisa@email.com', 'password': 'senha789'}</msg>
<status status="PASS" starttime="20230924 10:01:02.564" endtime="20230924 10:01:02.565"/>
</kw>
<kw name="POST" library="RequestsLibrary">
<var>${response}</var>
<arg>url=${url}/login</arg>
<arg>json=${body}</arg>
<arg>expected_status=201</arg>
<doc>Sends a POST request.</doc>
<msg timestamp="20230924 10:01:02.630" level="INFO">POST Request : url=http://localhost:8000/login 
 path_url=/login 
 headers={'User-Agent': 'python-requests/2.31.0', 'Accept-Encoding': 'gzip, deflate', 'Accept': '*/*', 'Connection': 'keep-alive', 'Content-Length': '52', 'Content-Type': 'application/json'} 
 body=b'{"email": "luisa@email.com", "password": "senha789"}' 
 </msg>
<msg timestamp="20230924 10:01:02.630" level="INFO">POST Response : url=http://localhost:8000/login 
 status=201, reason=Created 
 headers={'X-Powered-By': 'Express', 'Access-Control-Allow-Origin': '*', 'Content-Type': 'application/json; charset=utf-8', 'Content-Length': '281', 'ETag': 'W/"119-JNdiERG11mzyeDOfDjjH518fIXg"', 'Date': 'Sun, 24 Sep 2023 13:01:02 GMT', 'Connection': 'keep-alive', 'Keep-Alive': 'timeout=5'} 
 body={"user":{"id":330,"firstName":"Luisa","lastName":"Mendes","email":"luisa@email.com","cpf":"07191871091","phone":"+5511999888777"},"token":"eyJhbGciOiJIUzI1NiIsInR5cCI6IkpXVCJ9.eyJpZCI6MzMwLCJpYXQiOjE2OTU1NjA0NjIsImV4cCI6MTY5NTU4OTI2Mn0.gp0XYJfjPKY2YKrykcbfMa6AN5OCni9AQ44eXCVjhZc"} 
 </msg>
<msg timestamp="20230924 10:01:02.630" level="INFO">${response} = &lt;Response [201]&gt;</msg>
<status status="PASS" starttime="20230924 10:01:02.565" endtime="20230924 10:01:02.630"/>
</kw>
<kw name="Set Variable" library="BuiltIn">
<var>${token}</var>
<arg>${response.json()}[token]</arg>
<doc>Returns the given values which can then be assigned to a variables.</doc>
<msg timestamp="20230924 10:01:02.630" level="INFO">${token} = eyJhbGciOiJIUzI1NiIsInR5cCI6IkpXVCJ9.eyJpZCI6MzMwLCJpYXQiOjE2OTU1NjA0NjIsImV4cCI6MTY5NTU4OTI2Mn0.gp0XYJfjPKY2YKrykcbfMa6AN5OCni9AQ44eXCVjhZc</msg>
<status status="PASS" starttime="20230924 10:01:02.630" endtime="20230924 10:01:02.630"/>
</kw>
<kw name="Set Test Variable" library="BuiltIn">
<arg>${token}</arg>
<doc>Makes a variable available everywhere within the scope of the current test.</doc>
<msg timestamp="20230924 10:01:02.630" level="INFO">${token} = eyJhbGciOiJIUzI1NiIsInR5cCI6IkpXVCJ9.eyJpZCI6MzMwLCJpYXQiOjE2OTU1NjA0NjIsImV4cCI6MTY5NTU4OTI2Mn0.gp0XYJfjPKY2YKrykcbfMa6AN5OCni9AQ44eXCVjhZc</msg>
<status status="PASS" starttime="20230924 10:01:02.630" endtime="20230924 10:01:02.630"/>
</kw>
<status status="PASS" starttime="20230924 10:01:02.564" endtime="20230924 10:01:02.630"/>
</kw>
<kw name="Delete user" library="UserController">
<arg>204</arg>
<kw name="Create Dictionary" library="BuiltIn">
<var>${headers}</var>
<arg>Authorization=Bearer ${token}</arg>
<doc>Creates and returns a dictionary based on the given ``items``.</doc>
<msg timestamp="20230924 10:01:02.634" level="INFO">${headers} = {'Authorization': 'Bearer eyJhbGciOiJIUzI1NiIsInR5cCI6IkpXVCJ9.eyJpZCI6MzMwLCJpYXQiOjE2OTU1NjA0NjIsImV4cCI6MTY5NTU4OTI2Mn0.gp0XYJfjPKY2YKrykcbfMa6AN5OCni9AQ44eXCVjhZc'}</msg>
<status status="PASS" starttime="20230924 10:01:02.634" endtime="20230924 10:01:02.634"/>
</kw>
<kw name="DELETE" library="RequestsLibrary">
<arg>url=${url}/user</arg>
<arg>headers=${headers}</arg>
<arg>expected_status=${status}</arg>
<doc>Sends a DELETE request.</doc>
<msg timestamp="20230924 10:01:02.643" level="INFO">DELETE Request : url=http://localhost:8000/user 
 path_url=/user 
 headers={'User-Agent': 'python-requests/2.31.0', 'Accept-Encoding': 'gzip, deflate', 'Accept': '*/*', 'Connection': 'keep-alive', 'Authorization': 'Bearer eyJhbGciOiJIUzI1NiIsInR5cCI6IkpXVCJ9.eyJpZCI6MzMwLCJpYXQiOjE2OTU1NjA0NjIsImV4cCI6MTY5NTU4OTI2Mn0.gp0XYJfjPKY2YKrykcbfMa6AN5OCni9AQ44eXCVjhZc', 'Content-Length': '0'} 
 body=None 
 </msg>
<msg timestamp="20230924 10:01:02.643" level="INFO">DELETE Response : url=http://localhost:8000/user 
 status=204, reason=No Content 
 headers={'X-Powered-By': 'Express', 'Access-Control-Allow-Origin': '*', 'Date': 'Sun, 24 Sep 2023 13:01:02 GMT', 'Connection': 'keep-alive', 'Keep-Alive': 'timeout=5'} 
 body=None 
 </msg>
<status status="PASS" starttime="20230924 10:01:02.634" endtime="20230924 10:01:02.643"/>
</kw>
<status status="PASS" starttime="20230924 10:01:02.634" endtime="20230924 10:01:02.643"/>
</kw>
<tag>success</tag>
<status status="PASS" starttime="20230924 10:01:02.500" endtime="20230924 10:01:02.643"/>
</test>
<status status="PASS" starttime="20230924 10:01:02.125" endtime="20230924 10:01:02.646"/>
</suite>
<suite id="s1-s2" name="Detail" source="C:\Users\rafac\Desktop\testAPI\tests\user\detail.robot">
<test id="s1-s2-t1" name="Must be able to get user data" line="7">
<kw name="Get data" library="main">
<var>${data}</var>
<arg>user</arg>
<arg>login</arg>
<kw name="Load Json From File" library="JSONLibrary">
<var>${data}</var>
<arg>${EXECDIR}/resources/json/${fileName}.json</arg>
<arg>encoding=utf-8</arg>
<doc>Load JSON from file.</doc>
<msg timestamp="20230924 10:01:02.657" level="INFO">${data} = {'register': {'user': {'firstName': 'João', 'lastName': 'Silva', 'email': 'joao@email.com', 'cpf': '84769371055', 'phone': '+5511987654321', 'password': 'senha123', 'confirmPassword': 'senha123'}, 'us...</msg>
<status status="PASS" starttime="20230924 10:01:02.657" endtime="20230924 10:01:02.657"/>
</kw>
<return>
<value>${data}[${scenario}]</value>
<status status="PASS" starttime="20230924 10:01:02.657" endtime="20230924 10:01:02.658"/>
</return>
<msg timestamp="20230924 10:01:02.658" level="INFO">${data} = {'user': {'firstName': 'Maria', 'lastName': 'Santos', 'email': 'maria@email.com', 'cpf': '98034727040', 'phone': '+5511888888888', 'password': 'senha456', 'confirmPassword': 'senha456'}}</msg>
<status status="PASS" starttime="20230924 10:01:02.657" endtime="20230924 10:01:02.658"/>
</kw>
<kw name="Do login" library="UserController">
<arg>${data}[user]</arg>
<kw name="Create Dictionary" library="BuiltIn">
<var>${body}</var>
<arg>email=${user}[email]</arg>
<arg>password=${user}[password]</arg>
<doc>Creates and returns a dictionary based on the given ``items``.</doc>
<msg timestamp="20230924 10:01:02.659" level="INFO">${body} = {'email': 'maria@email.com', 'password': 'senha456'}</msg>
<status status="PASS" starttime="20230924 10:01:02.659" endtime="20230924 10:01:02.659"/>
</kw>
<kw name="POST" library="RequestsLibrary">
<var>${response}</var>
<arg>url=${url}/login</arg>
<arg>json=${body}</arg>
<arg>expected_status=201</arg>
<doc>Sends a POST request.</doc>
<msg timestamp="20230924 10:01:02.717" level="INFO">POST Request : url=http://localhost:8000/login 
 path_url=/login 
 headers={'User-Agent': 'python-requests/2.31.0', 'Accept-Encoding': 'gzip, deflate', 'Accept': '*/*', 'Connection': 'keep-alive', 'Content-Length': '52', 'Content-Type': 'application/json'} 
 body=b'{"email": "maria@email.com", "password": "senha456"}' 
 </msg>
<msg timestamp="20230924 10:01:02.717" level="INFO">POST Response : url=http://localhost:8000/login 
 status=201, reason=Created 
 headers={'X-Powered-By': 'Express', 'Access-Control-Allow-Origin': '*', 'Content-Type': 'application/json; charset=utf-8', 'Content-Length': '281', 'ETag': 'W/"119-HTpDwq8E69Eub4vS6OvU9z+2j4c"', 'Date': 'Sun, 24 Sep 2023 13:01:02 GMT', 'Connection': 'keep-alive', 'Keep-Alive': 'timeout=5'} 
 body={"user":{"id":313,"firstName":"Maria","lastName":"Santos","email":"maria@email.com","cpf":"98034727040","phone":"+5511888888888"},"token":"eyJhbGciOiJIUzI1NiIsInR5cCI6IkpXVCJ9.eyJpZCI6MzEzLCJpYXQiOjE2OTU1NjA0NjIsImV4cCI6MTY5NTU4OTI2Mn0.jl6U58UtK6ol5gd8Q4JSA9XBpNiCSutV3GQpt6552Q4"} 
 </msg>
<msg timestamp="20230924 10:01:02.717" level="INFO">${response} = &lt;Response [201]&gt;</msg>
<status status="PASS" starttime="20230924 10:01:02.659" endtime="20230924 10:01:02.717"/>
</kw>
<kw name="Set Variable" library="BuiltIn">
<var>${token}</var>
<arg>${response.json()}[token]</arg>
<doc>Returns the given values which can then be assigned to a variables.</doc>
<msg timestamp="20230924 10:01:02.725" level="INFO">${token} = eyJhbGciOiJIUzI1NiIsInR5cCI6IkpXVCJ9.eyJpZCI6MzEzLCJpYXQiOjE2OTU1NjA0NjIsImV4cCI6MTY5NTU4OTI2Mn0.jl6U58UtK6ol5gd8Q4JSA9XBpNiCSutV3GQpt6552Q4</msg>
<status status="PASS" starttime="20230924 10:01:02.725" endtime="20230924 10:01:02.725"/>
</kw>
<kw name="Set Test Variable" library="BuiltIn">
<arg>${token}</arg>
<doc>Makes a variable available everywhere within the scope of the current test.</doc>
<msg timestamp="20230924 10:01:02.725" level="INFO">${token} = eyJhbGciOiJIUzI1NiIsInR5cCI6IkpXVCJ9.eyJpZCI6MzEzLCJpYXQiOjE2OTU1NjA0NjIsImV4cCI6MTY5NTU4OTI2Mn0.jl6U58UtK6ol5gd8Q4JSA9XBpNiCSutV3GQpt6552Q4</msg>
<status status="PASS" starttime="20230924 10:01:02.725" endtime="20230924 10:01:02.725"/>
</kw>
<status status="PASS" starttime="20230924 10:01:02.658" endtime="20230924 10:01:02.725"/>
</kw>
<kw name="Detail user" library="UserController">
<arg>200</arg>
<kw name="Create Dictionary" library="BuiltIn">
<var>${headers}</var>
<arg>Authorization=Bearer ${token}</arg>
<doc>Creates and returns a dictionary based on the given ``items``.</doc>
<msg timestamp="20230924 10:01:02.727" level="INFO">${headers} = {'Authorization': 'Bearer eyJhbGciOiJIUzI1NiIsInR5cCI6IkpXVCJ9.eyJpZCI6MzEzLCJpYXQiOjE2OTU1NjA0NjIsImV4cCI6MTY5NTU4OTI2Mn0.jl6U58UtK6ol5gd8Q4JSA9XBpNiCSutV3GQpt6552Q4'}</msg>
<status status="PASS" starttime="20230924 10:01:02.726" endtime="20230924 10:01:02.727"/>
</kw>
<kw name="GET" library="RequestsLibrary">
<arg>url=${url}/user</arg>
<arg>headers=${headers}</arg>
<arg>expected_status=${status}</arg>
<doc>Sends a GET request.</doc>
<msg timestamp="20230924 10:01:02.733" level="INFO">GET Request : url=http://localhost:8000/user 
 path_url=/user 
 headers={'User-Agent': 'python-requests/2.31.0', 'Accept-Encoding': 'gzip, deflate', 'Accept': '*/*', 'Connection': 'keep-alive', 'Authorization': 'Bearer eyJhbGciOiJIUzI1NiIsInR5cCI6IkpXVCJ9.eyJpZCI6MzEzLCJpYXQiOjE2OTU1NjA0NjIsImV4cCI6MTY5NTU4OTI2Mn0.jl6U58UtK6ol5gd8Q4JSA9XBpNiCSutV3GQpt6552Q4'} 
 body=None 
 </msg>
<msg timestamp="20230924 10:01:02.733" level="INFO">GET Response : url=http://localhost:8000/user 
 status=200, reason=OK 
 headers={'X-Powered-By': 'Express', 'Access-Control-Allow-Origin': '*', 'Content-Type': 'application/json; charset=utf-8', 'Content-Length': '121', 'ETag': 'W/"79-lTnFZwOq1EgMtbdEwOpCrdQY3Sw"', 'Date': 'Sun, 24 Sep 2023 13:01:02 GMT', 'Connection': 'keep-alive', 'Keep-Alive': 'timeout=5'} 
 body={"id":313,"firstName":"Maria","lastName":"Santos","email":"maria@email.com","cpf":"98034727040","phone":"+5511888888888"} 
 </msg>
<status status="PASS" starttime="20230924 10:01:02.727" endtime="20230924 10:01:02.733"/>
</kw>
<status status="PASS" starttime="20230924 10:01:02.726" endtime="20230924 10:01:02.733"/>
</kw>
<tag>success</tag>
<status status="PASS" starttime="20230924 10:01:02.656" endtime="20230924 10:01:02.733"/>
</test>
<status status="PASS" starttime="20230924 10:01:02.647" endtime="20230924 10:01:02.735"/>
</suite>
<suite id="s1-s3" name="Login" source="C:\Users\rafac\Desktop\testAPI\tests\user\login.robot">
<test id="s1-s3-t1" name="Must be able to log in with a pre-registered user" line="7">
<kw name="Get data" library="main">
<var>${data}</var>
<arg>user</arg>
<arg>login</arg>
<kw name="Load Json From File" library="JSONLibrary">
<var>${data}</var>
<arg>${EXECDIR}/resources/json/${fileName}.json</arg>
<arg>encoding=utf-8</arg>
<doc>Load JSON from file.</doc>
<msg timestamp="20230924 10:01:02.747" level="INFO">${data} = {'register': {'user': {'firstName': 'João', 'lastName': 'Silva', 'email': 'joao@email.com', 'cpf': '84769371055', 'phone': '+5511987654321', 'password': 'senha123', 'confirmPassword': 'senha123'}, 'us...</msg>
<status status="PASS" starttime="20230924 10:01:02.746" endtime="20230924 10:01:02.747"/>
</kw>
<return>
<value>${data}[${scenario}]</value>
<status status="PASS" starttime="20230924 10:01:02.747" endtime="20230924 10:01:02.747"/>
</return>
<msg timestamp="20230924 10:01:02.747" level="INFO">${data} = {'user': {'firstName': 'Maria', 'lastName': 'Santos', 'email': 'maria@email.com', 'cpf': '98034727040', 'phone': '+5511888888888', 'password': 'senha456', 'confirmPassword': 'senha456'}}</msg>
<status status="PASS" starttime="20230924 10:01:02.745" endtime="20230924 10:01:02.747"/>
</kw>
<kw name="Remove user from database" library="database">
<arg>email</arg>
<arg>${data}[user][email]</arg>
<status status="PASS" starttime="20230924 10:01:02.747" endtime="20230924 10:01:02.751"/>
</kw>
<kw name="Insert user into database" library="database">
<arg>${data}[user]</arg>
<status status="PASS" starttime="20230924 10:01:02.751" endtime="20230924 10:01:02.811"/>
</kw>
<kw name="Do login" library="UserController">
<arg>${data}[user]</arg>
<kw name="Create Dictionary" library="BuiltIn">
<var>${body}</var>
<arg>email=${user}[email]</arg>
<arg>password=${user}[password]</arg>
<doc>Creates and returns a dictionary based on the given ``items``.</doc>
<msg timestamp="20230924 10:01:02.813" level="INFO">${body} = {'email': 'maria@email.com', 'password': 'senha456'}</msg>
<status status="PASS" starttime="20230924 10:01:02.813" endtime="20230924 10:01:02.813"/>
</kw>
<kw name="POST" library="RequestsLibrary">
<var>${response}</var>
<arg>url=${url}/login</arg>
<arg>json=${body}</arg>
<arg>expected_status=201</arg>
<doc>Sends a POST request.</doc>
<msg timestamp="20230924 10:01:02.865" level="INFO">POST Request : url=http://localhost:8000/login 
 path_url=/login 
 headers={'User-Agent': 'python-requests/2.31.0', 'Accept-Encoding': 'gzip, deflate', 'Accept': '*/*', 'Connection': 'keep-alive', 'Content-Length': '52', 'Content-Type': 'application/json'} 
 body=b'{"email": "maria@email.com", "password": "senha456"}' 
 </msg>
<msg timestamp="20230924 10:01:02.876" level="INFO">POST Response : url=http://localhost:8000/login 
 status=201, reason=Created 
 headers={'X-Powered-By': 'Express', 'Access-Control-Allow-Origin': '*', 'Content-Type': 'application/json; charset=utf-8', 'Content-Length': '281', 'ETag': 'W/"119-DsHYV9az58L40zBI+pFXrk9kt1E"', 'Date': 'Sun, 24 Sep 2023 13:01:02 GMT', 'Connection': 'keep-alive', 'Keep-Alive': 'timeout=5'} 
 body={"user":{"id":331,"firstName":"Maria","lastName":"Santos","email":"maria@email.com","cpf":"98034727040","phone":"+5511888888888"},"token":"eyJhbGciOiJIUzI1NiIsInR5cCI6IkpXVCJ9.eyJpZCI6MzMxLCJpYXQiOjE2OTU1NjA0NjIsImV4cCI6MTY5NTU4OTI2Mn0.vNKWGQSLnsGyeODf2Q3nQxUsDq_Lw4vNrwXF3159PyA"} 
 </msg>
<msg timestamp="20230924 10:01:02.876" level="INFO">${response} = &lt;Response [201]&gt;</msg>
<status status="PASS" starttime="20230924 10:01:02.813" endtime="20230924 10:01:02.876"/>
</kw>
<kw name="Set Variable" library="BuiltIn">
<var>${token}</var>
<arg>${response.json()}[token]</arg>
<doc>Returns the given values which can then be assigned to a variables.</doc>
<msg timestamp="20230924 10:01:02.877" level="INFO">${token} = eyJhbGciOiJIUzI1NiIsInR5cCI6IkpXVCJ9.eyJpZCI6MzMxLCJpYXQiOjE2OTU1NjA0NjIsImV4cCI6MTY5NTU4OTI2Mn0.vNKWGQSLnsGyeODf2Q3nQxUsDq_Lw4vNrwXF3159PyA</msg>
<status status="PASS" starttime="20230924 10:01:02.876" endtime="20230924 10:01:02.877"/>
</kw>
<kw name="Set Test Variable" library="BuiltIn">
<arg>${token}</arg>
<doc>Makes a variable available everywhere within the scope of the current test.</doc>
<msg timestamp="20230924 10:01:02.878" level="INFO">${token} = eyJhbGciOiJIUzI1NiIsInR5cCI6IkpXVCJ9.eyJpZCI6MzMxLCJpYXQiOjE2OTU1NjA0NjIsImV4cCI6MTY5NTU4OTI2Mn0.vNKWGQSLnsGyeODf2Q3nQxUsDq_Lw4vNrwXF3159PyA</msg>
<status status="PASS" starttime="20230924 10:01:02.877" endtime="20230924 10:01:02.878"/>
</kw>
<status status="PASS" starttime="20230924 10:01:02.812" endtime="20230924 10:01:02.879"/>
</kw>
<tag>success</tag>
<status status="PASS" starttime="20230924 10:01:02.744" endtime="20230924 10:01:02.880"/>
</test>
<test id="s1-s3-t2" name="Should not be able to log in with an unregistered email" line="17">
<kw name="Get data" library="main">
<var>${data}</var>
<arg>user</arg>
<arg>login</arg>
<kw name="Load Json From File" library="JSONLibrary">
<var>${data}</var>
<arg>${EXECDIR}/resources/json/${fileName}.json</arg>
<arg>encoding=utf-8</arg>
<doc>Load JSON from file.</doc>
<msg timestamp="20230924 10:01:02.882" level="INFO">${data} = {'register': {'user': {'firstName': 'João', 'lastName': 'Silva', 'email': 'joao@email.com', 'cpf': '84769371055', 'phone': '+5511987654321', 'password': 'senha123', 'confirmPassword': 'senha123'}, 'us...</msg>
<status status="PASS" starttime="20230924 10:01:02.882" endtime="20230924 10:01:02.882"/>
</kw>
<return>
<value>${data}[${scenario}]</value>
<status status="PASS" starttime="20230924 10:01:02.882" endtime="20230924 10:01:02.882"/>
</return>
<msg timestamp="20230924 10:01:02.883" level="INFO">${data} = {'user': {'firstName': 'Maria', 'lastName': 'Santos', 'email': 'maria@email.com', 'cpf': '98034727040', 'phone': '+5511888888888', 'password': 'senha456', 'confirmPassword': 'senha456'}}</msg>
<status status="PASS" starttime="20230924 10:01:02.882" endtime="20230924 10:01:02.883"/>
</kw>
<kw name="Change field value" library="main">
<var>${user}</var>
<arg>${data}</arg>
<arg>email</arg>
<arg>email@email.com</arg>
<kw name="Copy Dictionary" library="Collections">
<var>${user}</var>
<arg>${data}[user]</arg>
<doc>Returns a copy of the given dictionary.</doc>
<msg timestamp="20230924 10:01:02.883" level="INFO">${user} = {'firstName': 'Maria', 'lastName': 'Santos', 'email': 'maria@email.com', 'cpf': '98034727040', 'phone': '+5511888888888', 'password': 'senha456', 'confirmPassword': 'senha456'}</msg>
<status status="PASS" starttime="20230924 10:01:02.883" endtime="20230924 10:01:02.883"/>
</kw>
<kw name="Set To Dictionary" library="Collections">
<arg>${user}</arg>
<arg>${field_name}=${field_value}</arg>
<doc>Adds the given ``key_value_pairs`` and/or ``items`` to the ``dictionary``.</doc>
<status status="PASS" starttime="20230924 10:01:02.883" endtime="20230924 10:01:02.883"/>
</kw>
<return>
<value>${user}</value>
<status status="PASS" starttime="20230924 10:01:02.883" endtime="20230924 10:01:02.883"/>
</return>
<msg timestamp="20230924 10:01:02.883" level="INFO">${user} = {'firstName': 'Maria', 'lastName': 'Santos', 'email': 'email@email.com', 'cpf': '98034727040', 'phone': '+5511888888888', 'password': 'senha456', 'confirmPassword': 'senha456'}</msg>
<status status="PASS" starttime="20230924 10:01:02.883" endtime="20230924 10:01:02.884"/>
</kw>
<kw name="Remove user from database" library="database">
<arg>email</arg>
<arg>${user}[email]</arg>
<status status="PASS" starttime="20230924 10:01:02.884" endtime="20230924 10:01:02.884"/>
</kw>
<kw name="Do login error" library="UserController">
<arg>${user}</arg>
<arg>400</arg>
<arg>E-mail ou Senha inválidos.</arg>
<kw name="Create Dictionary" library="BuiltIn">
<var>${body}</var>
<arg>email=${user}[email]</arg>
<arg>password=${user}[password]</arg>
<doc>Creates and returns a dictionary based on the given ``items``.</doc>
<msg timestamp="20230924 10:01:02.885" level="INFO">${body} = {'email': 'email@email.com', 'password': 'senha456'}</msg>
<status status="PASS" starttime="20230924 10:01:02.885" endtime="20230924 10:01:02.885"/>
</kw>
<kw name="POST" library="RequestsLibrary">
<var>${response}</var>
<arg>url=${url}/login</arg>
<arg>json=${body}</arg>
<arg>expected_status=${status}</arg>
<doc>Sends a POST request.</doc>
<msg timestamp="20230924 10:01:02.890" level="INFO">POST Request : url=http://localhost:8000/login 
 path_url=/login 
 headers={'User-Agent': 'python-requests/2.31.0', 'Accept-Encoding': 'gzip, deflate', 'Accept': '*/*', 'Connection': 'keep-alive', 'Content-Length': '52', 'Content-Type': 'application/json'} 
 body=b'{"email": "email@email.com", "password": "senha456"}' 
 </msg>
<msg timestamp="20230924 10:01:02.890" level="INFO">POST Response : url=http://localhost:8000/login 
 status=400, reason=Bad Request 
 headers={'X-Powered-By': 'Express', 'Access-Control-Allow-Origin': '*', 'Content-Type': 'application/json; charset=utf-8', 'Content-Length': '65', 'ETag': 'W/"41-wGe79/sHPxaiRXshzZ5UYhLGJLQ"', 'Date': 'Sun, 24 Sep 2023 13:01:02 GMT', 'Connection': 'keep-alive', 'Keep-Alive': 'timeout=5'} 
 body={"error":{"type":"data","message":"E-mail ou Senha inválidos."}} 
 </msg>
<msg timestamp="20230924 10:01:02.890" level="INFO">${response} = &lt;Response [400]&gt;</msg>
<status status="PASS" starttime="20230924 10:01:02.885" endtime="20230924 10:01:02.890"/>
</kw>
<kw name="Set Variable" library="BuiltIn">
<var>${message}</var>
<arg>${response.json()}[error][message]</arg>
<doc>Returns the given values which can then be assigned to a variables.</doc>
<msg timestamp="20230924 10:01:02.891" level="INFO">${message} = E-mail ou Senha inválidos.</msg>
<status status="PASS" starttime="20230924 10:01:02.890" endtime="20230924 10:01:02.891"/>
</kw>
<kw name="Should Be Equal As Strings" library="BuiltIn">
<arg>${message}</arg>
<arg>${expectedMessage}</arg>
<doc>Fails if objects are unequal after converting them to strings.</doc>
<status status="PASS" starttime="20230924 10:01:02.891" endtime="20230924 10:01:02.891"/>
</kw>
<status status="PASS" starttime="20230924 10:01:02.885" endtime="20230924 10:01:02.891"/>
</kw>
<tag>error</tag>
<tag>unregistered_email</tag>
<status status="PASS" starttime="20230924 10:01:02.881" endtime="20230924 10:01:02.891"/>
</test>
<test id="s1-s3-t3" name="Should not be able to log in with an invalid email" line="26">
<kw name="Get data" library="main">
<var>${data}</var>
<arg>user</arg>
<arg>login</arg>
<kw name="Load Json From File" library="JSONLibrary">
<var>${data}</var>
<arg>${EXECDIR}/resources/json/${fileName}.json</arg>
<arg>encoding=utf-8</arg>
<doc>Load JSON from file.</doc>
<msg timestamp="20230924 10:01:02.895" level="INFO">${data} = {'register': {'user': {'firstName': 'João', 'lastName': 'Silva', 'email': 'joao@email.com', 'cpf': '84769371055', 'phone': '+5511987654321', 'password': 'senha123', 'confirmPassword': 'senha123'}, 'us...</msg>
<status status="PASS" starttime="20230924 10:01:02.894" endtime="20230924 10:01:02.895"/>
</kw>
<return>
<value>${data}[${scenario}]</value>
<status status="PASS" starttime="20230924 10:01:02.895" endtime="20230924 10:01:02.895"/>
</return>
<msg timestamp="20230924 10:01:02.895" level="INFO">${data} = {'user': {'firstName': 'Maria', 'lastName': 'Santos', 'email': 'maria@email.com', 'cpf': '98034727040', 'phone': '+5511888888888', 'password': 'senha456', 'confirmPassword': 'senha456'}}</msg>
<status status="PASS" starttime="20230924 10:01:02.894" endtime="20230924 10:01:02.895"/>
</kw>
<kw name="Change field value" library="main">
<var>${user}</var>
<arg>${data}</arg>
<arg>email</arg>
<arg>email@email</arg>
<kw name="Copy Dictionary" library="Collections">
<var>${user}</var>
<arg>${data}[user]</arg>
<doc>Returns a copy of the given dictionary.</doc>
<msg timestamp="20230924 10:01:02.896" level="INFO">${user} = {'firstName': 'Maria', 'lastName': 'Santos', 'email': 'maria@email.com', 'cpf': '98034727040', 'phone': '+5511888888888', 'password': 'senha456', 'confirmPassword': 'senha456'}</msg>
<status status="PASS" starttime="20230924 10:01:02.896" endtime="20230924 10:01:02.896"/>
</kw>
<kw name="Set To Dictionary" library="Collections">
<arg>${user}</arg>
<arg>${field_name}=${field_value}</arg>
<doc>Adds the given ``key_value_pairs`` and/or ``items`` to the ``dictionary``.</doc>
<status status="PASS" starttime="20230924 10:01:02.896" endtime="20230924 10:01:02.896"/>
</kw>
<return>
<value>${user}</value>
<status status="PASS" starttime="20230924 10:01:02.896" endtime="20230924 10:01:02.896"/>
</return>
<msg timestamp="20230924 10:01:02.897" level="INFO">${user} = {'firstName': 'Maria', 'lastName': 'Santos', 'email': 'email@email', 'cpf': '98034727040', 'phone': '+5511888888888', 'password': 'senha456', 'confirmPassword': 'senha456'}</msg>
<status status="PASS" starttime="20230924 10:01:02.896" endtime="20230924 10:01:02.897"/>
</kw>
<kw name="Remove user from database" library="database">
<arg>email</arg>
<arg>${user}[email]</arg>
<status status="PASS" starttime="20230924 10:01:02.897" endtime="20230924 10:01:02.898"/>
</kw>
<kw name="Do login error" library="UserController">
<arg>${user}</arg>
<arg>400</arg>
<arg>O Email precisa ser válido.</arg>
<kw name="Create Dictionary" library="BuiltIn">
<var>${body}</var>
<arg>email=${user}[email]</arg>
<arg>password=${user}[password]</arg>
<doc>Creates and returns a dictionary based on the given ``items``.</doc>
<msg timestamp="20230924 10:01:02.901" level="INFO">${body} = {'email': 'email@email', 'password': 'senha456'}</msg>
<status status="PASS" starttime="20230924 10:01:02.901" endtime="20230924 10:01:02.901"/>
</kw>
<kw name="POST" library="RequestsLibrary">
<var>${response}</var>
<arg>url=${url}/login</arg>
<arg>json=${body}</arg>
<arg>expected_status=${status}</arg>
<doc>Sends a POST request.</doc>
<msg timestamp="20230924 10:01:02.904" level="INFO">POST Request : url=http://localhost:8000/login 
 path_url=/login 
 headers={'User-Agent': 'python-requests/2.31.0', 'Accept-Encoding': 'gzip, deflate', 'Accept': '*/*', 'Connection': 'keep-alive', 'Content-Length': '48', 'Content-Type': 'application/json'} 
 body=b'{"email": "email@email", "password": "senha456"}' 
 </msg>
<msg timestamp="20230924 10:01:02.904" level="INFO">POST Response : url=http://localhost:8000/login 
 status=400, reason=Bad Request 
 headers={'X-Powered-By': 'Express', 'Access-Control-Allow-Origin': '*', 'Content-Type': 'application/json; charset=utf-8', 'Content-Length': '67', 'ETag': 'W/"43-2E/R/XhRVFgzs73h7I91W9YwMLo"', 'Date': 'Sun, 24 Sep 2023 13:01:02 GMT', 'Connection': 'keep-alive', 'Keep-Alive': 'timeout=5'} 
 body={"error":{"type":"email","message":"O Email precisa ser válido."}} 
 </msg>
<msg timestamp="20230924 10:01:02.904" level="INFO">${response} = &lt;Response [400]&gt;</msg>
<status status="PASS" starttime="20230924 10:01:02.901" endtime="20230924 10:01:02.904"/>
</kw>
<kw name="Set Variable" library="BuiltIn">
<var>${message}</var>
<arg>${response.json()}[error][message]</arg>
<doc>Returns the given values which can then be assigned to a variables.</doc>
<msg timestamp="20230924 10:01:02.905" level="INFO">${message} = O Email precisa ser válido.</msg>
<status status="PASS" starttime="20230924 10:01:02.905" endtime="20230924 10:01:02.905"/>
</kw>
<kw name="Should Be Equal As Strings" library="BuiltIn">
<arg>${message}</arg>
<arg>${expectedMessage}</arg>
<doc>Fails if objects are unequal after converting them to strings.</doc>
<status status="PASS" starttime="20230924 10:01:02.905" endtime="20230924 10:01:02.905"/>
</kw>
<status status="PASS" starttime="20230924 10:01:02.898" endtime="20230924 10:01:02.905"/>
</kw>
<tag>error</tag>
<tag>invalid_email</tag>
<status status="PASS" starttime="20230924 10:01:02.893" endtime="20230924 10:01:02.905"/>
</test>
<test id="s1-s3-t4" name="Should not be able to log in with an incorrect password" line="35">
<kw name="Get data" library="main">
<var>${data}</var>
<arg>user</arg>
<arg>login</arg>
<kw name="Load Json From File" library="JSONLibrary">
<var>${data}</var>
<arg>${EXECDIR}/resources/json/${fileName}.json</arg>
<arg>encoding=utf-8</arg>
<doc>Load JSON from file.</doc>
<msg timestamp="20230924 10:01:02.908" level="INFO">${data} = {'register': {'user': {'firstName': 'João', 'lastName': 'Silva', 'email': 'joao@email.com', 'cpf': '84769371055', 'phone': '+5511987654321', 'password': 'senha123', 'confirmPassword': 'senha123'}, 'us...</msg>
<status status="PASS" starttime="20230924 10:01:02.907" endtime="20230924 10:01:02.908"/>
</kw>
<return>
<value>${data}[${scenario}]</value>
<status status="PASS" starttime="20230924 10:01:02.908" endtime="20230924 10:01:02.908"/>
</return>
<msg timestamp="20230924 10:01:02.908" level="INFO">${data} = {'user': {'firstName': 'Maria', 'lastName': 'Santos', 'email': 'maria@email.com', 'cpf': '98034727040', 'phone': '+5511888888888', 'password': 'senha456', 'confirmPassword': 'senha456'}}</msg>
<status status="PASS" starttime="20230924 10:01:02.907" endtime="20230924 10:01:02.908"/>
</kw>
<kw name="Remove user from database" library="database">
<arg>email</arg>
<arg>${data}[user][email]</arg>
<status status="PASS" starttime="20230924 10:01:02.909" endtime="20230924 10:01:02.911"/>
</kw>
<kw name="Insert user into database" library="database">
<arg>${data}[user]</arg>
<status status="PASS" starttime="20230924 10:01:02.912" endtime="20230924 10:01:02.972"/>
</kw>
<kw name="Change field value" library="main">
<var>${user}</var>
<arg>${data}</arg>
<arg>password</arg>
<arg>senha1234</arg>
<kw name="Copy Dictionary" library="Collections">
<var>${user}</var>
<arg>${data}[user]</arg>
<doc>Returns a copy of the given dictionary.</doc>
<msg timestamp="20230924 10:01:02.973" level="INFO">${user} = {'firstName': 'Maria', 'lastName': 'Santos', 'email': 'maria@email.com', 'cpf': '98034727040', 'phone': '+5511888888888', 'password': 'senha456', 'confirmPassword': 'senha456'}</msg>
<status status="PASS" starttime="20230924 10:01:02.973" endtime="20230924 10:01:02.973"/>
</kw>
<kw name="Set To Dictionary" library="Collections">
<arg>${user}</arg>
<arg>${field_name}=${field_value}</arg>
<doc>Adds the given ``key_value_pairs`` and/or ``items`` to the ``dictionary``.</doc>
<status status="PASS" starttime="20230924 10:01:02.973" endtime="20230924 10:01:02.973"/>
</kw>
<return>
<value>${user}</value>
<status status="PASS" starttime="20230924 10:01:02.973" endtime="20230924 10:01:02.974"/>
</return>
<msg timestamp="20230924 10:01:02.974" level="INFO">${user} = {'firstName': 'Maria', 'lastName': 'Santos', 'email': 'maria@email.com', 'cpf': '98034727040', 'phone': '+5511888888888', 'password': 'senha1234', 'confirmPassword': 'senha456'}</msg>
<status status="PASS" starttime="20230924 10:01:02.973" endtime="20230924 10:01:02.974"/>
</kw>
<kw name="Do login error" library="UserController">
<arg>${user}</arg>
<arg>400</arg>
<arg>E-mail ou Senha inválidos.</arg>
<kw name="Create Dictionary" library="BuiltIn">
<var>${body}</var>
<arg>email=${user}[email]</arg>
<arg>password=${user}[password]</arg>
<doc>Creates and returns a dictionary based on the given ``items``.</doc>
<msg timestamp="20230924 10:01:02.974" level="INFO">${body} = {'email': 'maria@email.com', 'password': 'senha1234'}</msg>
<status status="PASS" starttime="20230924 10:01:02.974" endtime="20230924 10:01:02.974"/>
</kw>
<kw name="POST" library="RequestsLibrary">
<var>${response}</var>
<arg>url=${url}/login</arg>
<arg>json=${body}</arg>
<arg>expected_status=${status}</arg>
<doc>Sends a POST request.</doc>
<msg timestamp="20230924 10:01:03.035" level="INFO">POST Request : url=http://localhost:8000/login 
 path_url=/login 
 headers={'User-Agent': 'python-requests/2.31.0', 'Accept-Encoding': 'gzip, deflate', 'Accept': '*/*', 'Connection': 'keep-alive', 'Content-Length': '53', 'Content-Type': 'application/json'} 
 body=b'{"email": "maria@email.com", "password": "senha1234"}' 
 </msg>
<msg timestamp="20230924 10:01:03.035" level="INFO">POST Response : url=http://localhost:8000/login 
 status=400, reason=Bad Request 
 headers={'X-Powered-By': 'Express', 'Access-Control-Allow-Origin': '*', 'Content-Type': 'application/json; charset=utf-8', 'Content-Length': '65', 'ETag': 'W/"41-wGe79/sHPxaiRXshzZ5UYhLGJLQ"', 'Date': 'Sun, 24 Sep 2023 13:01:03 GMT', 'Connection': 'keep-alive', 'Keep-Alive': 'timeout=5'} 
 body={"error":{"type":"data","message":"E-mail ou Senha inválidos."}} 
 </msg>
<msg timestamp="20230924 10:01:03.035" level="INFO">${response} = &lt;Response [400]&gt;</msg>
<status status="PASS" starttime="20230924 10:01:02.974" endtime="20230924 10:01:03.035"/>
</kw>
<kw name="Set Variable" library="BuiltIn">
<var>${message}</var>
<arg>${response.json()}[error][message]</arg>
<doc>Returns the given values which can then be assigned to a variables.</doc>
<msg timestamp="20230924 10:01:03.035" level="INFO">${message} = E-mail ou Senha inválidos.</msg>
<status status="PASS" starttime="20230924 10:01:03.035" endtime="20230924 10:01:03.035"/>
</kw>
<kw name="Should Be Equal As Strings" library="BuiltIn">
<arg>${message}</arg>
<arg>${expectedMessage}</arg>
<doc>Fails if objects are unequal after converting them to strings.</doc>
<status status="PASS" starttime="20230924 10:01:03.035" endtime="20230924 10:01:03.035"/>
</kw>
<status status="PASS" starttime="20230924 10:01:02.974" endtime="20230924 10:01:03.035"/>
</kw>
<tag>error</tag>
<tag>incorrect_password</tag>
<status status="PASS" starttime="20230924 10:01:02.907" endtime="20230924 10:01:03.040"/>
</test>
<test id="s1-s3-t5" name="Should not be able to log in with an invalid password" line="46">
<kw name="Get data" library="main">
<var>${data}</var>
<arg>user</arg>
<arg>login</arg>
<kw name="Load Json From File" library="JSONLibrary">
<var>${data}</var>
<arg>${EXECDIR}/resources/json/${fileName}.json</arg>
<arg>encoding=utf-8</arg>
<doc>Load JSON from file.</doc>
<msg timestamp="20230924 10:01:03.043" level="INFO">${data} = {'register': {'user': {'firstName': 'João', 'lastName': 'Silva', 'email': 'joao@email.com', 'cpf': '84769371055', 'phone': '+5511987654321', 'password': 'senha123', 'confirmPassword': 'senha123'}, 'us...</msg>
<status status="PASS" starttime="20230924 10:01:03.042" endtime="20230924 10:01:03.043"/>
</kw>
<return>
<value>${data}[${scenario}]</value>
<status status="PASS" starttime="20230924 10:01:03.043" endtime="20230924 10:01:03.043"/>
</return>
<msg timestamp="20230924 10:01:03.043" level="INFO">${data} = {'user': {'firstName': 'Maria', 'lastName': 'Santos', 'email': 'maria@email.com', 'cpf': '98034727040', 'phone': '+5511888888888', 'password': 'senha456', 'confirmPassword': 'senha456'}}</msg>
<status status="PASS" starttime="20230924 10:01:03.042" endtime="20230924 10:01:03.043"/>
</kw>
<kw name="Set Variable" library="BuiltIn">
<var>@{password_list}</var>
<arg>1</arg>
<arg>12</arg>
<arg>123</arg>
<arg>1234</arg>
<doc>Returns the given values which can then be assigned to a variables.</doc>
<msg timestamp="20230924 10:01:03.044" level="INFO">@{password_list} = [ 1 | 12 | 123 | 1234 ]</msg>
<status status="PASS" starttime="20230924 10:01:03.043" endtime="20230924 10:01:03.044"/>
</kw>
<for flavor="IN">
<var>${password}</var>
<value>@{password_list}</value>
<iter>
<var name="${password}">1</var>
<kw name="Copy Dictionary" library="Collections">
<var>${user}</var>
<arg>${data}[user]</arg>
<doc>Returns a copy of the given dictionary.</doc>
<msg timestamp="20230924 10:01:03.045" level="INFO">${user} = {'firstName': 'Maria', 'lastName': 'Santos', 'email': 'maria@email.com', 'cpf': '98034727040', 'phone': '+5511888888888', 'password': 'senha456', 'confirmPassword': 'senha456'}</msg>
<status status="PASS" starttime="20230924 10:01:03.045" endtime="20230924 10:01:03.045"/>
</kw>
<kw name="Set To Dictionary" library="Collections">
<arg>${user}</arg>
<arg>password=${password}</arg>
<doc>Adds the given ``key_value_pairs`` and/or ``items`` to the ``dictionary``.</doc>
<status status="PASS" starttime="20230924 10:01:03.045" endtime="20230924 10:01:03.046"/>
</kw>
<kw name="Set To Dictionary" library="Collections">
<arg>${user}</arg>
<arg>confirmPassword=${password}</arg>
<doc>Adds the given ``key_value_pairs`` and/or ``items`` to the ``dictionary``.</doc>
<status status="PASS" starttime="20230924 10:01:03.046" endtime="20230924 10:01:03.046"/>
</kw>
<kw name="Do login error" library="UserController">
<arg>${user}</arg>
<arg>400</arg>
<arg>A Senha precisa conter, no mínimo, 5 caracteres.</arg>
<kw name="Create Dictionary" library="BuiltIn">
<var>${body}</var>
<arg>email=${user}[email]</arg>
<arg>password=${user}[password]</arg>
<doc>Creates and returns a dictionary based on the given ``items``.</doc>
<msg timestamp="20230924 10:01:03.046" level="INFO">${body} = {'email': 'maria@email.com', 'password': '1'}</msg>
<status status="PASS" starttime="20230924 10:01:03.046" endtime="20230924 10:01:03.047"/>
</kw>
<kw name="POST" library="RequestsLibrary">
<var>${response}</var>
<arg>url=${url}/login</arg>
<arg>json=${body}</arg>
<arg>expected_status=${status}</arg>
<doc>Sends a POST request.</doc>
<msg timestamp="20230924 10:01:03.050" level="INFO">POST Request : url=http://localhost:8000/login 
 path_url=/login 
 headers={'User-Agent': 'python-requests/2.31.0', 'Accept-Encoding': 'gzip, deflate', 'Accept': '*/*', 'Connection': 'keep-alive', 'Content-Length': '45', 'Content-Type': 'application/json'} 
 body=b'{"email": "maria@email.com", "password": "1"}' 
 </msg>
<msg timestamp="20230924 10:01:03.050" level="INFO">POST Response : url=http://localhost:8000/login 
 status=400, reason=Bad Request 
 headers={'X-Powered-By': 'Express', 'Access-Control-Allow-Origin': '*', 'Content-Type': 'application/json; charset=utf-8', 'Content-Length': '91', 'ETag': 'W/"5b-lzQv5v/4XKTy+djf0ef9liDmY7I"', 'Date': 'Sun, 24 Sep 2023 13:01:03 GMT', 'Connection': 'keep-alive', 'Keep-Alive': 'timeout=5'} 
 body={"error":{"type":"password","message":"A Senha precisa conter, no mínimo, 5 caracteres."}} 
 </msg>
<msg timestamp="20230924 10:01:03.050" level="INFO">${response} = &lt;Response [400]&gt;</msg>
<status status="PASS" starttime="20230924 10:01:03.047" endtime="20230924 10:01:03.050"/>
</kw>
<kw name="Set Variable" library="BuiltIn">
<var>${message}</var>
<arg>${response.json()}[error][message]</arg>
<doc>Returns the given values which can then be assigned to a variables.</doc>
<msg timestamp="20230924 10:01:03.050" level="INFO">${message} = A Senha precisa conter, no mínimo, 5 caracteres.</msg>
<status status="PASS" starttime="20230924 10:01:03.050" endtime="20230924 10:01:03.050"/>
</kw>
<kw name="Should Be Equal As Strings" library="BuiltIn">
<arg>${message}</arg>
<arg>${expectedMessage}</arg>
<doc>Fails if objects are unequal after converting them to strings.</doc>
<status status="PASS" starttime="20230924 10:01:03.051" endtime="20230924 10:01:03.051"/>
</kw>
<status status="PASS" starttime="20230924 10:01:03.046" endtime="20230924 10:01:03.051"/>
</kw>
<status status="PASS" starttime="20230924 10:01:03.044" endtime="20230924 10:01:03.051"/>
</iter>
<iter>
<var name="${password}">12</var>
<kw name="Copy Dictionary" library="Collections">
<var>${user}</var>
<arg>${data}[user]</arg>
<doc>Returns a copy of the given dictionary.</doc>
<msg timestamp="20230924 10:01:03.051" level="INFO">${user} = {'firstName': 'Maria', 'lastName': 'Santos', 'email': 'maria@email.com', 'cpf': '98034727040', 'phone': '+5511888888888', 'password': 'senha456', 'confirmPassword': 'senha456'}</msg>
<status status="PASS" starttime="20230924 10:01:03.051" endtime="20230924 10:01:03.051"/>
</kw>
<kw name="Set To Dictionary" library="Collections">
<arg>${user}</arg>
<arg>password=${password}</arg>
<doc>Adds the given ``key_value_pairs`` and/or ``items`` to the ``dictionary``.</doc>
<status status="PASS" starttime="20230924 10:01:03.051" endtime="20230924 10:01:03.051"/>
</kw>
<kw name="Set To Dictionary" library="Collections">
<arg>${user}</arg>
<arg>confirmPassword=${password}</arg>
<doc>Adds the given ``key_value_pairs`` and/or ``items`` to the ``dictionary``.</doc>
<status status="PASS" starttime="20230924 10:01:03.051" endtime="20230924 10:01:03.051"/>
</kw>
<kw name="Do login error" library="UserController">
<arg>${user}</arg>
<arg>400</arg>
<arg>A Senha precisa conter, no mínimo, 5 caracteres.</arg>
<kw name="Create Dictionary" library="BuiltIn">
<var>${body}</var>
<arg>email=${user}[email]</arg>
<arg>password=${user}[password]</arg>
<doc>Creates and returns a dictionary based on the given ``items``.</doc>
<msg timestamp="20230924 10:01:03.052" level="INFO">${body} = {'email': 'maria@email.com', 'password': '12'}</msg>
<status status="PASS" starttime="20230924 10:01:03.052" endtime="20230924 10:01:03.052"/>
</kw>
<kw name="POST" library="RequestsLibrary">
<var>${response}</var>
<arg>url=${url}/login</arg>
<arg>json=${body}</arg>
<arg>expected_status=${status}</arg>
<doc>Sends a POST request.</doc>
<msg timestamp="20230924 10:01:03.055" level="INFO">POST Request : url=http://localhost:8000/login 
 path_url=/login 
 headers={'User-Agent': 'python-requests/2.31.0', 'Accept-Encoding': 'gzip, deflate', 'Accept': '*/*', 'Connection': 'keep-alive', 'Content-Length': '46', 'Content-Type': 'application/json'} 
 body=b'{"email": "maria@email.com", "password": "12"}' 
 </msg>
<msg timestamp="20230924 10:01:03.055" level="INFO">POST Response : url=http://localhost:8000/login 
 status=400, reason=Bad Request 
 headers={'X-Powered-By': 'Express', 'Access-Control-Allow-Origin': '*', 'Content-Type': 'application/json; charset=utf-8', 'Content-Length': '91', 'ETag': 'W/"5b-lzQv5v/4XKTy+djf0ef9liDmY7I"', 'Date': 'Sun, 24 Sep 2023 13:01:03 GMT', 'Connection': 'keep-alive', 'Keep-Alive': 'timeout=5'} 
 body={"error":{"type":"password","message":"A Senha precisa conter, no mínimo, 5 caracteres."}} 
 </msg>
<msg timestamp="20230924 10:01:03.055" level="INFO">${response} = &lt;Response [400]&gt;</msg>
<status status="PASS" starttime="20230924 10:01:03.052" endtime="20230924 10:01:03.055"/>
</kw>
<kw name="Set Variable" library="BuiltIn">
<var>${message}</var>
<arg>${response.json()}[error][message]</arg>
<doc>Returns the given values which can then be assigned to a variables.</doc>
<msg timestamp="20230924 10:01:03.056" level="INFO">${message} = A Senha precisa conter, no mínimo, 5 caracteres.</msg>
<status status="PASS" starttime="20230924 10:01:03.055" endtime="20230924 10:01:03.056"/>
</kw>
<kw name="Should Be Equal As Strings" library="BuiltIn">
<arg>${message}</arg>
<arg>${expectedMessage}</arg>
<doc>Fails if objects are unequal after converting them to strings.</doc>
<status status="PASS" starttime="20230924 10:01:03.056" endtime="20230924 10:01:03.056"/>
</kw>
<status status="PASS" starttime="20230924 10:01:03.052" endtime="20230924 10:01:03.056"/>
</kw>
<status status="PASS" starttime="20230924 10:01:03.051" endtime="20230924 10:01:03.056"/>
</iter>
<iter>
<var name="${password}">123</var>
<kw name="Copy Dictionary" library="Collections">
<var>${user}</var>
<arg>${data}[user]</arg>
<doc>Returns a copy of the given dictionary.</doc>
<msg timestamp="20230924 10:01:03.056" level="INFO">${user} = {'firstName': 'Maria', 'lastName': 'Santos', 'email': 'maria@email.com', 'cpf': '98034727040', 'phone': '+5511888888888', 'password': 'senha456', 'confirmPassword': 'senha456'}</msg>
<status status="PASS" starttime="20230924 10:01:03.056" endtime="20230924 10:01:03.056"/>
</kw>
<kw name="Set To Dictionary" library="Collections">
<arg>${user}</arg>
<arg>password=${password}</arg>
<doc>Adds the given ``key_value_pairs`` and/or ``items`` to the ``dictionary``.</doc>
<status status="PASS" starttime="20230924 10:01:03.056" endtime="20230924 10:01:03.056"/>
</kw>
<kw name="Set To Dictionary" library="Collections">
<arg>${user}</arg>
<arg>confirmPassword=${password}</arg>
<doc>Adds the given ``key_value_pairs`` and/or ``items`` to the ``dictionary``.</doc>
<status status="PASS" starttime="20230924 10:01:03.056" endtime="20230924 10:01:03.056"/>
</kw>
<kw name="Do login error" library="UserController">
<arg>${user}</arg>
<arg>400</arg>
<arg>A Senha precisa conter, no mínimo, 5 caracteres.</arg>
<kw name="Create Dictionary" library="BuiltIn">
<var>${body}</var>
<arg>email=${user}[email]</arg>
<arg>password=${user}[password]</arg>
<doc>Creates and returns a dictionary based on the given ``items``.</doc>
<msg timestamp="20230924 10:01:03.056" level="INFO">${body} = {'email': 'maria@email.com', 'password': '123'}</msg>
<status status="PASS" starttime="20230924 10:01:03.056" endtime="20230924 10:01:03.056"/>
</kw>
<kw name="POST" library="RequestsLibrary">
<var>${response}</var>
<arg>url=${url}/login</arg>
<arg>json=${body}</arg>
<arg>expected_status=${status}</arg>
<doc>Sends a POST request.</doc>
<msg timestamp="20230924 10:01:03.060" level="INFO">POST Request : url=http://localhost:8000/login 
 path_url=/login 
 headers={'User-Agent': 'python-requests/2.31.0', 'Accept-Encoding': 'gzip, deflate', 'Accept': '*/*', 'Connection': 'keep-alive', 'Content-Length': '47', 'Content-Type': 'application/json'} 
 body=b'{"email": "maria@email.com", "password": "123"}' 
 </msg>
<msg timestamp="20230924 10:01:03.060" level="INFO">POST Response : url=http://localhost:8000/login 
 status=400, reason=Bad Request 
 headers={'X-Powered-By': 'Express', 'Access-Control-Allow-Origin': '*', 'Content-Type': 'application/json; charset=utf-8', 'Content-Length': '91', 'ETag': 'W/"5b-lzQv5v/4XKTy+djf0ef9liDmY7I"', 'Date': 'Sun, 24 Sep 2023 13:01:03 GMT', 'Connection': 'keep-alive', 'Keep-Alive': 'timeout=5'} 
 body={"error":{"type":"password","message":"A Senha precisa conter, no mínimo, 5 caracteres."}} 
 </msg>
<msg timestamp="20230924 10:01:03.061" level="INFO">${response} = &lt;Response [400]&gt;</msg>
<status status="PASS" starttime="20230924 10:01:03.056" endtime="20230924 10:01:03.061"/>
</kw>
<kw name="Set Variable" library="BuiltIn">
<var>${message}</var>
<arg>${response.json()}[error][message]</arg>
<doc>Returns the given values which can then be assigned to a variables.</doc>
<msg timestamp="20230924 10:01:03.062" level="INFO">${message} = A Senha precisa conter, no mínimo, 5 caracteres.</msg>
<status status="PASS" starttime="20230924 10:01:03.061" endtime="20230924 10:01:03.062"/>
</kw>
<kw name="Should Be Equal As Strings" library="BuiltIn">
<arg>${message}</arg>
<arg>${expectedMessage}</arg>
<doc>Fails if objects are unequal after converting them to strings.</doc>
<status status="PASS" starttime="20230924 10:01:03.062" endtime="20230924 10:01:03.062"/>
</kw>
<status status="PASS" starttime="20230924 10:01:03.056" endtime="20230924 10:01:03.062"/>
</kw>
<status status="PASS" starttime="20230924 10:01:03.056" endtime="20230924 10:01:03.062"/>
</iter>
<iter>
<var name="${password}">1234</var>
<kw name="Copy Dictionary" library="Collections">
<var>${user}</var>
<arg>${data}[user]</arg>
<doc>Returns a copy of the given dictionary.</doc>
<msg timestamp="20230924 10:01:03.063" level="INFO">${user} = {'firstName': 'Maria', 'lastName': 'Santos', 'email': 'maria@email.com', 'cpf': '98034727040', 'phone': '+5511888888888', 'password': 'senha456', 'confirmPassword': 'senha456'}</msg>
<status status="PASS" starttime="20230924 10:01:03.062" endtime="20230924 10:01:03.063"/>
</kw>
<kw name="Set To Dictionary" library="Collections">
<arg>${user}</arg>
<arg>password=${password}</arg>
<doc>Adds the given ``key_value_pairs`` and/or ``items`` to the ``dictionary``.</doc>
<status status="PASS" starttime="20230924 10:01:03.063" endtime="20230924 10:01:03.063"/>
</kw>
<kw name="Set To Dictionary" library="Collections">
<arg>${user}</arg>
<arg>confirmPassword=${password}</arg>
<doc>Adds the given ``key_value_pairs`` and/or ``items`` to the ``dictionary``.</doc>
<status status="PASS" starttime="20230924 10:01:03.063" endtime="20230924 10:01:03.063"/>
</kw>
<kw name="Do login error" library="UserController">
<arg>${user}</arg>
<arg>400</arg>
<arg>A Senha precisa conter, no mínimo, 5 caracteres.</arg>
<kw name="Create Dictionary" library="BuiltIn">
<var>${body}</var>
<arg>email=${user}[email]</arg>
<arg>password=${user}[password]</arg>
<doc>Creates and returns a dictionary based on the given ``items``.</doc>
<msg timestamp="20230924 10:01:03.064" level="INFO">${body} = {'email': 'maria@email.com', 'password': '1234'}</msg>
<status status="PASS" starttime="20230924 10:01:03.064" endtime="20230924 10:01:03.064"/>
</kw>
<kw name="POST" library="RequestsLibrary">
<var>${response}</var>
<arg>url=${url}/login</arg>
<arg>json=${body}</arg>
<arg>expected_status=${status}</arg>
<doc>Sends a POST request.</doc>
<msg timestamp="20230924 10:01:03.069" level="INFO">POST Request : url=http://localhost:8000/login 
 path_url=/login 
 headers={'User-Agent': 'python-requests/2.31.0', 'Accept-Encoding': 'gzip, deflate', 'Accept': '*/*', 'Connection': 'keep-alive', 'Content-Length': '48', 'Content-Type': 'application/json'} 
 body=b'{"email": "maria@email.com", "password": "1234"}' 
 </msg>
<msg timestamp="20230924 10:01:03.069" level="INFO">POST Response : url=http://localhost:8000/login 
 status=400, reason=Bad Request 
 headers={'X-Powered-By': 'Express', 'Access-Control-Allow-Origin': '*', 'Content-Type': 'application/json; charset=utf-8', 'Content-Length': '91', 'ETag': 'W/"5b-lzQv5v/4XKTy+djf0ef9liDmY7I"', 'Date': 'Sun, 24 Sep 2023 13:01:03 GMT', 'Connection': 'keep-alive', 'Keep-Alive': 'timeout=5'} 
 body={"error":{"type":"password","message":"A Senha precisa conter, no mínimo, 5 caracteres."}} 
 </msg>
<msg timestamp="20230924 10:01:03.069" level="INFO">${response} = &lt;Response [400]&gt;</msg>
<status status="PASS" starttime="20230924 10:01:03.064" endtime="20230924 10:01:03.069"/>
</kw>
<kw name="Set Variable" library="BuiltIn">
<var>${message}</var>
<arg>${response.json()}[error][message]</arg>
<doc>Returns the given values which can then be assigned to a variables.</doc>
<msg timestamp="20230924 10:01:03.070" level="INFO">${message} = A Senha precisa conter, no mínimo, 5 caracteres.</msg>
<status status="PASS" starttime="20230924 10:01:03.069" endtime="20230924 10:01:03.070"/>
</kw>
<kw name="Should Be Equal As Strings" library="BuiltIn">
<arg>${message}</arg>
<arg>${expectedMessage}</arg>
<doc>Fails if objects are unequal after converting them to strings.</doc>
<status status="PASS" starttime="20230924 10:01:03.070" endtime="20230924 10:01:03.070"/>
</kw>
<status status="PASS" starttime="20230924 10:01:03.063" endtime="20230924 10:01:03.070"/>
</kw>
<status status="PASS" starttime="20230924 10:01:03.062" endtime="20230924 10:01:03.070"/>
</iter>
<status status="PASS" starttime="20230924 10:01:03.044" endtime="20230924 10:01:03.070"/>
</for>
<tag>error</tag>
<tag>invalid_password</tag>
<status status="PASS" starttime="20230924 10:01:03.041" endtime="20230924 10:01:03.071"/>
</test>
<test id="s1-s3-t6" name="Required Fields" line="61">
<kw name="Get data" library="main">
<var>${data}</var>
<arg>user</arg>
<arg>login</arg>
<kw name="Load Json From File" library="JSONLibrary">
<var>${data}</var>
<arg>${EXECDIR}/resources/json/${fileName}.json</arg>
<arg>encoding=utf-8</arg>
<doc>Load JSON from file.</doc>
<msg timestamp="20230924 10:01:03.073" level="INFO">${data} = {'register': {'user': {'firstName': 'João', 'lastName': 'Silva', 'email': 'joao@email.com', 'cpf': '84769371055', 'phone': '+5511987654321', 'password': 'senha123', 'confirmPassword': 'senha123'}, 'us...</msg>
<status status="PASS" starttime="20230924 10:01:03.073" endtime="20230924 10:01:03.074"/>
</kw>
<return>
<value>${data}[${scenario}]</value>
<status status="PASS" starttime="20230924 10:01:03.074" endtime="20230924 10:01:03.074"/>
</return>
<msg timestamp="20230924 10:01:03.074" level="INFO">${data} = {'user': {'firstName': 'Maria', 'lastName': 'Santos', 'email': 'maria@email.com', 'cpf': '98034727040', 'phone': '+5511888888888', 'password': 'senha456', 'confirmPassword': 'senha456'}}</msg>
<status status="PASS" starttime="20230924 10:01:03.073" endtime="20230924 10:01:03.074"/>
</kw>
<kw name="Set Variable" library="BuiltIn">
<var>@{required_list}</var>
<arg>email</arg>
<arg>password</arg>
<doc>Returns the given values which can then be assigned to a variables.</doc>
<msg timestamp="20230924 10:01:03.074" level="INFO">@{required_list} = [ email | password ]</msg>
<status status="PASS" starttime="20230924 10:01:03.074" endtime="20230924 10:01:03.074"/>
</kw>
<kw name="Set Variable" library="BuiltIn">
<var>@{name_message_list}</var>
<arg>Email</arg>
<arg>Senha</arg>
<doc>Returns the given values which can then be assigned to a variables.</doc>
<msg timestamp="20230924 10:01:03.075" level="INFO">@{name_message_list} = [ Email | Senha ]</msg>
<status status="PASS" starttime="20230924 10:01:03.075" endtime="20230924 10:01:03.075"/>
</kw>
<for flavor="IN">
<var>${element}</var>
<value>@{required_list}</value>
<iter>
<var name="${element}">email</var>
<kw name="Copy Dictionary" library="Collections">
<var>${user}</var>
<arg>${data}[user]</arg>
<doc>Returns a copy of the given dictionary.</doc>
<msg timestamp="20230924 10:01:03.076" level="INFO">${user} = {'firstName': 'Maria', 'lastName': 'Santos', 'email': 'maria@email.com', 'cpf': '98034727040', 'phone': '+5511888888888', 'password': 'senha456', 'confirmPassword': 'senha456'}</msg>
<status status="PASS" starttime="20230924 10:01:03.076" endtime="20230924 10:01:03.076"/>
</kw>
<kw name="Set To Dictionary" library="Collections">
<arg>${user}</arg>
<arg>${element}=${EMPTY}</arg>
<doc>Adds the given ``key_value_pairs`` and/or ``items`` to the ``dictionary``.</doc>
<status status="PASS" starttime="20230924 10:01:03.076" endtime="20230924 10:01:03.076"/>
</kw>
<kw name="Get Index From List" library="Collections">
<var>${index}</var>
<arg>${required_list}</arg>
<arg>${element}</arg>
<doc>Returns the index of the first occurrence of the ``value`` on the list.</doc>
<msg timestamp="20230924 10:01:03.077" level="INFO">${index} = 0</msg>
<status status="PASS" starttime="20230924 10:01:03.077" endtime="20230924 10:01:03.077"/>
</kw>
<kw name="Get From List" library="Collections">
<var>${name_message}</var>
<arg>${name_message_list}</arg>
<arg>${index}</arg>
<doc>Returns the value specified with an ``index`` from ``list``.</doc>
<msg timestamp="20230924 10:01:03.077" level="INFO">${name_message} = Email</msg>
<status status="PASS" starttime="20230924 10:01:03.077" endtime="20230924 10:01:03.077"/>
</kw>
<if>
<branch type="IF" condition="'${element}' == 'password'">
<kw name="Set Variable" library="BuiltIn">
<var>${message}</var>
<arg>A Senha é obrigatória.</arg>
<doc>Returns the given values which can then be assigned to a variables.</doc>
<status status="NOT RUN" starttime="20230924 10:01:03.077" endtime="20230924 10:01:03.077"/>
</kw>
<status status="NOT RUN" starttime="20230924 10:01:03.077" endtime="20230924 10:01:03.078"/>
</branch>
<branch type="ELSE">
<kw name="Set Variable" library="BuiltIn">
<var>${message}</var>
<arg>O ${name_message} é obrigatório.</arg>
<doc>Returns the given values which can then be assigned to a variables.</doc>
<msg timestamp="20230924 10:01:03.078" level="INFO">${message} = O Email é obrigatório.</msg>
<status status="PASS" starttime="20230924 10:01:03.078" endtime="20230924 10:01:03.078"/>
</kw>
<status status="PASS" starttime="20230924 10:01:03.078" endtime="20230924 10:01:03.078"/>
</branch>
<status status="PASS" starttime="20230924 10:01:03.077" endtime="20230924 10:01:03.078"/>
</if>
<kw name="Do login error" library="UserController">
<arg>${user}</arg>
<arg>400</arg>
<arg>${message}</arg>
<kw name="Create Dictionary" library="BuiltIn">
<var>${body}</var>
<arg>email=${user}[email]</arg>
<arg>password=${user}[password]</arg>
<doc>Creates and returns a dictionary based on the given ``items``.</doc>
<msg timestamp="20230924 10:01:03.079" level="INFO">${body} = {'email': '', 'password': 'senha456'}</msg>
<status status="PASS" starttime="20230924 10:01:03.078" endtime="20230924 10:01:03.079"/>
</kw>
<kw name="POST" library="RequestsLibrary">
<var>${response}</var>
<arg>url=${url}/login</arg>
<arg>json=${body}</arg>
<arg>expected_status=${status}</arg>
<doc>Sends a POST request.</doc>
<msg timestamp="20230924 10:01:03.083" level="INFO">POST Request : url=http://localhost:8000/login 
 path_url=/login 
 headers={'User-Agent': 'python-requests/2.31.0', 'Accept-Encoding': 'gzip, deflate', 'Accept': '*/*', 'Connection': 'keep-alive', 'Content-Length': '37', 'Content-Type': 'application/json'} 
 body=b'{"email": "", "password": "senha456"}' 
 </msg>
<msg timestamp="20230924 10:01:03.083" level="INFO">POST Response : url=http://localhost:8000/login 
 status=400, reason=Bad Request 
 headers={'X-Powered-By': 'Express', 'Access-Control-Allow-Origin': '*', 'Content-Type': 'application/json; charset=utf-8', 'Content-Length': '63', 'ETag': 'W/"3f-Kdw6d4F5+8NmP6Ti1x6HTTIT3L4"', 'Date': 'Sun, 24 Sep 2023 13:01:03 GMT', 'Connection': 'keep-alive', 'Keep-Alive': 'timeout=5'} 
 body={"error":{"type":"email","message":"O Email é obrigatório."}} 
 </msg>
<msg timestamp="20230924 10:01:03.083" level="INFO">${response} = &lt;Response [400]&gt;</msg>
<status status="PASS" starttime="20230924 10:01:03.079" endtime="20230924 10:01:03.083"/>
</kw>
<kw name="Set Variable" library="BuiltIn">
<var>${message}</var>
<arg>${response.json()}[error][message]</arg>
<doc>Returns the given values which can then be assigned to a variables.</doc>
<msg timestamp="20230924 10:01:03.084" level="INFO">${message} = O Email é obrigatório.</msg>
<status status="PASS" starttime="20230924 10:01:03.083" endtime="20230924 10:01:03.084"/>
</kw>
<kw name="Should Be Equal As Strings" library="BuiltIn">
<arg>${message}</arg>
<arg>${expectedMessage}</arg>
<doc>Fails if objects are unequal after converting them to strings.</doc>
<status status="PASS" starttime="20230924 10:01:03.084" endtime="20230924 10:01:03.084"/>
</kw>
<status status="PASS" starttime="20230924 10:01:03.078" endtime="20230924 10:01:03.084"/>
</kw>
<status status="PASS" starttime="20230924 10:01:03.076" endtime="20230924 10:01:03.084"/>
</iter>
<iter>
<var name="${element}">password</var>
<kw name="Copy Dictionary" library="Collections">
<var>${user}</var>
<arg>${data}[user]</arg>
<doc>Returns a copy of the given dictionary.</doc>
<msg timestamp="20230924 10:01:03.084" level="INFO">${user} = {'firstName': 'Maria', 'lastName': 'Santos', 'email': 'maria@email.com', 'cpf': '98034727040', 'phone': '+5511888888888', 'password': 'senha456', 'confirmPassword': 'senha456'}</msg>
<status status="PASS" starttime="20230924 10:01:03.084" endtime="20230924 10:01:03.084"/>
</kw>
<kw name="Set To Dictionary" library="Collections">
<arg>${user}</arg>
<arg>${element}=${EMPTY}</arg>
<doc>Adds the given ``key_value_pairs`` and/or ``items`` to the ``dictionary``.</doc>
<status status="PASS" starttime="20230924 10:01:03.084" endtime="20230924 10:01:03.085"/>
</kw>
<kw name="Get Index From List" library="Collections">
<var>${index}</var>
<arg>${required_list}</arg>
<arg>${element}</arg>
<doc>Returns the index of the first occurrence of the ``value`` on the list.</doc>
<msg timestamp="20230924 10:01:03.085" level="INFO">${index} = 1</msg>
<status status="PASS" starttime="20230924 10:01:03.085" endtime="20230924 10:01:03.085"/>
</kw>
<kw name="Get From List" library="Collections">
<var>${name_message}</var>
<arg>${name_message_list}</arg>
<arg>${index}</arg>
<doc>Returns the value specified with an ``index`` from ``list``.</doc>
<msg timestamp="20230924 10:01:03.085" level="INFO">${name_message} = Senha</msg>
<status status="PASS" starttime="20230924 10:01:03.085" endtime="20230924 10:01:03.085"/>
</kw>
<if>
<branch type="IF" condition="'${element}' == 'password'">
<kw name="Set Variable" library="BuiltIn">
<var>${message}</var>
<arg>A Senha é obrigatória.</arg>
<doc>Returns the given values which can then be assigned to a variables.</doc>
<msg timestamp="20230924 10:01:03.085" level="INFO">${message} = A Senha é obrigatória.</msg>
<status status="PASS" starttime="20230924 10:01:03.085" endtime="20230924 10:01:03.086"/>
</kw>
<status status="PASS" starttime="20230924 10:01:03.085" endtime="20230924 10:01:03.086"/>
</branch>
<branch type="ELSE">
<kw name="Set Variable" library="BuiltIn">
<var>${message}</var>
<arg>O ${name_message} é obrigatório.</arg>
<doc>Returns the given values which can then be assigned to a variables.</doc>
<status status="NOT RUN" starttime="20230924 10:01:03.086" endtime="20230924 10:01:03.086"/>
</kw>
<status status="NOT RUN" starttime="20230924 10:01:03.086" endtime="20230924 10:01:03.086"/>
</branch>
<status status="PASS" starttime="20230924 10:01:03.085" endtime="20230924 10:01:03.086"/>
</if>
<kw name="Do login error" library="UserController">
<arg>${user}</arg>
<arg>400</arg>
<arg>${message}</arg>
<kw name="Create Dictionary" library="BuiltIn">
<var>${body}</var>
<arg>email=${user}[email]</arg>
<arg>password=${user}[password]</arg>
<doc>Creates and returns a dictionary based on the given ``items``.</doc>
<msg timestamp="20230924 10:01:03.086" level="INFO">${body} = {'email': 'maria@email.com', 'password': ''}</msg>
<status status="PASS" starttime="20230924 10:01:03.086" endtime="20230924 10:01:03.086"/>
</kw>
<kw name="POST" library="RequestsLibrary">
<var>${response}</var>
<arg>url=${url}/login</arg>
<arg>json=${body}</arg>
<arg>expected_status=${status}</arg>
<doc>Sends a POST request.</doc>
<msg timestamp="20230924 10:01:03.089" level="INFO">POST Request : url=http://localhost:8000/login 
 path_url=/login 
 headers={'User-Agent': 'python-requests/2.31.0', 'Accept-Encoding': 'gzip, deflate', 'Accept': '*/*', 'Connection': 'keep-alive', 'Content-Length': '44', 'Content-Type': 'application/json'} 
 body=b'{"email": "maria@email.com", "password": ""}' 
 </msg>
<msg timestamp="20230924 10:01:03.089" level="INFO">POST Response : url=http://localhost:8000/login 
 status=400, reason=Bad Request 
 headers={'X-Powered-By': 'Express', 'Access-Control-Allow-Origin': '*', 'Content-Type': 'application/json; charset=utf-8', 'Content-Length': '66', 'ETag': 'W/"42-i17d2cJh1E30mJcOmCAGY/38VJQ"', 'Date': 'Sun, 24 Sep 2023 13:01:03 GMT', 'Connection': 'keep-alive', 'Keep-Alive': 'timeout=5'} 
 body={"error":{"type":"password","message":"A Senha é obrigatória."}} 
 </msg>
<msg timestamp="20230924 10:01:03.089" level="INFO">${response} = &lt;Response [400]&gt;</msg>
<status status="PASS" starttime="20230924 10:01:03.086" endtime="20230924 10:01:03.089"/>
</kw>
<kw name="Set Variable" library="BuiltIn">
<var>${message}</var>
<arg>${response.json()}[error][message]</arg>
<doc>Returns the given values which can then be assigned to a variables.</doc>
<msg timestamp="20230924 10:01:03.090" level="INFO">${message} = A Senha é obrigatória.</msg>
<status status="PASS" starttime="20230924 10:01:03.089" endtime="20230924 10:01:03.090"/>
</kw>
<kw name="Should Be Equal As Strings" library="BuiltIn">
<arg>${message}</arg>
<arg>${expectedMessage}</arg>
<doc>Fails if objects are unequal after converting them to strings.</doc>
<status status="PASS" starttime="20230924 10:01:03.090" endtime="20230924 10:01:03.090"/>
</kw>
<status status="PASS" starttime="20230924 10:01:03.086" endtime="20230924 10:01:03.090"/>
</kw>
<status status="PASS" starttime="20230924 10:01:03.084" endtime="20230924 10:01:03.090"/>
</iter>
<status status="PASS" starttime="20230924 10:01:03.076" endtime="20230924 10:01:03.090"/>
</for>
<tag>error</tag>
<tag>required</tag>
<status status="PASS" starttime="20230924 10:01:03.072" endtime="20230924 10:01:03.091"/>
</test>
<status status="PASS" starttime="20230924 10:01:02.736" endtime="20230924 10:01:03.092"/>
</suite>
<suite id="s1-s4" name="newPassword" source="C:\Users\rafac\Desktop\testAPI\tests\user\newPassword.robot">
<test id="s1-s4-t1" name="Must be able to edit the password of the logged in user" line="7">
<kw name="Get data" library="main">
<var>${data}</var>
<arg>user</arg>
<arg>newPassword</arg>
<kw name="Load Json From File" library="JSONLibrary">
<var>${data}</var>
<arg>${EXECDIR}/resources/json/${fileName}.json</arg>
<arg>encoding=utf-8</arg>
<doc>Load JSON from file.</doc>
<msg timestamp="20230924 10:01:03.107" level="INFO">${data} = {'register': {'user': {'firstName': 'João', 'lastName': 'Silva', 'email': 'joao@email.com', 'cpf': '84769371055', 'phone': '+5511987654321', 'password': 'senha123', 'confirmPassword': 'senha123'}, 'us...</msg>
<status status="PASS" starttime="20230924 10:01:03.107" endtime="20230924 10:01:03.107"/>
</kw>
<return>
<value>${data}[${scenario}]</value>
<status status="PASS" starttime="20230924 10:01:03.107" endtime="20230924 10:01:03.107"/>
</return>
<msg timestamp="20230924 10:01:03.108" level="INFO">${data} = {'user': {'firstName': 'Ana', 'lastName': 'Silva', 'email': 'ana@email.com', 'cpf': '08735257016', 'phone': '+5511999999999', 'password': 'senha123', 'confirmPassword': 'senha123'}, 'new': {'password'...</msg>
<status status="PASS" starttime="20230924 10:01:03.107" endtime="20230924 10:01:03.108"/>
</kw>
<kw name="Remove user from database" library="database">
<arg>email</arg>
<arg>${data}[user][email]</arg>
<status status="PASS" starttime="20230924 10:01:03.108" endtime="20230924 10:01:03.110"/>
</kw>
<kw name="Insert user into database" library="database">
<arg>${data}[user]</arg>
<status status="PASS" starttime="20230924 10:01:03.110" endtime="20230924 10:01:03.170"/>
</kw>
<kw name="Do login" library="UserController">
<arg>${data}[user]</arg>
<kw name="Create Dictionary" library="BuiltIn">
<var>${body}</var>
<arg>email=${user}[email]</arg>
<arg>password=${user}[password]</arg>
<doc>Creates and returns a dictionary based on the given ``items``.</doc>
<msg timestamp="20230924 10:01:03.171" level="INFO">${body} = {'email': 'ana@email.com', 'password': 'senha123'}</msg>
<status status="PASS" starttime="20230924 10:01:03.171" endtime="20230924 10:01:03.171"/>
</kw>
<kw name="POST" library="RequestsLibrary">
<var>${response}</var>
<arg>url=${url}/login</arg>
<arg>json=${body}</arg>
<arg>expected_status=201</arg>
<doc>Sends a POST request.</doc>
<msg timestamp="20230924 10:01:03.230" level="INFO">POST Request : url=http://localhost:8000/login 
 path_url=/login 
 headers={'User-Agent': 'python-requests/2.31.0', 'Accept-Encoding': 'gzip, deflate', 'Accept': '*/*', 'Connection': 'keep-alive', 'Content-Length': '50', 'Content-Type': 'application/json'} 
 body=b'{"email": "ana@email.com", "password": "senha123"}' 
 </msg>
<msg timestamp="20230924 10:01:03.230" level="INFO">POST Response : url=http://localhost:8000/login 
 status=201, reason=Created 
 headers={'X-Powered-By': 'Express', 'Access-Control-Allow-Origin': '*', 'Content-Type': 'application/json; charset=utf-8', 'Content-Length': '276', 'ETag': 'W/"114-25j/xQ6VEYwdoO6xfm/aRMAxKsA"', 'Date': 'Sun, 24 Sep 2023 13:01:03 GMT', 'Connection': 'keep-alive', 'Keep-Alive': 'timeout=5'} 
 body={"user":{"id":333,"firstName":"Ana","lastName":"Silva","email":"ana@email.com","cpf":"08735257016","phone":"+5511999999999"},"token":"eyJhbGciOiJIUzI1NiIsInR5cCI6IkpXVCJ9.eyJpZCI6MzMzLCJpYXQiOjE2OTU1NjA0NjMsImV4cCI6MTY5NTU4OTI2M30.5TPp5_oQTVJBeYnLKFFNeg0yQsTw6PArXz2cbb9qGt8"} 
 </msg>
<msg timestamp="20230924 10:01:03.230" level="INFO">${response} = &lt;Response [201]&gt;</msg>
<status status="PASS" starttime="20230924 10:01:03.171" endtime="20230924 10:01:03.230"/>
</kw>
<kw name="Set Variable" library="BuiltIn">
<var>${token}</var>
<arg>${response.json()}[token]</arg>
<doc>Returns the given values which can then be assigned to a variables.</doc>
<msg timestamp="20230924 10:01:03.234" level="INFO">${token} = eyJhbGciOiJIUzI1NiIsInR5cCI6IkpXVCJ9.eyJpZCI6MzMzLCJpYXQiOjE2OTU1NjA0NjMsImV4cCI6MTY5NTU4OTI2M30.5TPp5_oQTVJBeYnLKFFNeg0yQsTw6PArXz2cbb9qGt8</msg>
<status status="PASS" starttime="20230924 10:01:03.234" endtime="20230924 10:01:03.234"/>
</kw>
<kw name="Set Test Variable" library="BuiltIn">
<arg>${token}</arg>
<doc>Makes a variable available everywhere within the scope of the current test.</doc>
<msg timestamp="20230924 10:01:03.234" level="INFO">${token} = eyJhbGciOiJIUzI1NiIsInR5cCI6IkpXVCJ9.eyJpZCI6MzMzLCJpYXQiOjE2OTU1NjA0NjMsImV4cCI6MTY5NTU4OTI2M30.5TPp5_oQTVJBeYnLKFFNeg0yQsTw6PArXz2cbb9qGt8</msg>
<status status="PASS" starttime="20230924 10:01:03.234" endtime="20230924 10:01:03.234"/>
</kw>
<status status="PASS" starttime="20230924 10:01:03.171" endtime="20230924 10:01:03.234"/>
</kw>
<kw name="New password" library="UserController">
<arg>${data}[new]</arg>
<arg>204</arg>
<kw name="Create Dictionary" library="BuiltIn">
<var>${headers}</var>
<arg>Authorization=Bearer ${token}</arg>
<doc>Creates and returns a dictionary based on the given ``items``.</doc>
<msg timestamp="20230924 10:01:03.235" level="INFO">${headers} = {'Authorization': 'Bearer eyJhbGciOiJIUzI1NiIsInR5cCI6IkpXVCJ9.eyJpZCI6MzMzLCJpYXQiOjE2OTU1NjA0NjMsImV4cCI6MTY5NTU4OTI2M30.5TPp5_oQTVJBeYnLKFFNeg0yQsTw6PArXz2cbb9qGt8'}</msg>
<status status="PASS" starttime="20230924 10:01:03.235" endtime="20230924 10:01:03.235"/>
</kw>
<kw name="PUT" library="RequestsLibrary">
<arg>url=${url}/user/newPassword</arg>
<arg>headers=${headers}</arg>
<arg>json=${body}</arg>
<arg>expected_status=${status}</arg>
<doc>Sends a PUT request.</doc>
<msg timestamp="20230924 10:01:03.357" level="INFO">PUT Request : url=http://localhost:8000/user/newPassword 
 path_url=/user/newPassword 
 headers={'User-Agent': 'python-requests/2.31.0', 'Accept-Encoding': 'gzip, deflate', 'Accept': '*/*', 'Connection': 'keep-alive', 'Authorization': 'Bearer eyJhbGciOiJIUzI1NiIsInR5cCI6IkpXVCJ9.eyJpZCI6MzMzLCJpYXQiOjE2OTU1NjA0NjMsImV4cCI6MTY5NTU4OTI2M30.5TPp5_oQTVJBeYnLKFFNeg0yQsTw6PArXz2cbb9qGt8', 'Content-Length': '85', 'Content-Type': 'application/json'} 
 body=b'{"password": "senha123", "newPassword": "senha456", "confirmNewPassword": "senha456"}' 
 </msg>
<msg timestamp="20230924 10:01:03.357" level="INFO">PUT Response : url=http://localhost:8000/user/newPassword 
 status=204, reason=No Content 
 headers={'X-Powered-By': 'Express', 'Access-Control-Allow-Origin': '*', 'Date': 'Sun, 24 Sep 2023 13:01:03 GMT', 'Connection': 'keep-alive', 'Keep-Alive': 'timeout=5'} 
 body=None 
 </msg>
<status status="PASS" starttime="20230924 10:01:03.236" endtime="20230924 10:01:03.357"/>
</kw>
<status status="PASS" starttime="20230924 10:01:03.235" endtime="20230924 10:01:03.357"/>
</kw>
<tag>success</tag>
<status status="PASS" starttime="20230924 10:01:03.106" endtime="20230924 10:01:03.358"/>
</test>
<test id="s1-s4-t2" name="Should not be able to edit logged-in user password for an invalid password" line="18">
<kw name="Get data" library="main">
<var>${data}</var>
<arg>user</arg>
<arg>newPassword</arg>
<kw name="Load Json From File" library="JSONLibrary">
<var>${data}</var>
<arg>${EXECDIR}/resources/json/${fileName}.json</arg>
<arg>encoding=utf-8</arg>
<doc>Load JSON from file.</doc>
<msg timestamp="20230924 10:01:03.361" level="INFO">${data} = {'register': {'user': {'firstName': 'João', 'lastName': 'Silva', 'email': 'joao@email.com', 'cpf': '84769371055', 'phone': '+5511987654321', 'password': 'senha123', 'confirmPassword': 'senha123'}, 'us...</msg>
<status status="PASS" starttime="20230924 10:01:03.360" endtime="20230924 10:01:03.361"/>
</kw>
<return>
<value>${data}[${scenario}]</value>
<status status="PASS" starttime="20230924 10:01:03.361" endtime="20230924 10:01:03.361"/>
</return>
<msg timestamp="20230924 10:01:03.361" level="INFO">${data} = {'user': {'firstName': 'Ana', 'lastName': 'Silva', 'email': 'ana@email.com', 'cpf': '08735257016', 'phone': '+5511999999999', 'password': 'senha123', 'confirmPassword': 'senha123'}, 'new': {'password'...</msg>
<status status="PASS" starttime="20230924 10:01:03.360" endtime="20230924 10:01:03.361"/>
</kw>
<kw name="Remove user from database" library="database">
<arg>email</arg>
<arg>${data}[user][email]</arg>
<status status="PASS" starttime="20230924 10:01:03.361" endtime="20230924 10:01:03.362"/>
</kw>
<kw name="Insert user into database" library="database">
<arg>${data}[user]</arg>
<status status="PASS" starttime="20230924 10:01:03.362" endtime="20230924 10:01:03.420"/>
</kw>
<kw name="Do login" library="UserController">
<arg>${data}[user]</arg>
<kw name="Create Dictionary" library="BuiltIn">
<var>${body}</var>
<arg>email=${user}[email]</arg>
<arg>password=${user}[password]</arg>
<doc>Creates and returns a dictionary based on the given ``items``.</doc>
<msg timestamp="20230924 10:01:03.421" level="INFO">${body} = {'email': 'ana@email.com', 'password': 'senha123'}</msg>
<status status="PASS" starttime="20230924 10:01:03.421" endtime="20230924 10:01:03.421"/>
</kw>
<kw name="POST" library="RequestsLibrary">
<var>${response}</var>
<arg>url=${url}/login</arg>
<arg>json=${body}</arg>
<arg>expected_status=201</arg>
<doc>Sends a POST request.</doc>
<msg timestamp="20230924 10:01:03.480" level="INFO">POST Request : url=http://localhost:8000/login 
 path_url=/login 
 headers={'User-Agent': 'python-requests/2.31.0', 'Accept-Encoding': 'gzip, deflate', 'Accept': '*/*', 'Connection': 'keep-alive', 'Content-Length': '50', 'Content-Type': 'application/json'} 
 body=b'{"email": "ana@email.com", "password": "senha123"}' 
 </msg>
<msg timestamp="20230924 10:01:03.480" level="INFO">POST Response : url=http://localhost:8000/login 
 status=201, reason=Created 
 headers={'X-Powered-By': 'Express', 'Access-Control-Allow-Origin': '*', 'Content-Type': 'application/json; charset=utf-8', 'Content-Length': '276', 'ETag': 'W/"114-oxtPUjVfI03kOeF44WaTfe8B21I"', 'Date': 'Sun, 24 Sep 2023 13:01:03 GMT', 'Connection': 'keep-alive', 'Keep-Alive': 'timeout=5'} 
 body={"user":{"id":334,"firstName":"Ana","lastName":"Silva","email":"ana@email.com","cpf":"08735257016","phone":"+5511999999999"},"token":"eyJhbGciOiJIUzI1NiIsInR5cCI6IkpXVCJ9.eyJpZCI6MzM0LCJpYXQiOjE2OTU1NjA0NjMsImV4cCI6MTY5NTU4OTI2M30.XnHJMEeWkR-KgaNh-hB29a1uiKui-FKqKJDkF074xlk"} 
 </msg>
<msg timestamp="20230924 10:01:03.480" level="INFO">${response} = &lt;Response [201]&gt;</msg>
<status status="PASS" starttime="20230924 10:01:03.421" endtime="20230924 10:01:03.480"/>
</kw>
<kw name="Set Variable" library="BuiltIn">
<var>${token}</var>
<arg>${response.json()}[token]</arg>
<doc>Returns the given values which can then be assigned to a variables.</doc>
<msg timestamp="20230924 10:01:03.486" level="INFO">${token} = eyJhbGciOiJIUzI1NiIsInR5cCI6IkpXVCJ9.eyJpZCI6MzM0LCJpYXQiOjE2OTU1NjA0NjMsImV4cCI6MTY5NTU4OTI2M30.XnHJMEeWkR-KgaNh-hB29a1uiKui-FKqKJDkF074xlk</msg>
<status status="PASS" starttime="20230924 10:01:03.486" endtime="20230924 10:01:03.486"/>
</kw>
<kw name="Set Test Variable" library="BuiltIn">
<arg>${token}</arg>
<doc>Makes a variable available everywhere within the scope of the current test.</doc>
<msg timestamp="20230924 10:01:03.486" level="INFO">${token} = eyJhbGciOiJIUzI1NiIsInR5cCI6IkpXVCJ9.eyJpZCI6MzM0LCJpYXQiOjE2OTU1NjA0NjMsImV4cCI6MTY5NTU4OTI2M30.XnHJMEeWkR-KgaNh-hB29a1uiKui-FKqKJDkF074xlk</msg>
<status status="PASS" starttime="20230924 10:01:03.486" endtime="20230924 10:01:03.486"/>
</kw>
<status status="PASS" starttime="20230924 10:01:03.421" endtime="20230924 10:01:03.486"/>
</kw>
<kw name="Copy Dictionary" library="Collections">
<var>${new}</var>
<arg>${data}[new]</arg>
<doc>Returns a copy of the given dictionary.</doc>
<msg timestamp="20230924 10:01:03.487" level="INFO">${new} = {'password': 'senha123', 'newPassword': 'senha456', 'confirmNewPassword': 'senha456'}</msg>
<status status="PASS" starttime="20230924 10:01:03.487" endtime="20230924 10:01:03.487"/>
</kw>
<kw name="Set To Dictionary" library="Collections">
<arg>${new}</arg>
<arg>password=senha123456</arg>
<doc>Adds the given ``key_value_pairs`` and/or ``items`` to the ``dictionary``.</doc>
<status status="PASS" starttime="20230924 10:01:03.488" endtime="20230924 10:01:03.488"/>
</kw>
<kw name="New password error" library="UserController">
<arg>${new}</arg>
<arg>400</arg>
<arg>Senha inválida.</arg>
<kw name="Create Dictionary" library="BuiltIn">
<var>${headers}</var>
<arg>Authorization=Bearer ${token}</arg>
<doc>Creates and returns a dictionary based on the given ``items``.</doc>
<msg timestamp="20230924 10:01:03.489" level="INFO">${headers} = {'Authorization': 'Bearer eyJhbGciOiJIUzI1NiIsInR5cCI6IkpXVCJ9.eyJpZCI6MzM0LCJpYXQiOjE2OTU1NjA0NjMsImV4cCI6MTY5NTU4OTI2M30.XnHJMEeWkR-KgaNh-hB29a1uiKui-FKqKJDkF074xlk'}</msg>
<status status="PASS" starttime="20230924 10:01:03.488" endtime="20230924 10:01:03.489"/>
</kw>
<kw name="PUT" library="RequestsLibrary">
<var>${response}</var>
<arg>url=${url}/user/newPassword</arg>
<arg>headers=${headers}</arg>
<arg>json=${body}</arg>
<arg>expected_status=${status}</arg>
<doc>Sends a PUT request.</doc>
<msg timestamp="20230924 10:01:03.612" level="INFO">PUT Request : url=http://localhost:8000/user/newPassword 
 path_url=/user/newPassword 
 headers={'User-Agent': 'python-requests/2.31.0', 'Accept-Encoding': 'gzip, deflate', 'Accept': '*/*', 'Connection': 'keep-alive', 'Authorization': 'Bearer eyJhbGciOiJIUzI1NiIsInR5cCI6IkpXVCJ9.eyJpZCI6MzM0LCJpYXQiOjE2OTU1NjA0NjMsImV4cCI6MTY5NTU4OTI2M30.XnHJMEeWkR-KgaNh-hB29a1uiKui-FKqKJDkF074xlk', 'Content-Length': '88', 'Content-Type': 'application/json'} 
 body=b'{"password": "senha123456", "newPassword": "senha456", "confirmNewPassword": "senha456"}' 
 </msg>
<msg timestamp="20230924 10:01:03.612" level="INFO">PUT Response : url=http://localhost:8000/user/newPassword 
 status=400, reason=Bad Request 
 headers={'X-Powered-By': 'Express', 'Access-Control-Allow-Origin': '*', 'Content-Type': 'application/json; charset=utf-8', 'Content-Length': '58', 'ETag': 'W/"3a-19aUV+szlfpbZznz4+7BQyQELjo"', 'Date': 'Sun, 24 Sep 2023 13:01:03 GMT', 'Connection': 'keep-alive', 'Keep-Alive': 'timeout=5'} 
 body={"error":{"type":"password","message":"Senha inválida."}} 
 </msg>
<msg timestamp="20230924 10:01:03.612" level="INFO">${response} = &lt;Response [400]&gt;</msg>
<status status="PASS" starttime="20230924 10:01:03.489" endtime="20230924 10:01:03.612"/>
</kw>
<kw name="Set Variable" library="BuiltIn">
<var>${message}</var>
<arg>${response.json()}[error][message]</arg>
<doc>Returns the given values which can then be assigned to a variables.</doc>
<msg timestamp="20230924 10:01:03.614" level="INFO">${message} = Senha inválida.</msg>
<status status="PASS" starttime="20230924 10:01:03.614" endtime="20230924 10:01:03.614"/>
</kw>
<kw name="Should Be Equal As Strings" library="BuiltIn">
<arg>${message}</arg>
<arg>${expectedMessage}</arg>
<doc>Fails if objects are unequal after converting them to strings.</doc>
[...]
<status status="PASS" starttime="20230924 10:01:11.000" endtime="20230924 10:01:11.000"/>
</kw>
<kw name="Set To Dictionary" library="Collections">
<arg>${user}</arg>
<arg>${element}=${EMPTY}</arg>
<doc>Adds the given ``key_value_pairs`` and/or ``items`` to the ``dictionary``.</doc>
<status status="PASS" starttime="20230924 10:01:11.000" endtime="20230924 10:01:11.000"/>
</kw>
<kw name="Remove From Dictionary" library="Collections">
<arg>${user}</arg>
<arg>confirmPassword</arg>
<doc>Removes the given ``keys`` from the ``dictionary``.</doc>
<msg timestamp="20230924 10:01:11.000" level="INFO">Removed item with key 'confirmPassword' and value 'senha789'.</msg>
<status status="PASS" starttime="20230924 10:01:11.000" endtime="20230924 10:01:11.000"/>
</kw>
<kw name="Get Index From List" library="Collections">
<var>${index}</var>
<arg>${required_list}</arg>
<arg>${element}</arg>
<doc>Returns the index of the first occurrence of the ``value`` on the list.</doc>
<msg timestamp="20230924 10:01:11.000" level="INFO">${index} = 2</msg>
<status status="PASS" starttime="20230924 10:01:11.000" endtime="20230924 10:01:11.000"/>
</kw>
<kw name="Get From List" library="Collections">
<var>${name_message}</var>
<arg>${name_message_list}</arg>
<arg>${index}</arg>
<doc>Returns the value specified with an ``index`` from ``list``.</doc>
<msg timestamp="20230924 10:01:11.000" level="INFO">${name_message} = Email</msg>
<status status="PASS" starttime="20230924 10:01:11.000" endtime="20230924 10:01:11.000"/>
</kw>
<if>
<branch type="IF" condition="'${element}' == 'password'">
<kw name="Set Variable" library="BuiltIn">
<var>${message}</var>
<arg>A Senha é obrigatória.</arg>
<doc>Returns the given values which can then be assigned to a variables.</doc>
<status status="NOT RUN" starttime="20230924 10:01:11.000" endtime="20230924 10:01:11.000"/>
</kw>
<status status="NOT RUN" starttime="20230924 10:01:11.000" endtime="20230924 10:01:11.000"/>
</branch>
<branch type="ELSE">
<kw name="Set Variable" library="BuiltIn">
<var>${message}</var>
<arg>O ${name_message} é obrigatório.</arg>
<doc>Returns the given values which can then be assigned to a variables.</doc>
<msg timestamp="20230924 10:01:11.000" level="INFO">${message} = O Email é obrigatório.</msg>
<status status="PASS" starttime="20230924 10:01:11.000" endtime="20230924 10:01:11.000"/>
</kw>
<status status="PASS" starttime="20230924 10:01:11.000" endtime="20230924 10:01:11.000"/>
</branch>
<status status="PASS" starttime="20230924 10:01:11.000" endtime="20230924 10:01:11.000"/>
</if>
<kw name="Do login" library="UserController">
<arg>${data}[user]</arg>
<kw name="Create Dictionary" library="BuiltIn">
<var>${body}</var>
<arg>email=${user}[email]</arg>
<arg>password=${user}[password]</arg>
<doc>Creates and returns a dictionary based on the given ``items``.</doc>
<msg timestamp="20230924 10:01:11.000" level="INFO">${body} = {'email': 'carlos@email.com', 'password': 'senha789'}</msg>
<status status="PASS" starttime="20230924 10:01:11.000" endtime="20230924 10:01:11.000"/>
</kw>
<kw name="POST" library="RequestsLibrary">
<var>${response}</var>
<arg>url=${url}/login</arg>
<arg>json=${body}</arg>
<arg>expected_status=201</arg>
<doc>Sends a POST request.</doc>
<msg timestamp="20230924 10:01:11.069" level="INFO">POST Request : url=http://localhost:8000/login 
 path_url=/login 
 headers={'User-Agent': 'python-requests/2.31.0', 'Accept-Encoding': 'gzip, deflate', 'Accept': '*/*', 'Connection': 'keep-alive', 'Content-Length': '53', 'Content-Type': 'application/json'} 
 body=b'{"email": "carlos@email.com", "password": "senha789"}' 
 </msg>
<msg timestamp="20230924 10:01:11.069" level="INFO">POST Response : url=http://localhost:8000/login 
 status=201, reason=Created 
 headers={'X-Powered-By': 'Express', 'Access-Control-Allow-Origin': '*', 'Content-Type': 'application/json; charset=utf-8', 'Content-Length': '286', 'ETag': 'W/"11e-EytxsHSCD0shEOxCfOKnCwf5eE0"', 'Date': 'Sun, 24 Sep 2023 13:01:11 GMT', 'Connection': 'keep-alive', 'Keep-Alive': 'timeout=5'} 
 body={"user":{"id":348,"firstName":"Carlos","lastName":"Rodrigues","email":"carlos@email.com","cpf":"06069110064","phone":"+5511777777777"},"token":"eyJhbGciOiJIUzI1NiIsInR5cCI6IkpXVCJ9.eyJpZCI6MzQ4LCJpYXQiOjE2OTU1NjA0NzEsImV4cCI6MTY5NTU4OTI3MX0.cq9B8hTiF-Nt3Hbk6gghkIa3tRO25vtcPeqg5r_x88U"} 
 </msg>
<msg timestamp="20230924 10:01:11.069" level="INFO">${response} = &lt;Response [201]&gt;</msg>
<status status="PASS" starttime="20230924 10:01:11.000" endtime="20230924 10:01:11.069"/>
</kw>
<kw name="Set Variable" library="BuiltIn">
<var>${token}</var>
<arg>${response.json()}[token]</arg>
<doc>Returns the given values which can then be assigned to a variables.</doc>
<msg timestamp="20230924 10:01:11.070" level="INFO">${token} = eyJhbGciOiJIUzI1NiIsInR5cCI6IkpXVCJ9.eyJpZCI6MzQ4LCJpYXQiOjE2OTU1NjA0NzEsImV4cCI6MTY5NTU4OTI3MX0.cq9B8hTiF-Nt3Hbk6gghkIa3tRO25vtcPeqg5r_x88U</msg>
<status status="PASS" starttime="20230924 10:01:11.070" endtime="20230924 10:01:11.070"/>
</kw>
<kw name="Set Test Variable" library="BuiltIn">
<arg>${token}</arg>
<doc>Makes a variable available everywhere within the scope of the current test.</doc>
<msg timestamp="20230924 10:01:11.070" level="INFO">${token} = eyJhbGciOiJIUzI1NiIsInR5cCI6IkpXVCJ9.eyJpZCI6MzQ4LCJpYXQiOjE2OTU1NjA0NzEsImV4cCI6MTY5NTU4OTI3MX0.cq9B8hTiF-Nt3Hbk6gghkIa3tRO25vtcPeqg5r_x88U</msg>
<status status="PASS" starttime="20230924 10:01:11.070" endtime="20230924 10:01:11.070"/>
</kw>
<status status="PASS" starttime="20230924 10:01:11.000" endtime="20230924 10:01:11.070"/>
</kw>
<kw name="Update user error" library="UserController">
<arg>${user}</arg>
<arg>400</arg>
<arg>${message}</arg>
<kw name="Create Dictionary" library="BuiltIn">
<var>${headers}</var>
<arg>Authorization=Bearer ${token}</arg>
<doc>Creates and returns a dictionary based on the given ``items``.</doc>
<msg timestamp="20230924 10:01:11.071" level="INFO">${headers} = {'Authorization': 'Bearer eyJhbGciOiJIUzI1NiIsInR5cCI6IkpXVCJ9.eyJpZCI6MzQ4LCJpYXQiOjE2OTU1NjA0NzEsImV4cCI6MTY5NTU4OTI3MX0.cq9B8hTiF-Nt3Hbk6gghkIa3tRO25vtcPeqg5r_x88U'}</msg>
<status status="PASS" starttime="20230924 10:01:11.071" endtime="20230924 10:01:11.071"/>
</kw>
<kw name="PUT" library="RequestsLibrary">
<var>${response}</var>
<arg>url=${url}/user</arg>
<arg>headers=${headers}</arg>
<arg>json=${body}</arg>
<arg>expected_status=${status}</arg>
<doc>Sends a PUT request.</doc>
<msg timestamp="20230924 10:01:11.076" level="INFO">PUT Request : url=http://localhost:8000/user 
 path_url=/user 
 headers={'User-Agent': 'python-requests/2.31.0', 'Accept-Encoding': 'gzip, deflate', 'Accept': '*/*', 'Connection': 'keep-alive', 'Authorization': 'Bearer eyJhbGciOiJIUzI1NiIsInR5cCI6IkpXVCJ9.eyJpZCI6MzQ4LCJpYXQiOjE2OTU1NjA0NzEsImV4cCI6MTY5NTU4OTI3MX0.cq9B8hTiF-Nt3Hbk6gghkIa3tRO25vtcPeqg5r_x88U', 'Content-Length': '134', 'Content-Type': 'application/json'} 
 body=b'{"firstName": "Carlos", "lastName": "Rodrigues", "email": "", "cpf": "06069110064", "phone": "+5511777777777", "password": "senha789"}' 
 </msg>
<msg timestamp="20230924 10:01:11.076" level="INFO">PUT Response : url=http://localhost:8000/user 
 status=400, reason=Bad Request 
 headers={'X-Powered-By': 'Express', 'Access-Control-Allow-Origin': '*', 'Content-Type': 'application/json; charset=utf-8', 'Content-Length': '63', 'ETag': 'W/"3f-Kdw6d4F5+8NmP6Ti1x6HTTIT3L4"', 'Date': 'Sun, 24 Sep 2023 13:01:11 GMT', 'Connection': 'keep-alive', 'Keep-Alive': 'timeout=5'} 
 body={"error":{"type":"email","message":"O Email é obrigatório."}} 
 </msg>
<msg timestamp="20230924 10:01:11.076" level="INFO">${response} = &lt;Response [400]&gt;</msg>
<status status="PASS" starttime="20230924 10:01:11.071" endtime="20230924 10:01:11.076"/>
</kw>
<kw name="Set Variable" library="BuiltIn">
<var>${message}</var>
<arg>${response.json()}[error][message]</arg>
<doc>Returns the given values which can then be assigned to a variables.</doc>
<msg timestamp="20230924 10:01:11.077" level="INFO">${message} = O Email é obrigatório.</msg>
<status status="PASS" starttime="20230924 10:01:11.077" endtime="20230924 10:01:11.077"/>
</kw>
<kw name="Should Be Equal As Strings" library="BuiltIn">
<arg>${message}</arg>
<arg>${expectedMessage}</arg>
<doc>Fails if objects are unequal after converting them to strings.</doc>
<status status="PASS" starttime="20230924 10:01:11.077" endtime="20230924 10:01:11.077"/>
</kw>
<status status="PASS" starttime="20230924 10:01:11.070" endtime="20230924 10:01:11.077"/>
</kw>
<status status="PASS" starttime="20230924 10:01:11.000" endtime="20230924 10:01:11.077"/>
</iter>
<iter>
<var name="${element}">password</var>
<kw name="Copy Dictionary" library="Collections">
<var>${user}</var>
<arg>${data}[user]</arg>
<doc>Returns a copy of the given dictionary.</doc>
<msg timestamp="20230924 10:01:11.078" level="INFO">${user} = {'firstName': 'Carlos', 'lastName': 'Rodrigues', 'email': 'carlos@email.com', 'cpf': '06069110064', 'phone': '+5511777777777', 'password': 'senha789', 'confirmPassword': 'senha789'}</msg>
<status status="PASS" starttime="20230924 10:01:11.077" endtime="20230924 10:01:11.078"/>
</kw>
<kw name="Set To Dictionary" library="Collections">
<arg>${user}</arg>
<arg>${element}=${EMPTY}</arg>
<doc>Adds the given ``key_value_pairs`` and/or ``items`` to the ``dictionary``.</doc>
<status status="PASS" starttime="20230924 10:01:11.078" endtime="20230924 10:01:11.078"/>
</kw>
<kw name="Remove From Dictionary" library="Collections">
<arg>${user}</arg>
<arg>confirmPassword</arg>
<doc>Removes the given ``keys`` from the ``dictionary``.</doc>
<msg timestamp="20230924 10:01:11.078" level="INFO">Removed item with key 'confirmPassword' and value 'senha789'.</msg>
<status status="PASS" starttime="20230924 10:01:11.078" endtime="20230924 10:01:11.079"/>
</kw>
<kw name="Get Index From List" library="Collections">
<var>${index}</var>
<arg>${required_list}</arg>
<arg>${element}</arg>
<doc>Returns the index of the first occurrence of the ``value`` on the list.</doc>
<msg timestamp="20230924 10:01:11.079" level="INFO">${index} = 3</msg>
<status status="PASS" starttime="20230924 10:01:11.079" endtime="20230924 10:01:11.079"/>
</kw>
<kw name="Get From List" library="Collections">
<var>${name_message}</var>
<arg>${name_message_list}</arg>
<arg>${index}</arg>
<doc>Returns the value specified with an ``index`` from ``list``.</doc>
<msg timestamp="20230924 10:01:11.079" level="INFO">${name_message} = Senha</msg>
<status status="PASS" starttime="20230924 10:01:11.079" endtime="20230924 10:01:11.079"/>
</kw>
<if>
<branch type="IF" condition="'${element}' == 'password'">
<kw name="Set Variable" library="BuiltIn">
<var>${message}</var>
<arg>A Senha é obrigatória.</arg>
<doc>Returns the given values which can then be assigned to a variables.</doc>
<msg timestamp="20230924 10:01:11.079" level="INFO">${message} = A Senha é obrigatória.</msg>
<status status="PASS" starttime="20230924 10:01:11.079" endtime="20230924 10:01:11.079"/>
</kw>
<status status="PASS" starttime="20230924 10:01:11.079" endtime="20230924 10:01:11.079"/>
</branch>
<branch type="ELSE">
<kw name="Set Variable" library="BuiltIn">
<var>${message}</var>
<arg>O ${name_message} é obrigatório.</arg>
<doc>Returns the given values which can then be assigned to a variables.</doc>
<status status="NOT RUN" starttime="20230924 10:01:11.079" endtime="20230924 10:01:11.079"/>
</kw>
<status status="NOT RUN" starttime="20230924 10:01:11.079" endtime="20230924 10:01:11.079"/>
</branch>
<status status="PASS" starttime="20230924 10:01:11.079" endtime="20230924 10:01:11.079"/>
</if>
<kw name="Do login" library="UserController">
<arg>${data}[user]</arg>
<kw name="Create Dictionary" library="BuiltIn">
<var>${body}</var>
<arg>email=${user}[email]</arg>
<arg>password=${user}[password]</arg>
<doc>Creates and returns a dictionary based on the given ``items``.</doc>
<msg timestamp="20230924 10:01:11.079" level="INFO">${body} = {'email': 'carlos@email.com', 'password': 'senha789'}</msg>
<status status="PASS" starttime="20230924 10:01:11.079" endtime="20230924 10:01:11.079"/>
</kw>
<kw name="POST" library="RequestsLibrary">
<var>${response}</var>
<arg>url=${url}/login</arg>
<arg>json=${body}</arg>
<arg>expected_status=201</arg>
<doc>Sends a POST request.</doc>
<msg timestamp="20230924 10:01:11.130" level="INFO">POST Request : url=http://localhost:8000/login 
 path_url=/login 
 headers={'User-Agent': 'python-requests/2.31.0', 'Accept-Encoding': 'gzip, deflate', 'Accept': '*/*', 'Connection': 'keep-alive', 'Content-Length': '53', 'Content-Type': 'application/json'} 
 body=b'{"email": "carlos@email.com", "password": "senha789"}' 
 </msg>
<msg timestamp="20230924 10:01:11.130" level="INFO">POST Response : url=http://localhost:8000/login 
 status=201, reason=Created 
 headers={'X-Powered-By': 'Express', 'Access-Control-Allow-Origin': '*', 'Content-Type': 'application/json; charset=utf-8', 'Content-Length': '286', 'ETag': 'W/"11e-EytxsHSCD0shEOxCfOKnCwf5eE0"', 'Date': 'Sun, 24 Sep 2023 13:01:11 GMT', 'Connection': 'keep-alive', 'Keep-Alive': 'timeout=5'} 
 body={"user":{"id":348,"firstName":"Carlos","lastName":"Rodrigues","email":"carlos@email.com","cpf":"06069110064","phone":"+5511777777777"},"token":"eyJhbGciOiJIUzI1NiIsInR5cCI6IkpXVCJ9.eyJpZCI6MzQ4LCJpYXQiOjE2OTU1NjA0NzEsImV4cCI6MTY5NTU4OTI3MX0.cq9B8hTiF-Nt3Hbk6gghkIa3tRO25vtcPeqg5r_x88U"} 
 </msg>
<msg timestamp="20230924 10:01:11.130" level="INFO">${response} = &lt;Response [201]&gt;</msg>
<status status="PASS" starttime="20230924 10:01:11.079" endtime="20230924 10:01:11.130"/>
</kw>
<kw name="Set Variable" library="BuiltIn">
<var>${token}</var>
<arg>${response.json()}[token]</arg>
<doc>Returns the given values which can then be assigned to a variables.</doc>
<msg timestamp="20230924 10:01:11.130" level="INFO">${token} = eyJhbGciOiJIUzI1NiIsInR5cCI6IkpXVCJ9.eyJpZCI6MzQ4LCJpYXQiOjE2OTU1NjA0NzEsImV4cCI6MTY5NTU4OTI3MX0.cq9B8hTiF-Nt3Hbk6gghkIa3tRO25vtcPeqg5r_x88U</msg>
<status status="PASS" starttime="20230924 10:01:11.130" endtime="20230924 10:01:11.130"/>
</kw>
<kw name="Set Test Variable" library="BuiltIn">
<arg>${token}</arg>
<doc>Makes a variable available everywhere within the scope of the current test.</doc>
<msg timestamp="20230924 10:01:11.145" level="INFO">${token} = eyJhbGciOiJIUzI1NiIsInR5cCI6IkpXVCJ9.eyJpZCI6MzQ4LCJpYXQiOjE2OTU1NjA0NzEsImV4cCI6MTY5NTU4OTI3MX0.cq9B8hTiF-Nt3Hbk6gghkIa3tRO25vtcPeqg5r_x88U</msg>
<status status="PASS" starttime="20230924 10:01:11.130" endtime="20230924 10:01:11.145"/>
</kw>
<status status="PASS" starttime="20230924 10:01:11.079" endtime="20230924 10:01:11.145"/>
</kw>
<kw name="Update user error" library="UserController">
<arg>${user}</arg>
<arg>400</arg>
<arg>${message}</arg>
<kw name="Create Dictionary" library="BuiltIn">
<var>${headers}</var>
<arg>Authorization=Bearer ${token}</arg>
<doc>Creates and returns a dictionary based on the given ``items``.</doc>
<msg timestamp="20230924 10:01:11.145" level="INFO">${headers} = {'Authorization': 'Bearer eyJhbGciOiJIUzI1NiIsInR5cCI6IkpXVCJ9.eyJpZCI6MzQ4LCJpYXQiOjE2OTU1NjA0NzEsImV4cCI6MTY5NTU4OTI3MX0.cq9B8hTiF-Nt3Hbk6gghkIa3tRO25vtcPeqg5r_x88U'}</msg>
<status status="PASS" starttime="20230924 10:01:11.145" endtime="20230924 10:01:11.145"/>
</kw>
<kw name="PUT" library="RequestsLibrary">
<var>${response}</var>
<arg>url=${url}/user</arg>
<arg>headers=${headers}</arg>
<arg>json=${body}</arg>
<arg>expected_status=${status}</arg>
<doc>Sends a PUT request.</doc>
<msg timestamp="20230924 10:01:11.151" level="INFO">PUT Request : url=http://localhost:8000/user 
 path_url=/user 
 headers={'User-Agent': 'python-requests/2.31.0', 'Accept-Encoding': 'gzip, deflate', 'Accept': '*/*', 'Connection': 'keep-alive', 'Authorization': 'Bearer eyJhbGciOiJIUzI1NiIsInR5cCI6IkpXVCJ9.eyJpZCI6MzQ4LCJpYXQiOjE2OTU1NjA0NzEsImV4cCI6MTY5NTU4OTI3MX0.cq9B8hTiF-Nt3Hbk6gghkIa3tRO25vtcPeqg5r_x88U', 'Content-Length': '142', 'Content-Type': 'application/json'} 
 body=b'{"firstName": "Carlos", "lastName": "Rodrigues", "email": "carlos@email.com", "cpf": "06069110064", "phone": "+5511777777777", "password": ""}' 
 </msg>
<msg timestamp="20230924 10:01:11.151" level="INFO">PUT Response : url=http://localhost:8000/user 
 status=400, reason=Bad Request 
 headers={'X-Powered-By': 'Express', 'Access-Control-Allow-Origin': '*', 'Content-Type': 'application/json; charset=utf-8', 'Content-Length': '66', 'ETag': 'W/"42-i17d2cJh1E30mJcOmCAGY/38VJQ"', 'Date': 'Sun, 24 Sep 2023 13:01:11 GMT', 'Connection': 'keep-alive', 'Keep-Alive': 'timeout=5'} 
 body={"error":{"type":"password","message":"A Senha é obrigatória."}} 
 </msg>
<msg timestamp="20230924 10:01:11.151" level="INFO">${response} = &lt;Response [400]&gt;</msg>
<status status="PASS" starttime="20230924 10:01:11.146" endtime="20230924 10:01:11.151"/>
</kw>
<kw name="Set Variable" library="BuiltIn">
<var>${message}</var>
<arg>${response.json()}[error][message]</arg>
<doc>Returns the given values which can then be assigned to a variables.</doc>
<msg timestamp="20230924 10:01:11.151" level="INFO">${message} = A Senha é obrigatória.</msg>
<status status="PASS" starttime="20230924 10:01:11.151" endtime="20230924 10:01:11.151"/>
</kw>
<kw name="Should Be Equal As Strings" library="BuiltIn">
<arg>${message}</arg>
<arg>${expectedMessage}</arg>
<doc>Fails if objects are unequal after converting them to strings.</doc>
<status status="PASS" starttime="20230924 10:01:11.151" endtime="20230924 10:01:11.151"/>
</kw>
<status status="PASS" starttime="20230924 10:01:11.145" endtime="20230924 10:01:11.151"/>
</kw>
<status status="PASS" starttime="20230924 10:01:11.077" endtime="20230924 10:01:11.151"/>
</iter>
<status status="PASS" starttime="20230924 10:01:10.837" endtime="20230924 10:01:11.151"/>
</for>
<tag>error</tag>
<tag>required</tag>
<status status="PASS" starttime="20230924 10:01:10.832" endtime="20230924 10:01:11.152"/>
</test>
<status status="PASS" starttime="20230924 10:01:08.922" endtime="20230924 10:01:11.154"/>
</suite>
<status status="PASS" starttime="20230924 10:01:02.104" endtime="20230924 10:01:11.157"/>
</suite>
<statistics>
<total>
<stat pass="29" fail="0" skip="0">All Tests</stat>
</total>
<tag>
<stat pass="1" fail="0" skip="0">diferent_passwords</stat>
<stat pass="1" fail="0" skip="0">different_passwords</stat>
<stat pass="1" fail="0" skip="0">duplicate_cpf</stat>
<stat pass="1" fail="0" skip="0">duplicate_email</stat>
<stat pass="19" fail="0" skip="0">error</stat>
<stat pass="1" fail="0" skip="0">existing_cpf</stat>
<stat pass="1" fail="0" skip="0">existing_email</stat>
<stat pass="1" fail="0" skip="0">first_name</stat>
<stat pass="1" fail="0" skip="0">incorrect_password</stat>
<stat pass="1" fail="0" skip="0">invalid_cpf</stat>
<stat pass="2" fail="0" skip="0">invalid_email</stat>
<stat pass="4" fail="0" skip="0">invalid_password</stat>
<stat pass="1" fail="0" skip="0">last_name</stat>
<stat pass="1" fail="0" skip="0">no_cpf</stat>
<stat pass="1" fail="0" skip="0">no_phone</stat>
<stat pass="1" fail="0" skip="0">phone</stat>
<stat pass="4" fail="0" skip="0">required</stat>
<stat pass="10" fail="0" skip="0">success</stat>
<stat pass="1" fail="0" skip="0">unregistered_email</stat>
</tag>
<suite>
<stat pass="29" fail="0" skip="0" id="s1" name="User">User</stat>
<stat pass="1" fail="0" skip="0" id="s1-s1" name="Delete">User.Delete</stat>
<stat pass="1" fail="0" skip="0" id="s1-s2" name="Detail">User.Detail</stat>
<stat pass="6" fail="0" skip="0" id="s1-s3" name="Login">User.Login</stat>
<stat pass="4" fail="0" skip="0" id="s1-s4" name="newPassword">User.newPassword</stat>
<stat pass="10" fail="0" skip="0" id="s1-s5" name="Register">User.Register</stat>
<stat pass="7" fail="0" skip="0" id="s1-s6" name="Update">User.Update</stat>
</suite>
</statistics>
<errors>
</errors>
</robot>
