<?xml version="1.0" encoding="UTF-8"?>
<robot generator="Robot 6.1.1 (Python 3.11.5 on win32)" generated="20231006 09:59:42.669" rpa="false" schemaversion="4">
<suite id="s1" name="Update" source="C:\Users\rafac\Documents\robot-framewrok\testAPI\tests\user\update.robot">
<test id="s1-t1" name="Must be able to edit the first name of the logged in user" line="7">
<kw name="Get data" library="main">
<var>${data}</var>
<arg>user</arg>
<arg>update</arg>
<kw name="Load Json From File" library="JSONLibrary">
<var>${data}</var>
<arg>${EXECDIR}/resources/json/${fileName}.json</arg>
<arg>encoding=utf-8</arg>
<doc>Load JSON from file.</doc>
<msg timestamp="20231006 09:59:43.046" level="INFO">${data} = {'register': {'user': {'firstName': 'João', 'lastName': 'Silva', 'email': 'joao@email.com', 'cpf': '84769371055', 'phone': '+5511987654321', 'password': 'senha123', 'confirmPassword': 'senha123'}, 'us...</msg>
<status status="PASS" starttime="20231006 09:59:43.046" endtime="20231006 09:59:43.046"/>
</kw>
<return>
<value>${data}[${scenario}]</value>
<status status="PASS" starttime="20231006 09:59:43.046" endtime="20231006 09:59:43.046"/>
</return>
<msg timestamp="20231006 09:59:43.046" level="INFO">${data} = {'user': {'firstName': 'Carlos', 'lastName': 'Rodrigues', 'email': 'carlos@email.com', 'cpf': '06069110064', 'phone': '+5511777777777', 'password': 'senha789', 'confirmPassword': 'senha789'}, 'userDup...</msg>
<status status="PASS" starttime="20231006 09:59:43.046" endtime="20231006 09:59:43.046"/>
</kw>
<kw name="Remove user from database" library="database">
<arg>email</arg>
<arg>${data}[user][email]</arg>
<status status="PASS" starttime="20231006 09:59:43.046" endtime="20231006 09:59:43.050"/>
</kw>
<kw name="Insert user into database" library="database">
<arg>${data}[user]</arg>
<status status="PASS" starttime="20231006 09:59:43.050" endtime="20231006 09:59:43.114"/>
</kw>
<kw name="Change field value" library="main">
<var>${user}</var>
<arg>${data}</arg>
<arg>firstName</arg>
<arg>Jose</arg>
<kw name="Copy Dictionary" library="Collections">
<var>${user}</var>
<arg>${data}[user]</arg>
<doc>Returns a copy of the given dictionary.</doc>
<msg timestamp="20231006 09:59:43.114" level="INFO">${user} = {'firstName': 'Carlos', 'lastName': 'Rodrigues', 'email': 'carlos@email.com', 'cpf': '06069110064', 'phone': '+5511777777777', 'password': 'senha789', 'confirmPassword': 'senha789'}</msg>
<status status="PASS" starttime="20231006 09:59:43.114" endtime="20231006 09:59:43.114"/>
</kw>
<kw name="Set To Dictionary" library="Collections">
<arg>${user}</arg>
<arg>${field_name}=${field_value}</arg>
<doc>Adds the given ``key_value_pairs`` and/or ``items`` to the ``dictionary``.</doc>
<status status="PASS" starttime="20231006 09:59:43.114" endtime="20231006 09:59:43.114"/>
</kw>
<return>
<value>${user}</value>
<status status="PASS" starttime="20231006 09:59:43.114" endtime="20231006 09:59:43.114"/>
</return>
<msg timestamp="20231006 09:59:43.114" level="INFO">${user} = {'firstName': 'Jose', 'lastName': 'Rodrigues', 'email': 'carlos@email.com', 'cpf': '06069110064', 'phone': '+5511777777777', 'password': 'senha789', 'confirmPassword': 'senha789'}</msg>
<status status="PASS" starttime="20231006 09:59:43.114" endtime="20231006 09:59:43.114"/>
</kw>
<kw name="Remove From Dictionary" library="Collections">
<arg>${user}</arg>
<arg>confirmPassword</arg>
<doc>Removes the given ``keys`` from the ``dictionary``.</doc>
<msg timestamp="20231006 09:59:43.118" level="INFO">Removed item with key 'confirmPassword' and value 'senha789'.</msg>
<status status="PASS" starttime="20231006 09:59:43.118" endtime="20231006 09:59:43.118"/>
</kw>
<kw name="Do login" library="UserController">
<arg>${data}[user]</arg>
<kw name="Create Dictionary" library="BuiltIn">
<var>${body}</var>
<arg>email=${user}[email]</arg>
<arg>password=${user}[password]</arg>
<doc>Creates and returns a dictionary based on the given ``items``.</doc>
<msg timestamp="20231006 09:59:43.118" level="INFO">${body} = {'email': 'carlos@email.com', 'password': 'senha789'}</msg>
<status status="PASS" starttime="20231006 09:59:43.118" endtime="20231006 09:59:43.118"/>
</kw>
<kw name="POST" library="RequestsLibrary">
<var>${response}</var>
<arg>url=${url}/login</arg>
<arg>json=${body}</arg>
<arg>expected_status=201</arg>
<doc>Sends a POST request.</doc>
<msg timestamp="20231006 09:59:43.180" level="INFO">POST Request : url=http://localhost:8000/login 
 path_url=/login 
 headers={'User-Agent': 'python-requests/2.31.0', 'Accept-Encoding': 'gzip, deflate', 'Accept': '*/*', 'Connection': 'keep-alive', 'Content-Length': '53', 'Content-Type': 'application/json'} 
 body=b'{"email": "carlos@email.com", "password": "senha789"}' 
 </msg>
<msg timestamp="20231006 09:59:43.180" level="INFO">POST Response : url=http://localhost:8000/login 
 status=201, reason=Created 
 headers={'X-Powered-By': 'Express', 'Access-Control-Allow-Origin': '*', 'Content-Type': 'application/json; charset=utf-8', 'Content-Length': '286', 'ETag': 'W/"11e-yu3kKYoQojbyEvWLJ3wsBAIZSws"', 'Date': 'Fri, 06 Oct 2023 12:59:43 GMT', 'Connection': 'keep-alive', 'Keep-Alive': 'timeout=5'} 
 body={"user":{"id":387,"firstName":"Carlos","lastName":"Rodrigues","email":"carlos@email.com","cpf":"06069110064","phone":"+5511777777777"},"token":"eyJhbGciOiJIUzI1NiIsInR5cCI6IkpXVCJ9.eyJpZCI6Mzg3LCJpYXQiOjE2OTY1OTcxODMsImV4cCI6MTY5NjYyNTk4M30.hZ3ppQhuyf1Z0PaET5Y4sC8rK0R4sKAtwdZTk5nage4"} 
 </msg>
<msg timestamp="20231006 09:59:43.180" level="INFO">${response} = &lt;Response [201]&gt;</msg>
<status status="PASS" starttime="20231006 09:59:43.118" endtime="20231006 09:59:43.180"/>
</kw>
<kw name="Set Variable" library="BuiltIn">
<var>${token}</var>
<arg>${response.json()}[token]</arg>
<doc>Returns the given values which can then be assigned to a variables.</doc>
<msg timestamp="20231006 09:59:43.180" level="INFO">${token} = eyJhbGciOiJIUzI1NiIsInR5cCI6IkpXVCJ9.eyJpZCI6Mzg3LCJpYXQiOjE2OTY1OTcxODMsImV4cCI6MTY5NjYyNTk4M30.hZ3ppQhuyf1Z0PaET5Y4sC8rK0R4sKAtwdZTk5nage4</msg>
<status status="PASS" starttime="20231006 09:59:43.180" endtime="20231006 09:59:43.180"/>
</kw>
<kw name="Set Test Variable" library="BuiltIn">
<arg>${token}</arg>
<doc>Makes a variable available everywhere within the scope of the current test.</doc>
<msg timestamp="20231006 09:59:43.180" level="INFO">${token} = eyJhbGciOiJIUzI1NiIsInR5cCI6IkpXVCJ9.eyJpZCI6Mzg3LCJpYXQiOjE2OTY1OTcxODMsImV4cCI6MTY5NjYyNTk4M30.hZ3ppQhuyf1Z0PaET5Y4sC8rK0R4sKAtwdZTk5nage4</msg>
<status status="PASS" starttime="20231006 09:59:43.180" endtime="20231006 09:59:43.180"/>
</kw>
<status status="PASS" starttime="20231006 09:59:43.118" endtime="20231006 09:59:43.180"/>
</kw>
<kw name="Update user" library="UserController">
<arg>${user}</arg>
<arg>204</arg>
<kw name="Create Dictionary" library="BuiltIn">
<var>${headers}</var>
<arg>Authorization=Bearer ${token}</arg>
<doc>Creates and returns a dictionary based on the given ``items``.</doc>
<msg timestamp="20231006 09:59:43.180" level="INFO">${headers} = {'Authorization': 'Bearer eyJhbGciOiJIUzI1NiIsInR5cCI6IkpXVCJ9.eyJpZCI6Mzg3LCJpYXQiOjE2OTY1OTcxODMsImV4cCI6MTY5NjYyNTk4M30.hZ3ppQhuyf1Z0PaET5Y4sC8rK0R4sKAtwdZTk5nage4'}</msg>
<status status="PASS" starttime="20231006 09:59:43.180" endtime="20231006 09:59:43.180"/>
</kw>
<kw name="PUT" library="RequestsLibrary">
<arg>url=${url}/user</arg>
<arg>headers=${headers}</arg>
<arg>json=${body}</arg>
<arg>expected_status=${status}</arg>
<doc>Sends a PUT request.</doc>
<msg timestamp="20231006 09:59:43.376" level="INFO">PUT Request : url=http://localhost:8000/user 
 path_url=/user 
 headers={'User-Agent': 'python-requests/2.31.0', 'Accept-Encoding': 'gzip, deflate', 'Accept': '*/*', 'Connection': 'keep-alive', 'Authorization': 'Bearer eyJhbGciOiJIUzI1NiIsInR5cCI6IkpXVCJ9.eyJpZCI6Mzg3LCJpYXQiOjE2OTY1OTcxODMsImV4cCI6MTY5NjYyNTk4M30.hZ3ppQhuyf1Z0PaET5Y4sC8rK0R4sKAtwdZTk5nage4', 'Content-Length': '148', 'Content-Type': 'application/json'} 
 body=b'{"firstName": "Jose", "lastName": "Rodrigues", "email": "carlos@email.com", "cpf": "06069110064", "phone": "+5511777777777", "password": "senha789"}' 
 </msg>
<msg timestamp="20231006 09:59:43.376" level="INFO">PUT Response : url=http://localhost:8000/user 
 status=204, reason=No Content 
 headers={'X-Powered-By': 'Express', 'Access-Control-Allow-Origin': '*', 'Date': 'Fri, 06 Oct 2023 12:59:43 GMT', 'Connection': 'keep-alive', 'Keep-Alive': 'timeout=5'} 
 body=None 
 </msg>
<status status="PASS" starttime="20231006 09:59:43.180" endtime="20231006 09:59:43.376"/>
</kw>
<status status="PASS" starttime="20231006 09:59:43.180" endtime="20231006 09:59:43.376"/>
</kw>
<tag>first_name</tag>
<tag>success</tag>
<status status="PASS" starttime="20231006 09:59:43.037" endtime="20231006 09:59:43.377"/>
</test>
<test id="s1-t2" name="Must be able to edit the last name of the logged in user" line="21">
<kw name="Get data" library="main">
<var>${data}</var>
<arg>user</arg>
<arg>update</arg>
<kw name="Load Json From File" library="JSONLibrary">
<var>${data}</var>
<arg>${EXECDIR}/resources/json/${fileName}.json</arg>
<arg>encoding=utf-8</arg>
<doc>Load JSON from file.</doc>
<msg timestamp="20231006 09:59:43.379" level="INFO">${data} = {'register': {'user': {'firstName': 'João', 'lastName': 'Silva', 'email': 'joao@email.com', 'cpf': '84769371055', 'phone': '+5511987654321', 'password': 'senha123', 'confirmPassword': 'senha123'}, 'us...</msg>
<status status="PASS" starttime="20231006 09:59:43.379" endtime="20231006 09:59:43.379"/>
</kw>
<return>
<value>${data}[${scenario}]</value>
<status status="PASS" starttime="20231006 09:59:43.379" endtime="20231006 09:59:43.379"/>
</return>
<msg timestamp="20231006 09:59:43.379" level="INFO">${data} = {'user': {'firstName': 'Carlos', 'lastName': 'Rodrigues', 'email': 'carlos@email.com', 'cpf': '06069110064', 'phone': '+5511777777777', 'password': 'senha789', 'confirmPassword': 'senha789'}, 'userDup...</msg>
<status status="PASS" starttime="20231006 09:59:43.377" endtime="20231006 09:59:43.379"/>
</kw>
<kw name="Remove user from database" library="database">
<arg>email</arg>
<arg>${data}[user][email]</arg>
<status status="PASS" starttime="20231006 09:59:43.379" endtime="20231006 09:59:43.380"/>
</kw>
<kw name="Insert user into database" library="database">
<arg>${data}[user]</arg>
<status status="PASS" starttime="20231006 09:59:43.381" endtime="20231006 09:59:43.433"/>
</kw>
<kw name="Change field value" library="main">
<var>${user}</var>
<arg>${data}</arg>
<arg>lastName</arg>
<arg>Batista</arg>
<kw name="Copy Dictionary" library="Collections">
<var>${user}</var>
<arg>${data}[user]</arg>
<doc>Returns a copy of the given dictionary.</doc>
<msg timestamp="20231006 09:59:43.433" level="INFO">${user} = {'firstName': 'Carlos', 'lastName': 'Rodrigues', 'email': 'carlos@email.com', 'cpf': '06069110064', 'phone': '+5511777777777', 'password': 'senha789', 'confirmPassword': 'senha789'}</msg>
<status status="PASS" starttime="20231006 09:59:43.433" endtime="20231006 09:59:43.433"/>
</kw>
<kw name="Set To Dictionary" library="Collections">
<arg>${user}</arg>
<arg>${field_name}=${field_value}</arg>
<doc>Adds the given ``key_value_pairs`` and/or ``items`` to the ``dictionary``.</doc>
<status status="PASS" starttime="20231006 09:59:43.433" endtime="20231006 09:59:43.433"/>
</kw>
<return>
<value>${user}</value>
<status status="PASS" starttime="20231006 09:59:43.433" endtime="20231006 09:59:43.433"/>
</return>
<msg timestamp="20231006 09:59:43.433" level="INFO">${user} = {'firstName': 'Carlos', 'lastName': 'Batista', 'email': 'carlos@email.com', 'cpf': '06069110064', 'phone': '+5511777777777', 'password': 'senha789', 'confirmPassword': 'senha789'}</msg>
<status status="PASS" starttime="20231006 09:59:43.433" endtime="20231006 09:59:43.433"/>
</kw>
<kw name="Remove From Dictionary" library="Collections">
<arg>${user}</arg>
<arg>confirmPassword</arg>
<doc>Removes the given ``keys`` from the ``dictionary``.</doc>
<msg timestamp="20231006 09:59:43.433" level="INFO">Removed item with key 'confirmPassword' and value 'senha789'.</msg>
<status status="PASS" starttime="20231006 09:59:43.433" endtime="20231006 09:59:43.433"/>
</kw>
<kw name="Do login" library="UserController">
<arg>${data}[user]</arg>
<kw name="Create Dictionary" library="BuiltIn">
<var>${body}</var>
<arg>email=${user}[email]</arg>
<arg>password=${user}[password]</arg>
<doc>Creates and returns a dictionary based on the given ``items``.</doc>
<msg timestamp="20231006 09:59:43.443" level="INFO">${body} = {'email': 'carlos@email.com', 'password': 'senha789'}</msg>
<status status="PASS" starttime="20231006 09:59:43.443" endtime="20231006 09:59:43.443"/>
</kw>
<kw name="POST" library="RequestsLibrary">
<var>${response}</var>
<arg>url=${url}/login</arg>
<arg>json=${body}</arg>
<arg>expected_status=201</arg>
<doc>Sends a POST request.</doc>
<msg timestamp="20231006 09:59:43.504" level="INFO">POST Request : url=http://localhost:8000/login 
 path_url=/login 
 headers={'User-Agent': 'python-requests/2.31.0', 'Accept-Encoding': 'gzip, deflate', 'Accept': '*/*', 'Connection': 'keep-alive', 'Content-Length': '53', 'Content-Type': 'application/json'} 
 body=b'{"email": "carlos@email.com", "password": "senha789"}' 
 </msg>
<msg timestamp="20231006 09:59:43.504" level="INFO">POST Response : url=http://localhost:8000/login 
 status=201, reason=Created 
 headers={'X-Powered-By': 'Express', 'Access-Control-Allow-Origin': '*', 'Content-Type': 'application/json; charset=utf-8', 'Content-Length': '286', 'ETag': 'W/"11e-NekRg8VmXP7ojHxaVkJu47EHkw8"', 'Date': 'Fri, 06 Oct 2023 12:59:43 GMT', 'Connection': 'keep-alive', 'Keep-Alive': 'timeout=5'} 
 body={"user":{"id":388,"firstName":"Carlos","lastName":"Rodrigues","email":"carlos@email.com","cpf":"06069110064","phone":"+5511777777777"},"token":"eyJhbGciOiJIUzI1NiIsInR5cCI6IkpXVCJ9.eyJpZCI6Mzg4LCJpYXQiOjE2OTY1OTcxODMsImV4cCI6MTY5NjYyNTk4M30.26JKghTMjWJaJfW-bBv--EArQdYuEjZlM7fSnNLKNFM"} 
 </msg>
<msg timestamp="20231006 09:59:43.509" level="INFO">${response} = &lt;Response [201]&gt;</msg>
<status status="PASS" starttime="20231006 09:59:43.443" endtime="20231006 09:59:43.509"/>
</kw>
<kw name="Set Variable" library="BuiltIn">
<var>${token}</var>
<arg>${response.json()}[token]</arg>
<doc>Returns the given values which can then be assigned to a variables.</doc>
<msg timestamp="20231006 09:59:43.509" level="INFO">${token} = eyJhbGciOiJIUzI1NiIsInR5cCI6IkpXVCJ9.eyJpZCI6Mzg4LCJpYXQiOjE2OTY1OTcxODMsImV4cCI6MTY5NjYyNTk4M30.26JKghTMjWJaJfW-bBv--EArQdYuEjZlM7fSnNLKNFM</msg>
<status status="PASS" starttime="20231006 09:59:43.509" endtime="20231006 09:59:43.509"/>
</kw>
<kw name="Set Test Variable" library="BuiltIn">
<arg>${token}</arg>
<doc>Makes a variable available everywhere within the scope of the current test.</doc>
<msg timestamp="20231006 09:59:43.510" level="INFO">${token} = eyJhbGciOiJIUzI1NiIsInR5cCI6IkpXVCJ9.eyJpZCI6Mzg4LCJpYXQiOjE2OTY1OTcxODMsImV4cCI6MTY5NjYyNTk4M30.26JKghTMjWJaJfW-bBv--EArQdYuEjZlM7fSnNLKNFM</msg>
<status status="PASS" starttime="20231006 09:59:43.509" endtime="20231006 09:59:43.510"/>
</kw>
<status status="PASS" starttime="20231006 09:59:43.443" endtime="20231006 09:59:43.510"/>
</kw>
<kw name="Update user" library="UserController">
<arg>${user}</arg>
<arg>204</arg>
<kw name="Create Dictionary" library="BuiltIn">
<var>${headers}</var>
<arg>Authorization=Bearer ${token}</arg>
<doc>Creates and returns a dictionary based on the given ``items``.</doc>
<msg timestamp="20231006 09:59:43.511" level="INFO">${headers} = {'Authorization': 'Bearer eyJhbGciOiJIUzI1NiIsInR5cCI6IkpXVCJ9.eyJpZCI6Mzg4LCJpYXQiOjE2OTY1OTcxODMsImV4cCI6MTY5NjYyNTk4M30.26JKghTMjWJaJfW-bBv--EArQdYuEjZlM7fSnNLKNFM'}</msg>
<status status="PASS" starttime="20231006 09:59:43.511" endtime="20231006 09:59:43.511"/>
</kw>
<kw name="PUT" library="RequestsLibrary">
<arg>url=${url}/user</arg>
<arg>headers=${headers}</arg>
<arg>json=${body}</arg>
<arg>expected_status=${status}</arg>
<doc>Sends a PUT request.</doc>
<msg timestamp="20231006 09:59:43.635" level="INFO">PUT Request : url=http://localhost:8000/user 
 path_url=/user 
 headers={'User-Agent': 'python-requests/2.31.0', 'Accept-Encoding': 'gzip, deflate', 'Accept': '*/*', 'Connection': 'keep-alive', 'Authorization': 'Bearer eyJhbGciOiJIUzI1NiIsInR5cCI6IkpXVCJ9.eyJpZCI6Mzg4LCJpYXQiOjE2OTY1OTcxODMsImV4cCI6MTY5NjYyNTk4M30.26JKghTMjWJaJfW-bBv--EArQdYuEjZlM7fSnNLKNFM', 'Content-Length': '148', 'Content-Type': 'application/json'} 
 body=b'{"firstName": "Carlos", "lastName": "Batista", "email": "carlos@email.com", "cpf": "06069110064", "phone": "+5511777777777", "password": "senha789"}' 
 </msg>
<msg timestamp="20231006 09:59:43.635" level="INFO">PUT Response : url=http://localhost:8000/user 
 status=204, reason=No Content 
 headers={'X-Powered-By': 'Express', 'Access-Control-Allow-Origin': '*', 'Date': 'Fri, 06 Oct 2023 12:59:43 GMT', 'Connection': 'keep-alive', 'Keep-Alive': 'timeout=5'} 
 body=None 
 </msg>
<status status="PASS" starttime="20231006 09:59:43.511" endtime="20231006 09:59:43.635"/>
</kw>
<status status="PASS" starttime="20231006 09:59:43.510" endtime="20231006 09:59:43.635"/>
</kw>
<tag>last_name</tag>
<tag>success</tag>
<status status="PASS" starttime="20231006 09:59:43.377" endtime="20231006 09:59:43.635"/>
</test>
<test id="s1-t3" name="Must be able to edit the phone of the logged in user" line="35">
<kw name="Get data" library="main">
<var>${data}</var>
<arg>user</arg>
<arg>update</arg>
<kw name="Load Json From File" library="JSONLibrary">
<var>${data}</var>
<arg>${EXECDIR}/resources/json/${fileName}.json</arg>
<arg>encoding=utf-8</arg>
<doc>Load JSON from file.</doc>
<msg timestamp="20231006 09:59:43.637" level="INFO">${data} = {'register': {'user': {'firstName': 'João', 'lastName': 'Silva', 'email': 'joao@email.com', 'cpf': '84769371055', 'phone': '+5511987654321', 'password': 'senha123', 'confirmPassword': 'senha123'}, 'us...</msg>
<status status="PASS" starttime="20231006 09:59:43.637" endtime="20231006 09:59:43.637"/>
</kw>
<return>
<value>${data}[${scenario}]</value>
<status status="PASS" starttime="20231006 09:59:43.637" endtime="20231006 09:59:43.637"/>
</return>
<msg timestamp="20231006 09:59:43.637" level="INFO">${data} = {'user': {'firstName': 'Carlos', 'lastName': 'Rodrigues', 'email': 'carlos@email.com', 'cpf': '06069110064', 'phone': '+5511777777777', 'password': 'senha789', 'confirmPassword': 'senha789'}, 'userDup...</msg>
<status status="PASS" starttime="20231006 09:59:43.637" endtime="20231006 09:59:43.637"/>
</kw>
<kw name="Remove user from database" library="database">
<arg>email</arg>
<arg>${data}[user][email]</arg>
<status status="PASS" starttime="20231006 09:59:43.637" endtime="20231006 09:59:43.639"/>
</kw>
<kw name="Insert user into database" library="database">
<arg>${data}[user]</arg>
<status status="PASS" starttime="20231006 09:59:43.640" endtime="20231006 09:59:43.704"/>
</kw>
<kw name="Change field value" library="main">
<var>${user}</var>
<arg>${data}</arg>
<arg>phone</arg>
<arg>+5511999999999</arg>
<kw name="Copy Dictionary" library="Collections">
<var>${user}</var>
<arg>${data}[user]</arg>
<doc>Returns a copy of the given dictionary.</doc>
<msg timestamp="20231006 09:59:43.704" level="INFO">${user} = {'firstName': 'Carlos', 'lastName': 'Rodrigues', 'email': 'carlos@email.com', 'cpf': '06069110064', 'phone': '+5511777777777', 'password': 'senha789', 'confirmPassword': 'senha789'}</msg>
<status status="PASS" starttime="20231006 09:59:43.704" endtime="20231006 09:59:43.704"/>
</kw>
<kw name="Set To Dictionary" library="Collections">
<arg>${user}</arg>
<arg>${field_name}=${field_value}</arg>
<doc>Adds the given ``key_value_pairs`` and/or ``items`` to the ``dictionary``.</doc>
<status status="PASS" starttime="20231006 09:59:43.704" endtime="20231006 09:59:43.704"/>
</kw>
<return>
<value>${user}</value>
<status status="PASS" starttime="20231006 09:59:43.704" endtime="20231006 09:59:43.704"/>
</return>
<msg timestamp="20231006 09:59:43.704" level="INFO">${user} = {'firstName': 'Carlos', 'lastName': 'Rodrigues', 'email': 'carlos@email.com', 'cpf': '06069110064', 'phone': '+5511999999999', 'password': 'senha789', 'confirmPassword': 'senha789'}</msg>
<status status="PASS" starttime="20231006 09:59:43.704" endtime="20231006 09:59:43.704"/>
</kw>
<kw name="Remove From Dictionary" library="Collections">
<arg>${user}</arg>
<arg>confirmPassword</arg>
<doc>Removes the given ``keys`` from the ``dictionary``.</doc>
<msg timestamp="20231006 09:59:43.704" level="INFO">Removed item with key 'confirmPassword' and value 'senha789'.</msg>
<status status="PASS" starttime="20231006 09:59:43.704" endtime="20231006 09:59:43.704"/>
</kw>
<kw name="Do login" library="UserController">
<arg>${data}[user]</arg>
<kw name="Create Dictionary" library="BuiltIn">
<var>${body}</var>
<arg>email=${user}[email]</arg>
<arg>password=${user}[password]</arg>
<doc>Creates and returns a dictionary based on the given ``items``.</doc>
<msg timestamp="20231006 09:59:43.704" level="INFO">${body} = {'email': 'carlos@email.com', 'password': 'senha789'}</msg>
<status status="PASS" starttime="20231006 09:59:43.704" endtime="20231006 09:59:43.704"/>
</kw>
<kw name="POST" library="RequestsLibrary">
<var>${response}</var>
<arg>url=${url}/login</arg>
<arg>json=${body}</arg>
<arg>expected_status=201</arg>
<doc>Sends a POST request.</doc>
<msg timestamp="20231006 09:59:43.779" level="INFO">POST Request : url=http://localhost:8000/login 
 path_url=/login 
 headers={'User-Agent': 'python-requests/2.31.0', 'Accept-Encoding': 'gzip, deflate', 'Accept': '*/*', 'Connection': 'keep-alive', 'Content-Length': '53', 'Content-Type': 'application/json'} 
 body=b'{"email": "carlos@email.com", "password": "senha789"}' 
 </msg>
<msg timestamp="20231006 09:59:43.779" level="INFO">POST Response : url=http://localhost:8000/login 
 status=201, reason=Created 
 headers={'X-Powered-By': 'Express', 'Access-Control-Allow-Origin': '*', 'Content-Type': 'application/json; charset=utf-8', 'Content-Length': '286', 'ETag': 'W/"11e-MUWpSlVY0z+koIoa9ETbH8xFN70"', 'Date': 'Fri, 06 Oct 2023 12:59:43 GMT', 'Connection': 'keep-alive', 'Keep-Alive': 'timeout=5'} 
 body={"user":{"id":389,"firstName":"Carlos","lastName":"Rodrigues","email":"carlos@email.com","cpf":"06069110064","phone":"+5511777777777"},"token":"eyJhbGciOiJIUzI1NiIsInR5cCI6IkpXVCJ9.eyJpZCI6Mzg5LCJpYXQiOjE2OTY1OTcxODMsImV4cCI6MTY5NjYyNTk4M30.sBKb5QIXLhy9fzv62mu_cnLe7YPMm2I62yE5GNgT7Qw"} 
 </msg>
<msg timestamp="20231006 09:59:43.781" level="INFO">${response} = &lt;Response [201]&gt;</msg>
<status status="PASS" starttime="20231006 09:59:43.704" endtime="20231006 09:59:43.781"/>
</kw>
<kw name="Set Variable" library="BuiltIn">
<var>${token}</var>
<arg>${response.json()}[token]</arg>
<doc>Returns the given values which can then be assigned to a variables.</doc>
<msg timestamp="20231006 09:59:43.781" level="INFO">${token} = eyJhbGciOiJIUzI1NiIsInR5cCI6IkpXVCJ9.eyJpZCI6Mzg5LCJpYXQiOjE2OTY1OTcxODMsImV4cCI6MTY5NjYyNTk4M30.sBKb5QIXLhy9fzv62mu_cnLe7YPMm2I62yE5GNgT7Qw</msg>
<status status="PASS" starttime="20231006 09:59:43.781" endtime="20231006 09:59:43.781"/>
</kw>
<kw name="Set Test Variable" library="BuiltIn">
<arg>${token}</arg>
<doc>Makes a variable available everywhere within the scope of the current test.</doc>
<msg timestamp="20231006 09:59:43.782" level="INFO">${token} = eyJhbGciOiJIUzI1NiIsInR5cCI6IkpXVCJ9.eyJpZCI6Mzg5LCJpYXQiOjE2OTY1OTcxODMsImV4cCI6MTY5NjYyNTk4M30.sBKb5QIXLhy9fzv62mu_cnLe7YPMm2I62yE5GNgT7Qw</msg>
<status status="PASS" starttime="20231006 09:59:43.781" endtime="20231006 09:59:43.782"/>
</kw>
<status status="PASS" starttime="20231006 09:59:43.704" endtime="20231006 09:59:43.782"/>
</kw>
<kw name="Update user" library="UserController">
<arg>${user}</arg>
<arg>204</arg>
<kw name="Create Dictionary" library="BuiltIn">
<var>${headers}</var>
<arg>Authorization=Bearer ${token}</arg>
<doc>Creates and returns a dictionary based on the given ``items``.</doc>
<msg timestamp="20231006 09:59:43.783" level="INFO">${headers} = {'Authorization': 'Bearer eyJhbGciOiJIUzI1NiIsInR5cCI6IkpXVCJ9.eyJpZCI6Mzg5LCJpYXQiOjE2OTY1OTcxODMsImV4cCI6MTY5NjYyNTk4M30.sBKb5QIXLhy9fzv62mu_cnLe7YPMm2I62yE5GNgT7Qw'}</msg>
<status status="PASS" starttime="20231006 09:59:43.783" endtime="20231006 09:59:43.783"/>
</kw>
<kw name="PUT" library="RequestsLibrary">
<arg>url=${url}/user</arg>
<arg>headers=${headers}</arg>
<arg>json=${body}</arg>
<arg>expected_status=${status}</arg>
<doc>Sends a PUT request.</doc>
<msg timestamp="20231006 09:59:43.912" level="INFO">PUT Request : url=http://localhost:8000/user 
 path_url=/user 
 headers={'User-Agent': 'python-requests/2.31.0', 'Accept-Encoding': 'gzip, deflate', 'Accept': '*/*', 'Connection': 'keep-alive', 'Authorization': 'Bearer eyJhbGciOiJIUzI1NiIsInR5cCI6IkpXVCJ9.eyJpZCI6Mzg5LCJpYXQiOjE2OTY1OTcxODMsImV4cCI6MTY5NjYyNTk4M30.sBKb5QIXLhy9fzv62mu_cnLe7YPMm2I62yE5GNgT7Qw', 'Content-Length': '150', 'Content-Type': 'application/json'} 
 body=b'{"firstName": "Carlos", "lastName": "Rodrigues", "email": "carlos@email.com", "cpf": "06069110064", "phone": "+5511999999999", "password": "senha789"}' 
 </msg>
<msg timestamp="20231006 09:59:43.912" level="INFO">PUT Response : url=http://localhost:8000/user 
 status=204, reason=No Content 
 headers={'X-Powered-By': 'Express', 'Access-Control-Allow-Origin': '*', 'Date': 'Fri, 06 Oct 2023 12:59:43 GMT', 'Connection': 'keep-alive', 'Keep-Alive': 'timeout=5'} 
 body=None 
 </msg>
<status status="PASS" starttime="20231006 09:59:43.783" endtime="20231006 09:59:43.912"/>
</kw>
<status status="PASS" starttime="20231006 09:59:43.783" endtime="20231006 09:59:43.912"/>
</kw>
<tag>phone</tag>
<tag>success</tag>
<status status="PASS" starttime="20231006 09:59:43.636" endtime="20231006 09:59:43.912"/>
</test>
<test id="s1-t4" name="Should not be able to edit logged-in user data for an email already registered" line="49">
<kw name="Get data" library="main">
<var>${data}</var>
<arg>user</arg>
<arg>update</arg>
<kw name="Load Json From File" library="JSONLibrary">
<var>${data}</var>
<arg>${EXECDIR}/resources/json/${fileName}.json</arg>
<arg>encoding=utf-8</arg>
<doc>Load JSON from file.</doc>
<msg timestamp="20231006 09:59:43.912" level="INFO">${data} = {'register': {'user': {'firstName': 'João', 'lastName': 'Silva', 'email': 'joao@email.com', 'cpf': '84769371055', 'phone': '+5511987654321', 'password': 'senha123', 'confirmPassword': 'senha123'}, 'us...</msg>
<status status="PASS" starttime="20231006 09:59:43.912" endtime="20231006 09:59:43.912"/>
</kw>
<return>
<value>${data}[${scenario}]</value>
<status status="PASS" starttime="20231006 09:59:43.912" endtime="20231006 09:59:43.912"/>
</return>
<msg timestamp="20231006 09:59:43.912" level="INFO">${data} = {'user': {'firstName': 'Carlos', 'lastName': 'Rodrigues', 'email': 'carlos@email.com', 'cpf': '06069110064', 'phone': '+5511777777777', 'password': 'senha789', 'confirmPassword': 'senha789'}, 'userDup...</msg>
<status status="PASS" starttime="20231006 09:59:43.912" endtime="20231006 09:59:43.912"/>
</kw>
<kw name="Remove user from database" library="database">
<arg>email</arg>
<arg>${data}[user][email]</arg>
<status status="PASS" starttime="20231006 09:59:43.912" endtime="20231006 09:59:43.912"/>
</kw>
<kw name="Insert user into database" library="database">
<arg>${data}[user]</arg>
<status status="PASS" starttime="20231006 09:59:43.912" endtime="20231006 09:59:43.980"/>
</kw>
<kw name="Remove user from database" library="database">
<arg>email</arg>
<arg>${data}[userDuplicate][email]</arg>
<status status="PASS" starttime="20231006 09:59:43.980" endtime="20231006 09:59:43.980"/>
</kw>
<kw name="Insert user into database" library="database">
<arg>${data}[userDuplicate]</arg>
<status status="PASS" starttime="20231006 09:59:43.980" endtime="20231006 09:59:44.157"/>
</kw>
<kw name="Do login" library="UserController">
<arg>${data}[user]</arg>
<kw name="Create Dictionary" library="BuiltIn">
<var>${body}</var>
<arg>email=${user}[email]</arg>
<arg>password=${user}[password]</arg>
<doc>Creates and returns a dictionary based on the given ``items``.</doc>
<msg timestamp="20231006 09:59:44.161" level="INFO">${body} = {'email': 'carlos@email.com', 'password': 'senha789'}</msg>
<status status="PASS" starttime="20231006 09:59:44.161" endtime="20231006 09:59:44.161"/>
</kw>
<kw name="POST" library="RequestsLibrary">
<var>${response}</var>
<arg>url=${url}/login</arg>
<arg>json=${body}</arg>
<arg>expected_status=201</arg>
<doc>Sends a POST request.</doc>
<msg timestamp="20231006 09:59:44.262" level="INFO">POST Request : url=http://localhost:8000/login 
 path_url=/login 
 headers={'User-Agent': 'python-requests/2.31.0', 'Accept-Encoding': 'gzip, deflate', 'Accept': '*/*', 'Connection': 'keep-alive', 'Content-Length': '53', 'Content-Type': 'application/json'} 
 body=b'{"email": "carlos@email.com", "password": "senha789"}' 
 </msg>
<msg timestamp="20231006 09:59:44.262" level="INFO">POST Response : url=http://localhost:8000/login 
 status=201, reason=Created 
 headers={'X-Powered-By': 'Express', 'Access-Control-Allow-Origin': '*', 'Content-Type': 'application/json; charset=utf-8', 'Content-Length': '286', 'ETag': 'W/"11e-XUXRE/jYPZ/E/5HGLCQ1d+LIpdw"', 'Date': 'Fri, 06 Oct 2023 12:59:44 GMT', 'Connection': 'keep-alive', 'Keep-Alive': 'timeout=5'} 
 body={"user":{"id":390,"firstName":"Carlos","lastName":"Rodrigues","email":"carlos@email.com","cpf":"06069110064","phone":"+5511777777777"},"token":"eyJhbGciOiJIUzI1NiIsInR5cCI6IkpXVCJ9.eyJpZCI6MzkwLCJpYXQiOjE2OTY1OTcxODQsImV4cCI6MTY5NjYyNTk4NH0.hOJEGjTn3lUnAw0os4Fi9MqR5hsq2Gz-jhHc-lzJ9Ac"} 
 </msg>
<msg timestamp="20231006 09:59:44.262" level="INFO">${response} = &lt;Response [201]&gt;</msg>
<status status="PASS" starttime="20231006 09:59:44.161" endtime="20231006 09:59:44.262"/>
</kw>
<kw name="Set Variable" library="BuiltIn">
<var>${token}</var>
<arg>${response.json()}[token]</arg>
<doc>Returns the given values which can then be assigned to a variables.</doc>
<msg timestamp="20231006 09:59:44.262" level="INFO">${token} = eyJhbGciOiJIUzI1NiIsInR5cCI6IkpXVCJ9.eyJpZCI6MzkwLCJpYXQiOjE2OTY1OTcxODQsImV4cCI6MTY5NjYyNTk4NH0.hOJEGjTn3lUnAw0os4Fi9MqR5hsq2Gz-jhHc-lzJ9Ac</msg>
<status status="PASS" starttime="20231006 09:59:44.262" endtime="20231006 09:59:44.262"/>
</kw>
<kw name="Set Test Variable" library="BuiltIn">
<arg>${token}</arg>
<doc>Makes a variable available everywhere within the scope of the current test.</doc>
<msg timestamp="20231006 09:59:44.262" level="INFO">${token} = eyJhbGciOiJIUzI1NiIsInR5cCI6IkpXVCJ9.eyJpZCI6MzkwLCJpYXQiOjE2OTY1OTcxODQsImV4cCI6MTY5NjYyNTk4NH0.hOJEGjTn3lUnAw0os4Fi9MqR5hsq2Gz-jhHc-lzJ9Ac</msg>
<status status="PASS" starttime="20231006 09:59:44.262" endtime="20231006 09:59:44.262"/>
</kw>
<status status="PASS" starttime="20231006 09:59:44.161" endtime="20231006 09:59:44.262"/>
</kw>
<kw name="Change field value" library="main">
<var>${user}</var>
<arg>${data}</arg>
<arg>email</arg>
<arg>${data}[userDuplicate][email]</arg>
<kw name="Copy Dictionary" library="Collections">
<var>${user}</var>
<arg>${data}[user]</arg>
<doc>Returns a copy of the given dictionary.</doc>
<msg timestamp="20231006 09:59:44.265" level="INFO">${user} = {'firstName': 'Carlos', 'lastName': 'Rodrigues', 'email': 'carlos@email.com', 'cpf': '06069110064', 'phone': '+5511777777777', 'password': 'senha789', 'confirmPassword': 'senha789'}</msg>
<status status="PASS" starttime="20231006 09:59:44.265" endtime="20231006 09:59:44.265"/>
</kw>
<kw name="Set To Dictionary" library="Collections">
<arg>${user}</arg>
<arg>${field_name}=${field_value}</arg>
<doc>Adds the given ``key_value_pairs`` and/or ``items`` to the ``dictionary``.</doc>
<status status="PASS" starttime="20231006 09:59:44.265" endtime="20231006 09:59:44.265"/>
</kw>
<return>
<value>${user}</value>
<status status="PASS" starttime="20231006 09:59:44.265" endtime="20231006 09:59:44.265"/>
</return>
<msg timestamp="20231006 09:59:44.265" level="INFO">${user} = {'firstName': 'Carlos', 'lastName': 'Rodrigues', 'email': 'pedro@email.com', 'cpf': '06069110064', 'phone': '+5511777777777', 'password': 'senha789', 'confirmPassword': 'senha789'}</msg>
<status status="PASS" starttime="20231006 09:59:44.265" endtime="20231006 09:59:44.265"/>
</kw>
<kw name="Remove From Dictionary" library="Collections">
<arg>${user}</arg>
<arg>confirmPassword</arg>
<doc>Removes the given ``keys`` from the ``dictionary``.</doc>
<msg timestamp="20231006 09:59:44.265" level="INFO">Removed item with key 'confirmPassword' and value 'senha789'.</msg>
<status status="PASS" starttime="20231006 09:59:44.265" endtime="20231006 09:59:44.265"/>
</kw>
<kw name="Update user error" library="UserController">
<arg>${user}</arg>
<arg>400</arg>
<arg>E-mail already registered.</arg>
<kw name="Create Dictionary" library="BuiltIn">
<var>${headers}</var>
<arg>Authorization=Bearer ${token}</arg>
<doc>Creates and returns a dictionary based on the given ``items``.</doc>
<msg timestamp="20231006 09:59:44.265" level="INFO">${headers} = {'Authorization': 'Bearer eyJhbGciOiJIUzI1NiIsInR5cCI6IkpXVCJ9.eyJpZCI6MzkwLCJpYXQiOjE2OTY1OTcxODQsImV4cCI6MTY5NjYyNTk4NH0.hOJEGjTn3lUnAw0os4Fi9MqR5hsq2Gz-jhHc-lzJ9Ac'}</msg>
<status status="PASS" starttime="20231006 09:59:44.265" endtime="20231006 09:59:44.265"/>
</kw>
<kw name="PUT" library="RequestsLibrary">
<var>${response}</var>
<arg>url=${url}/user</arg>
<arg>headers=${headers}</arg>
<arg>json=${body}</arg>
<arg>expected_status=${status}</arg>
<doc>Sends a PUT request.</doc>
<msg timestamp="20231006 09:59:44.377" level="INFO">PUT Request : url=http://localhost:8000/user 
 path_url=/user 
 headers={'User-Agent': 'python-requests/2.31.0', 'Accept-Encoding': 'gzip, deflate', 'Accept': '*/*', 'Connection': 'keep-alive', 'Authorization': 'Bearer eyJhbGciOiJIUzI1NiIsInR5cCI6IkpXVCJ9.eyJpZCI6MzkwLCJpYXQiOjE2OTY1OTcxODQsImV4cCI6MTY5NjYyNTk4NH0.hOJEGjTn3lUnAw0os4Fi9MqR5hsq2Gz-jhHc-lzJ9Ac', 'Content-Length': '149', 'Content-Type': 'application/json'} 
 body=b'{"firstName": "Carlos", "lastName": "Rodrigues", "email": "pedro@email.com", "cpf": "06069110064", "phone": "+5511777777777", "password": "senha789"}' 
 </msg>
<msg timestamp="20231006 09:59:44.377" level="INFO">PUT Response : url=http://localhost:8000/user 
 status=400, reason=Bad Request 
 headers={'X-Powered-By': 'Express', 'Access-Control-Allow-Origin': '*', 'Content-Type': 'application/json; charset=utf-8', 'Content-Length': '65', 'ETag': 'W/"41-VHAxSMyMWDjlQDQCv98VsjvWeAY"', 'Date': 'Fri, 06 Oct 2023 12:59:44 GMT', 'Connection': 'keep-alive', 'Keep-Alive': 'timeout=5'} 
 body={"error":{"type":"email","message":"E-mail already registered."}} 
 </msg>
<msg timestamp="20231006 09:59:44.388" level="INFO">${response} = &lt;Response [400]&gt;</msg>
<status status="PASS" starttime="20231006 09:59:44.265" endtime="20231006 09:59:44.388"/>
</kw>
<kw name="Set Variable" library="BuiltIn">
<var>${message}</var>
<arg>${response.json()}[error][message]</arg>
<doc>Returns the given values which can then be assigned to a variables.</doc>
<msg timestamp="20231006 09:59:44.389" level="INFO">${message} = E-mail already registered.</msg>
<status status="PASS" starttime="20231006 09:59:44.388" endtime="20231006 09:59:44.389"/>
</kw>
<kw name="Should Be Equal As Strings" library="BuiltIn">
<arg>${message}</arg>
<arg>${expectedMessage}</arg>
<doc>Fails if objects are unequal after converting them to strings.</doc>
<status status="PASS" starttime="20231006 09:59:44.389" endtime="20231006 09:59:44.389"/>
</kw>
<status status="PASS" starttime="20231006 09:59:44.265" endtime="20231006 09:59:44.389"/>
</kw>
<tag>error</tag>
<tag>existing_email</tag>
<status status="PASS" starttime="20231006 09:59:43.912" endtime="20231006 09:59:44.389"/>
</test>
<test id="s1-t5" name="Should not be able to edit logged-in user data for an cpf already registered" line="66">
<kw name="Get data" library="main">
<var>${data}</var>
<arg>user</arg>
<arg>update</arg>
<kw name="Load Json From File" library="JSONLibrary">
<var>${data}</var>
<arg>${EXECDIR}/resources/json/${fileName}.json</arg>
<arg>encoding=utf-8</arg>
<doc>Load JSON from file.</doc>
<msg timestamp="20231006 09:59:44.389" level="INFO">${data} = {'register': {'user': {'firstName': 'João', 'lastName': 'Silva', 'email': 'joao@email.com', 'cpf': '84769371055', 'phone': '+5511987654321', 'password': 'senha123', 'confirmPassword': 'senha123'}, 'us...</msg>
<status status="PASS" starttime="20231006 09:59:44.389" endtime="20231006 09:59:44.389"/>
</kw>
<return>
<value>${data}[${scenario}]</value>
<status status="PASS" starttime="20231006 09:59:44.393" endtime="20231006 09:59:44.393"/>
</return>
<msg timestamp="20231006 09:59:44.393" level="INFO">${data} = {'user': {'firstName': 'Carlos', 'lastName': 'Rodrigues', 'email': 'carlos@email.com', 'cpf': '06069110064', 'phone': '+5511777777777', 'password': 'senha789', 'confirmPassword': 'senha789'}, 'userDup...</msg>
<status status="PASS" starttime="20231006 09:59:44.389" endtime="20231006 09:59:44.393"/>
</kw>
<kw name="Remove user from database" library="database">
<arg>cpf</arg>
<arg>${data}[user][cpf]</arg>
<status status="PASS" starttime="20231006 09:59:44.393" endtime="20231006 09:59:44.393"/>
</kw>
<kw name="Insert user into database" library="database">
<arg>${data}[user]</arg>
<status status="PASS" starttime="20231006 09:59:44.393" endtime="20231006 09:59:44.444"/>
</kw>
<kw name="Remove user from database" library="database">
<arg>cpf</arg>
<arg>${data}[userDuplicate][cpf]</arg>
<status status="PASS" starttime="20231006 09:59:44.455" endtime="20231006 09:59:44.456"/>
</kw>
<kw name="Insert user into database" library="database">
<arg>${data}[userDuplicate]</arg>
<status status="PASS" starttime="20231006 09:59:44.456" endtime="20231006 09:59:44.515"/>
</kw>
<kw name="Do login" library="UserController">
<arg>${data}[user]</arg>
<kw name="Create Dictionary" library="BuiltIn">
<var>${body}</var>
<arg>email=${user}[email]</arg>
<arg>password=${user}[password]</arg>
<doc>Creates and returns a dictionary based on the given ``items``.</doc>
<msg timestamp="20231006 09:59:44.516" level="INFO">${body} = {'email': 'carlos@email.com', 'password': 'senha789'}</msg>
<status status="PASS" starttime="20231006 09:59:44.516" endtime="20231006 09:59:44.516"/>
</kw>
<kw name="POST" library="RequestsLibrary">
<var>${response}</var>
<arg>url=${url}/login</arg>
<arg>json=${body}</arg>
<arg>expected_status=201</arg>
<doc>Sends a POST request.</doc>
<msg timestamp="20231006 09:59:44.579" level="INFO">POST Request : url=http://localhost:8000/login 
 path_url=/login 
 headers={'User-Agent': 'python-requests/2.31.0', 'Accept-Encoding': 'gzip, deflate', 'Accept': '*/*', 'Connection': 'keep-alive', 'Content-Length': '53', 'Content-Type': 'application/json'} 
 body=b'{"email": "carlos@email.com", "password": "senha789"}' 
 </msg>
<msg timestamp="20231006 09:59:44.579" level="INFO">POST Response : url=http://localhost:8000/login 
 status=201, reason=Created 
 headers={'X-Powered-By': 'Express', 'Access-Control-Allow-Origin': '*', 'Content-Type': 'application/json; charset=utf-8', 'Content-Length': '286', 'ETag': 'W/"11e-gRcakIWD8IgM/qZXURUficT9RkI"', 'Date': 'Fri, 06 Oct 2023 12:59:44 GMT', 'Connection': 'keep-alive', 'Keep-Alive': 'timeout=5'} 
 body={"user":{"id":392,"firstName":"Carlos","lastName":"Rodrigues","email":"carlos@email.com","cpf":"06069110064","phone":"+5511777777777"},"token":"eyJhbGciOiJIUzI1NiIsInR5cCI6IkpXVCJ9.eyJpZCI6MzkyLCJpYXQiOjE2OTY1OTcxODQsImV4cCI6MTY5NjYyNTk4NH0.ABVSOtRN1PeQ_NhzIGahDcpiKFs8Bwm7xKLLAf1OdR4"} 
 </msg>
<msg timestamp="20231006 09:59:44.579" level="INFO">${response} = &lt;Response [201]&gt;</msg>
<status status="PASS" starttime="20231006 09:59:44.516" endtime="20231006 09:59:44.579"/>
</kw>
<kw name="Set Variable" library="BuiltIn">
<var>${token}</var>
<arg>${response.json()}[token]</arg>
<doc>Returns the given values which can then be assigned to a variables.</doc>
<msg timestamp="20231006 09:59:44.579" level="INFO">${token} = eyJhbGciOiJIUzI1NiIsInR5cCI6IkpXVCJ9.eyJpZCI6MzkyLCJpYXQiOjE2OTY1OTcxODQsImV4cCI6MTY5NjYyNTk4NH0.ABVSOtRN1PeQ_NhzIGahDcpiKFs8Bwm7xKLLAf1OdR4</msg>
<status status="PASS" starttime="20231006 09:59:44.579" endtime="20231006 09:59:44.579"/>
</kw>
<kw name="Set Test Variable" library="BuiltIn">
<arg>${token}</arg>
<doc>Makes a variable available everywhere within the scope of the current test.</doc>
<msg timestamp="20231006 09:59:44.579" level="INFO">${token} = eyJhbGciOiJIUzI1NiIsInR5cCI6IkpXVCJ9.eyJpZCI6MzkyLCJpYXQiOjE2OTY1OTcxODQsImV4cCI6MTY5NjYyNTk4NH0.ABVSOtRN1PeQ_NhzIGahDcpiKFs8Bwm7xKLLAf1OdR4</msg>
<status status="PASS" starttime="20231006 09:59:44.579" endtime="20231006 09:59:44.579"/>
</kw>
<status status="PASS" starttime="20231006 09:59:44.516" endtime="20231006 09:59:44.579"/>
</kw>
<kw name="Change field value" library="main">
<var>${user}</var>
<arg>${data}</arg>
<arg>cpf</arg>
<arg>${data}[userDuplicate][cpf]</arg>
<kw name="Copy Dictionary" library="Collections">
<var>${user}</var>
<arg>${data}[user]</arg>
<doc>Returns a copy of the given dictionary.</doc>
<msg timestamp="20231006 09:59:44.579" level="INFO">${user} = {'firstName': 'Carlos', 'lastName': 'Rodrigues', 'email': 'carlos@email.com', 'cpf': '06069110064', 'phone': '+5511777777777', 'password': 'senha789', 'confirmPassword': 'senha789'}</msg>
<status status="PASS" starttime="20231006 09:59:44.579" endtime="20231006 09:59:44.579"/>
</kw>
<kw name="Set To Dictionary" library="Collections">
<arg>${user}</arg>
<arg>${field_name}=${field_value}</arg>
<doc>Adds the given ``key_value_pairs`` and/or ``items`` to the ``dictionary``.</doc>
<status status="PASS" starttime="20231006 09:59:44.579" endtime="20231006 09:59:44.579"/>
</kw>
<return>
<value>${user}</value>
<status status="PASS" starttime="20231006 09:59:44.579" endtime="20231006 09:59:44.579"/>
</return>
<msg timestamp="20231006 09:59:44.579" level="INFO">${user} = {'firstName': 'Carlos', 'lastName': 'Rodrigues', 'email': 'carlos@email.com', 'cpf': '79620461045', 'phone': '+5511777777777', 'password': 'senha789', 'confirmPassword': 'senha789'}</msg>
<status status="PASS" starttime="20231006 09:59:44.579" endtime="20231006 09:59:44.579"/>
</kw>
<kw name="Remove From Dictionary" library="Collections">
<arg>${user}</arg>
<arg>confirmPassword</arg>
<doc>Removes the given ``keys`` from the ``dictionary``.</doc>
<msg timestamp="20231006 09:59:44.579" level="INFO">Removed item with key 'confirmPassword' and value 'senha789'.</msg>
<status status="PASS" starttime="20231006 09:59:44.579" endtime="20231006 09:59:44.579"/>
</kw>
<kw name="Update user error" library="UserController">
<arg>${user}</arg>
<arg>400</arg>
<arg>CPF already registered.</arg>
<kw name="Create Dictionary" library="BuiltIn">
<var>${headers}</var>
<arg>Authorization=Bearer ${token}</arg>
<doc>Creates and returns a dictionary based on the given ``items``.</doc>
<msg timestamp="20231006 09:59:44.579" level="INFO">${headers} = {'Authorization': 'Bearer eyJhbGciOiJIUzI1NiIsInR5cCI6IkpXVCJ9.eyJpZCI6MzkyLCJpYXQiOjE2OTY1OTcxODQsImV4cCI6MTY5NjYyNTk4NH0.ABVSOtRN1PeQ_NhzIGahDcpiKFs8Bwm7xKLLAf1OdR4'}</msg>
<status status="PASS" starttime="20231006 09:59:44.579" endtime="20231006 09:59:44.579"/>
</kw>
<kw name="PUT" library="RequestsLibrary">
<var>${response}</var>
<arg>url=${url}/user</arg>
<arg>headers=${headers}</arg>
<arg>json=${body}</arg>
<arg>expected_status=${status}</arg>
<doc>Sends a PUT request.</doc>
<msg timestamp="20231006 09:59:44.695" level="INFO">PUT Request : url=http://localhost:8000/user 
 path_url=/user 
 headers={'User-Agent': 'python-requests/2.31.0', 'Accept-Encoding': 'gzip, deflate', 'Accept': '*/*', 'Connection': 'keep-alive', 'Authorization': 'Bearer eyJhbGciOiJIUzI1NiIsInR5cCI6IkpXVCJ9.eyJpZCI6MzkyLCJpYXQiOjE2OTY1OTcxODQsImV4cCI6MTY5NjYyNTk4NH0.ABVSOtRN1PeQ_NhzIGahDcpiKFs8Bwm7xKLLAf1OdR4', 'Content-Length': '150', 'Content-Type': 'application/json'} 
 body=b'{"firstName": "Carlos", "lastName": "Rodrigues", "email": "carlos@email.com", "cpf": "79620461045", "phone": "+5511777777777", "password": "senha789"}' 
 </msg>
<msg timestamp="20231006 09:59:44.695" level="INFO">PUT Response : url=http://localhost:8000/user 
 status=400, reason=Bad Request 
 headers={'X-Powered-By': 'Express', 'Access-Control-Allow-Origin': '*', 'Content-Type': 'application/json; charset=utf-8', 'Content-Length': '60', 'ETag': 'W/"3c-h0v13QV6uHmkbF1NmnQwDWfcv3g"', 'Date': 'Fri, 06 Oct 2023 12:59:44 GMT', 'Connection': 'keep-alive', 'Keep-Alive': 'timeout=5'} 
 body={"error":{"type":"cpf","message":"CPF already registered."}} 
 </msg>
<msg timestamp="20231006 09:59:44.705" level="INFO">${response} = &lt;Response [400]&gt;</msg>
<status status="PASS" starttime="20231006 09:59:44.579" endtime="20231006 09:59:44.705"/>
</kw>
<kw name="Set Variable" library="BuiltIn">
<var>${message}</var>
<arg>${response.json()}[error][message]</arg>
<doc>Returns the given values which can then be assigned to a variables.</doc>
<msg timestamp="20231006 09:59:44.705" level="INFO">${message} = CPF already registered.</msg>
<status status="PASS" starttime="20231006 09:59:44.705" endtime="20231006 09:59:44.705"/>
</kw>
<kw name="Should Be Equal As Strings" library="BuiltIn">
<arg>${message}</arg>
<arg>${expectedMessage}</arg>
<doc>Fails if objects are unequal after converting them to strings.</doc>
<status status="PASS" starttime="20231006 09:59:44.705" endtime="20231006 09:59:44.705"/>
</kw>
<status status="PASS" starttime="20231006 09:59:44.579" endtime="20231006 09:59:44.705"/>
</kw>
<tag>error</tag>
<tag>existing_cpf</tag>
<status status="PASS" starttime="20231006 09:59:44.389" endtime="20231006 09:59:44.705"/>
</test>
<test id="s1-t6" name="Should not be able to edit logged-in user data for an invalid password" line="83">
<kw name="Get data" library="main">
<var>${data}</var>
<arg>user</arg>
<arg>update</arg>
<kw name="Load Json From File" library="JSONLibrary">
<var>${data}</var>
<arg>${EXECDIR}/resources/json/${fileName}.json</arg>
<arg>encoding=utf-8</arg>
<doc>Load JSON from file.</doc>
<msg timestamp="20231006 09:59:44.709" level="INFO">${data} = {'register': {'user': {'firstName': 'João', 'lastName': 'Silva', 'email': 'joao@email.com', 'cpf': '84769371055', 'phone': '+5511987654321', 'password': 'senha123', 'confirmPassword': 'senha123'}, 'us...</msg>
<status status="PASS" starttime="20231006 09:59:44.707" endtime="20231006 09:59:44.709"/>
</kw>
<return>
<value>${data}[${scenario}]</value>
<status status="PASS" starttime="20231006 09:59:44.709" endtime="20231006 09:59:44.709"/>
</return>
<msg timestamp="20231006 09:59:44.709" level="INFO">${data} = {'user': {'firstName': 'Carlos', 'lastName': 'Rodrigues', 'email': 'carlos@email.com', 'cpf': '06069110064', 'phone': '+5511777777777', 'password': 'senha789', 'confirmPassword': 'senha789'}, 'userDup...</msg>
<status status="PASS" starttime="20231006 09:59:44.707" endtime="20231006 09:59:44.709"/>
</kw>
<kw name="Remove user from database" library="database">
<arg>email</arg>
<arg>${data}[user][email]</arg>
<status status="PASS" starttime="20231006 09:59:44.709" endtime="20231006 09:59:44.710"/>
</kw>
<kw name="Insert user into database" library="database">
<arg>${data}[user]</arg>
<status status="PASS" starttime="20231006 09:59:44.710" endtime="20231006 09:59:44.766"/>
</kw>
<kw name="Do login" library="UserController">
<arg>${data}[user]</arg>
<kw name="Create Dictionary" library="BuiltIn">
<var>${body}</var>
<arg>email=${user}[email]</arg>
<arg>password=${user}[password]</arg>
<doc>Creates and returns a dictionary based on the given ``items``.</doc>
<msg timestamp="20231006 09:59:44.779" level="INFO">${body} = {'email': 'carlos@email.com', 'password': 'senha789'}</msg>
<status status="PASS" starttime="20231006 09:59:44.778" endtime="20231006 09:59:44.779"/>
</kw>
<kw name="POST" library="RequestsLibrary">
<var>${response}</var>
<arg>url=${url}/login</arg>
<arg>json=${body}</arg>
<arg>expected_status=201</arg>
<doc>Sends a POST request.</doc>
<msg timestamp="20231006 09:59:44.846" level="INFO">POST Request : url=http://localhost:8000/login 
 path_url=/login 
 headers={'User-Agent': 'python-requests/2.31.0', 'Accept-Encoding': 'gzip, deflate', 'Accept': '*/*', 'Connection': 'keep-alive', 'Content-Length': '53', 'Content-Type': 'application/json'} 
 body=b'{"email": "carlos@email.com", "password": "senha789"}' 
 </msg>
<msg timestamp="20231006 09:59:44.846" level="INFO">POST Response : url=http://localhost:8000/login 
 status=201, reason=Created 
 headers={'X-Powered-By': 'Express', 'Access-Control-Allow-Origin': '*', 'Content-Type': 'application/json; charset=utf-8', 'Content-Length': '286', 'ETag': 'W/"11e-f9ba9UreEKDCJqRB6z8e3hF7lyA"', 'Date': 'Fri, 06 Oct 2023 12:59:44 GMT', 'Connection': 'keep-alive', 'Keep-Alive': 'timeout=5'} 
 body={"user":{"id":394,"firstName":"Carlos","lastName":"Rodrigues","email":"carlos@email.com","cpf":"06069110064","phone":"+5511777777777"},"token":"eyJhbGciOiJIUzI1NiIsInR5cCI6IkpXVCJ9.eyJpZCI6Mzk0LCJpYXQiOjE2OTY1OTcxODQsImV4cCI6MTY5NjYyNTk4NH0.AVV94N4hNB7rViV-nEqjZQWm2rAn02F92jTSkO6wzck"} 
 </msg>
<msg timestamp="20231006 09:59:44.846" level="INFO">${response} = &lt;Response [201]&gt;</msg>
<status status="PASS" starttime="20231006 09:59:44.779" endtime="20231006 09:59:44.846"/>
</kw>
<kw name="Set Variable" library="BuiltIn">
<var>${token}</var>
<arg>${response.json()}[token]</arg>
<doc>Returns the given values which can then be assigned to a variables.</doc>
<msg timestamp="20231006 09:59:44.859" level="INFO">${token} = eyJhbGciOiJIUzI1NiIsInR5cCI6IkpXVCJ9.eyJpZCI6Mzk0LCJpYXQiOjE2OTY1OTcxODQsImV4cCI6MTY5NjYyNTk4NH0.AVV94N4hNB7rViV-nEqjZQWm2rAn02F92jTSkO6wzck</msg>
<status status="PASS" starttime="20231006 09:59:44.846" endtime="20231006 09:59:44.859"/>
</kw>
<kw name="Set Test Variable" library="BuiltIn">
<arg>${token}</arg>
<doc>Makes a variable available everywhere within the scope of the current test.</doc>
<msg timestamp="20231006 09:59:44.859" level="INFO">${token} = eyJhbGciOiJIUzI1NiIsInR5cCI6IkpXVCJ9.eyJpZCI6Mzk0LCJpYXQiOjE2OTY1OTcxODQsImV4cCI6MTY5NjYyNTk4NH0.AVV94N4hNB7rViV-nEqjZQWm2rAn02F92jTSkO6wzck</msg>
<status status="PASS" starttime="20231006 09:59:44.859" endtime="20231006 09:59:44.859"/>
</kw>
<status status="PASS" starttime="20231006 09:59:44.778" endtime="20231006 09:59:44.859"/>
</kw>
<kw name="Change field value" library="main">
<var>${user}</var>
<arg>${data}</arg>
<arg>password</arg>
<arg>senha123</arg>
<kw name="Copy Dictionary" library="Collections">
<var>${user}</var>
<arg>${data}[user]</arg>
<doc>Returns a copy of the given dictionary.</doc>
<msg timestamp="20231006 09:59:44.861" level="INFO">${user} = {'firstName': 'Carlos', 'lastName': 'Rodrigues', 'email': 'carlos@email.com', 'cpf': '06069110064', 'phone': '+5511777777777', 'password': 'senha789', 'confirmPassword': 'senha789'}</msg>
<status status="PASS" starttime="20231006 09:59:44.860" endtime="20231006 09:59:44.861"/>
</kw>
<kw name="Set To Dictionary" library="Collections">
<arg>${user}</arg>
<arg>${field_name}=${field_value}</arg>
<doc>Adds the given ``key_value_pairs`` and/or ``items`` to the ``dictionary``.</doc>
<status status="PASS" starttime="20231006 09:59:44.861" endtime="20231006 09:59:44.861"/>
</kw>
<return>
<value>${user}</value>
<status status="PASS" starttime="20231006 09:59:44.861" endtime="20231006 09:59:44.861"/>
</return>
<msg timestamp="20231006 09:59:44.861" level="INFO">${user} = {'firstName': 'Carlos', 'lastName': 'Rodrigues', 'email': 'carlos@email.com', 'cpf': '06069110064', 'phone': '+5511777777777', 'password': 'senha123', 'confirmPassword': 'senha789'}</msg>
<status status="PASS" starttime="20231006 09:59:44.859" endtime="20231006 09:59:44.861"/>
</kw>
<kw name="Remove From Dictionary" library="Collections">
<arg>${user}</arg>
<arg>confirmPassword</arg>
<doc>Removes the given ``keys`` from the ``dictionary``.</doc>
<msg timestamp="20231006 09:59:44.861" level="INFO">Removed item with key 'confirmPassword' and value 'senha789'.</msg>
<status status="PASS" starttime="20231006 09:59:44.861" endtime="20231006 09:59:44.861"/>
</kw>
<kw name="Update user error" library="UserController">
<arg>${user}</arg>
<arg>400</arg>
<arg>Invalid password.</arg>
<kw name="Create Dictionary" library="BuiltIn">
<var>${headers}</var>
<arg>Authorization=Bearer ${token}</arg>
<doc>Creates and returns a dictionary based on the given ``items``.</doc>
<msg timestamp="20231006 09:59:44.863" level="INFO">${headers} = {'Authorization': 'Bearer eyJhbGciOiJIUzI1NiIsInR5cCI6IkpXVCJ9.eyJpZCI6Mzk0LCJpYXQiOjE2OTY1OTcxODQsImV4cCI6MTY5NjYyNTk4NH0.AVV94N4hNB7rViV-nEqjZQWm2rAn02F92jTSkO6wzck'}</msg>
<status status="PASS" starttime="20231006 09:59:44.861" endtime="20231006 09:59:44.863"/>
</kw>
<kw name="PUT" library="RequestsLibrary">
<var>${response}</var>
<arg>url=${url}/user</arg>
<arg>headers=${headers}</arg>
<arg>json=${body}</arg>
<arg>expected_status=${status}</arg>
<doc>Sends a PUT request.</doc>
<msg timestamp="20231006 09:59:44.992" level="INFO">PUT Request : url=http://localhost:8000/user 
 path_url=/user 
 headers={'User-Agent': 'python-requests/2.31.0', 'Accept-Encoding': 'gzip, deflate', 'Accept': '*/*', 'Connection': 'keep-alive', 'Authorization': 'Bearer eyJhbGciOiJIUzI1NiIsInR5cCI6IkpXVCJ9.eyJpZCI6Mzk0LCJpYXQiOjE2OTY1OTcxODQsImV4cCI6MTY5NjYyNTk4NH0.AVV94N4hNB7rViV-nEqjZQWm2rAn02F92jTSkO6wzck', 'Content-Length': '150', 'Content-Type': 'application/json'} 
 body=b'{"firstName": "Carlos", "lastName": "Rodrigues", "email": "carlos@email.com", "cpf": "06069110064", "phone": "+5511777777777", "password": "senha123"}' 
 </msg>
<msg timestamp="20231006 09:59:44.992" level="INFO">PUT Response : url=http://localhost:8000/user 
 status=400, reason=Bad Request 
 headers={'X-Powered-By': 'Express', 'Access-Control-Allow-Origin': '*', 'Content-Type': 'application/json; charset=utf-8', 'Content-Length': '59', 'ETag': 'W/"3b-E9Gmi82HqNahTOECfPAhTdshXFY"', 'Date': 'Fri, 06 Oct 2023 12:59:44 GMT', 'Connection': 'keep-alive', 'Keep-Alive': 'timeout=5'} 
 body={"error":{"type":"password","message":"Invalid password."}} 
 </msg>
<msg timestamp="20231006 09:59:44.992" level="INFO">${response} = &lt;Response [400]&gt;</msg>
<status status="PASS" starttime="20231006 09:59:44.863" endtime="20231006 09:59:44.992"/>
</kw>
<kw name="Set Variable" library="BuiltIn">
<var>${message}</var>
<arg>${response.json()}[error][message]</arg>
<doc>Returns the given values which can then be assigned to a variables.</doc>
<msg timestamp="20231006 09:59:44.993" level="INFO">${message} = Invalid password.</msg>
<status status="PASS" starttime="20231006 09:59:44.992" endtime="20231006 09:59:44.993"/>
</kw>
<kw name="Should Be Equal As Strings" library="BuiltIn">
<arg>${message}</arg>
<arg>${expectedMessage}</arg>
<doc>Fails if objects are unequal after converting them to strings.</doc>
<status status="PASS" starttime="20231006 09:59:44.993" endtime="20231006 09:59:44.993"/>
</kw>
<status status="PASS" starttime="20231006 09:59:44.861" endtime="20231006 09:59:44.993"/>
</kw>
<tag>error</tag>
<tag>invalid_password</tag>
<status status="PASS" starttime="20231006 09:59:44.707" endtime="20231006 09:59:44.993"/>
</test>
<test id="s1-t7" name="Required Fields" line="96">
<kw name="Get data" library="main">
<var>${data}</var>
<arg>user</arg>
<arg>update</arg>
<kw name="Load Json From File" library="JSONLibrary">
<var>${data}</var>
<arg>${EXECDIR}/resources/json/${fileName}.json</arg>
<arg>encoding=utf-8</arg>
<doc>Load JSON from file.</doc>
<msg timestamp="20231006 09:59:44.995" level="INFO">${data} = {'register': {'user': {'firstName': 'João', 'lastName': 'Silva', 'email': 'joao@email.com', 'cpf': '84769371055', 'phone': '+5511987654321', 'password': 'senha123', 'confirmPassword': 'senha123'}, 'us...</msg>
<status status="PASS" starttime="20231006 09:59:44.995" endtime="20231006 09:59:44.995"/>
</kw>
<return>
<value>${data}[${scenario}]</value>
<status status="PASS" starttime="20231006 09:59:44.995" endtime="20231006 09:59:44.995"/>
</return>
<msg timestamp="20231006 09:59:44.995" level="INFO">${data} = {'user': {'firstName': 'Carlos', 'lastName': 'Rodrigues', 'email': 'carlos@email.com', 'cpf': '06069110064', 'phone': '+5511777777777', 'password': 'senha789', 'confirmPassword': 'senha789'}, 'userDup...</msg>
<status status="PASS" starttime="20231006 09:59:44.995" endtime="20231006 09:59:44.995"/>
</kw>
<kw name="Set Variable" library="BuiltIn">
<var>@{required_list}</var>
<arg>firstName</arg>
<arg>lastName</arg>
<arg>email</arg>
<arg>password</arg>
<doc>Returns the given values which can then be assigned to a variables.</doc>
<msg timestamp="20231006 09:59:44.995" level="INFO">@{required_list} = [ firstName | lastName | email | password ]</msg>
<status status="PASS" starttime="20231006 09:59:44.995" endtime="20231006 09:59:44.995"/>
</kw>
<kw name="Set Variable" library="BuiltIn">
<var>@{name_message_list}</var>
<arg>first name</arg>
<arg>last name</arg>
<arg>e-mail</arg>
<arg>password</arg>
<doc>Returns the given values which can then be assigned to a variables.</doc>
<msg timestamp="20231006 09:59:44.995" level="INFO">@{name_message_list} = [ first name | last name | e-mail | password ]</msg>
<status status="PASS" starttime="20231006 09:59:44.995" endtime="20231006 09:59:44.995"/>
</kw>
<for flavor="IN">
<var>${element}</var>
<value>@{required_list}</value>
<iter>
<var name="${element}">firstName</var>
<kw name="Copy Dictionary" library="Collections">
<var>${user}</var>
<arg>${data}[user]</arg>
<doc>Returns a copy of the given dictionary.</doc>
<msg timestamp="20231006 09:59:44.995" level="INFO">${user} = {'firstName': 'Carlos', 'lastName': 'Rodrigues', 'email': 'carlos@email.com', 'cpf': '06069110064', 'phone': '+5511777777777', 'password': 'senha789', 'confirmPassword': 'senha789'}</msg>
<status status="PASS" starttime="20231006 09:59:44.995" endtime="20231006 09:59:44.995"/>
</kw>
<kw name="Set To Dictionary" library="Collections">
<arg>${user}</arg>
<arg>${element}=${EMPTY}</arg>
<doc>Adds the given ``key_value_pairs`` and/or ``items`` to the ``dictionary``.</doc>
<status status="PASS" starttime="20231006 09:59:44.995" endtime="20231006 09:59:44.995"/>
</kw>
<kw name="Remove From Dictionary" library="Collections">
<arg>${user}</arg>
<arg>confirmPassword</arg>
<doc>Removes the given ``keys`` from the ``dictionary``.</doc>
<msg timestamp="20231006 09:59:44.995" level="INFO">Removed item with key 'confirmPassword' and value 'senha789'.</msg>
<status status="PASS" starttime="20231006 09:59:44.995" endtime="20231006 09:59:44.995"/>
</kw>
<kw name="Get Index From List" library="Collections">
<var>${index}</var>
<arg>${required_list}</arg>
<arg>${element}</arg>
<doc>Returns the index of the first occurrence of the ``value`` on the list.</doc>
<msg timestamp="20231006 09:59:44.995" level="INFO">${index} = 0</msg>
<status status="PASS" starttime="20231006 09:59:44.995" endtime="20231006 09:59:44.995"/>
</kw>
<kw name="Get From List" library="Collections">
<var>${name_message}</var>
<arg>${name_message_list}</arg>
<arg>${index}</arg>
<doc>Returns the value specified with an ``index`` from ``list``.</doc>
<msg timestamp="20231006 09:59:44.995" level="INFO">${name_message} = first name</msg>
<status status="PASS" starttime="20231006 09:59:44.995" endtime="20231006 09:59:44.995"/>
</kw>
<if>
<branch type="IF" condition="'${element}' == 'password'">
<kw name="Set Variable" library="BuiltIn">
<var>${message}</var>
<arg>The password is required.</arg>
<doc>Returns the given values which can then be assigned to a variables.</doc>
<status status="NOT RUN" starttime="20231006 09:59:44.995" endtime="20231006 09:59:44.995"/>
</kw>
<status status="NOT RUN" starttime="20231006 09:59:44.995" endtime="20231006 09:59:44.995"/>
</branch>
<branch type="ELSE">
<kw name="Set Variable" library="BuiltIn">
<var>${message}</var>
<arg>The ${name_message} is required.</arg>
<doc>Returns the given values which can then be assigned to a variables.</doc>
<msg timestamp="20231006 09:59:44.995" level="INFO">${message} = The first name is required.</msg>
<status status="PASS" starttime="20231006 09:59:44.995" endtime="20231006 09:59:44.995"/>
</kw>
<status status="PASS" starttime="20231006 09:59:44.995" endtime="20231006 09:59:44.995"/>
</branch>
<status status="PASS" starttime="20231006 09:59:44.995" endtime="20231006 09:59:44.995"/>
</if>
<kw name="Do login" library="UserController">
<arg>${data}[user]</arg>
<kw name="Create Dictionary" library="BuiltIn">
<var>${body}</var>
<arg>email=${user}[email]</arg>
<arg>password=${user}[password]</arg>
<doc>Creates and returns a dictionary based on the given ``items``.</doc>
<msg timestamp="20231006 09:59:44.995" level="INFO">${body} = {'email': 'carlos@email.com', 'password': 'senha789'}</msg>
<status status="PASS" starttime="20231006 09:59:44.995" endtime="20231006 09:59:44.995"/>
</kw>
<kw name="POST" library="RequestsLibrary">
<var>${response}</var>
<arg>url=${url}/login</arg>
<arg>json=${body}</arg>
<arg>expected_status=201</arg>
<doc>Sends a POST request.</doc>
<msg timestamp="20231006 09:59:45.063" level="INFO">POST Request : url=http://localhost:8000/login 
 path_url=/login 
 headers={'User-Agent': 'python-requests/2.31.0', 'Accept-Encoding': 'gzip, deflate', 'Accept': '*/*', 'Connection': 'keep-alive', 'Content-Length': '53', 'Content-Type': 'application/json'} 
 body=b'{"email": "carlos@email.com", "password": "senha789"}' 
 </msg>
<msg timestamp="20231006 09:59:45.063" level="INFO">POST Response : url=http://localhost:8000/login 
 status=201, reason=Created 
 headers={'X-Powered-By': 'Express', 'Access-Control-Allow-Origin': '*', 'Content-Type': 'application/json; charset=utf-8', 'Content-Length': '286', 'ETag': 'W/"11e-wNRRpx0gVvU8UalPTFqty0vqyUk"', 'Date': 'Fri, 06 Oct 2023 12:59:45 GMT', 'Connection': 'keep-alive', 'Keep-Alive': 'timeout=5'} 
 body={"user":{"id":394,"firstName":"Carlos","lastName":"Rodrigues","email":"carlos@email.com","cpf":"06069110064","phone":"+5511777777777"},"token":"eyJhbGciOiJIUzI1NiIsInR5cCI6IkpXVCJ9.eyJpZCI6Mzk0LCJpYXQiOjE2OTY1OTcxODUsImV4cCI6MTY5NjYyNTk4NX0.Hm1ulwRSfcVmHMZ2eHXpnWUBVwJdVNdr5QIVRu19N8U"} 
 </msg>
<msg timestamp="20231006 09:59:45.063" level="INFO">${response} = &lt;Response [201]&gt;</msg>
<status status="PASS" starttime="20231006 09:59:44.995" endtime="20231006 09:59:45.063"/>
</kw>
<kw name="Set Variable" library="BuiltIn">
<var>${token}</var>
<arg>${response.json()}[token]</arg>
<doc>Returns the given values which can then be assigned to a variables.</doc>
<msg timestamp="20231006 09:59:45.065" level="INFO">${token} = eyJhbGciOiJIUzI1NiIsInR5cCI6IkpXVCJ9.eyJpZCI6Mzk0LCJpYXQiOjE2OTY1OTcxODUsImV4cCI6MTY5NjYyNTk4NX0.Hm1ulwRSfcVmHMZ2eHXpnWUBVwJdVNdr5QIVRu19N8U</msg>
<status status="PASS" starttime="20231006 09:59:45.063" endtime="20231006 09:59:45.065"/>
</kw>
<kw name="Set Test Variable" library="BuiltIn">
<arg>${token}</arg>
<doc>Makes a variable available everywhere within the scope of the current test.</doc>
<msg timestamp="20231006 09:59:45.065" level="INFO">${token} = eyJhbGciOiJIUzI1NiIsInR5cCI6IkpXVCJ9.eyJpZCI6Mzk0LCJpYXQiOjE2OTY1OTcxODUsImV4cCI6MTY5NjYyNTk4NX0.Hm1ulwRSfcVmHMZ2eHXpnWUBVwJdVNdr5QIVRu19N8U</msg>
<status status="PASS" starttime="20231006 09:59:45.065" endtime="20231006 09:59:45.065"/>
</kw>
<status status="PASS" starttime="20231006 09:59:44.995" endtime="20231006 09:59:45.065"/>
</kw>
<kw name="Update user error" library="UserController">
<arg>${user}</arg>
<arg>400</arg>
<arg>${message}</arg>
<kw name="Create Dictionary" library="BuiltIn">
<var>${headers}</var>
<arg>Authorization=Bearer ${token}</arg>
<doc>Creates and returns a dictionary based on the given ``items``.</doc>
<msg timestamp="20231006 09:59:45.065" level="INFO">${headers} = {'Authorization': 'Bearer eyJhbGciOiJIUzI1NiIsInR5cCI6IkpXVCJ9.eyJpZCI6Mzk0LCJpYXQiOjE2OTY1OTcxODUsImV4cCI6MTY5NjYyNTk4NX0.Hm1ulwRSfcVmHMZ2eHXpnWUBVwJdVNdr5QIVRu19N8U'}</msg>
<status status="PASS" starttime="20231006 09:59:45.065" endtime="20231006 09:59:45.065"/>
</kw>
<kw name="PUT" library="RequestsLibrary">
<var>${response}</var>
<arg>url=${url}/user</arg>
<arg>headers=${headers}</arg>
<arg>json=${body}</arg>
<arg>expected_status=${status}</arg>
<doc>Sends a PUT request.</doc>
<msg timestamp="20231006 09:59:45.069" level="INFO">PUT Request : url=http://localhost:8000/user 
 path_url=/user 
 headers={'User-Agent': 'python-requests/2.31.0', 'Accept-Encoding': 'gzip, deflate', 'Accept': '*/*', 'Connection': 'keep-alive', 'Authorization': 'Bearer eyJhbGciOiJIUzI1NiIsInR5cCI6IkpXVCJ9.eyJpZCI6Mzk0LCJpYXQiOjE2OTY1OTcxODUsImV4cCI6MTY5NjYyNTk4NX0.Hm1ulwRSfcVmHMZ2eHXpnWUBVwJdVNdr5QIVRu19N8U', 'Content-Length': '144', 'Content-Type': 'application/json'} 
 body=b'{"firstName": "", "lastName": "Rodrigues", "email": "carlos@email.com", "cpf": "06069110064", "phone": "+5511777777777", "password": "senha789"}' 
 </msg>
<msg timestamp="20231006 09:59:45.069" level="INFO">PUT Response : url=http://localhost:8000/user 
 status=400, reason=Bad Request 
 headers={'X-Powered-By': 'Express', 'Access-Control-Allow-Origin': '*', 'Content-Type': 'application/json; charset=utf-8', 'Content-Length': '70', 'ETag': 'W/"46-chew0LI9WTK5yzYs/A5t1lTCMSY"', 'Date': 'Fri, 06 Oct 2023 12:59:45 GMT', 'Connection': 'keep-alive', 'Keep-Alive': 'timeout=5'} 
 body={"error":{"type":"firstName","message":"The first name is required."}} 
 </msg>
<msg timestamp="20231006 09:59:45.069" level="INFO">${response} = &lt;Response [400]&gt;</msg>
<status status="PASS" starttime="20231006 09:59:45.065" endtime="20231006 09:59:45.069"/>
</kw>
<kw name="Set Variable" library="BuiltIn">
<var>${message}</var>
<arg>${response.json()}[error][message]</arg>
<doc>Returns the given values which can then be assigned to a variables.</doc>
<msg timestamp="20231006 09:59:45.069" level="INFO">${message} = The first name is required.</msg>
<status status="PASS" starttime="20231006 09:59:45.069" endtime="20231006 09:59:45.069"/>
</kw>
<kw name="Should Be Equal As Strings" library="BuiltIn">
<arg>${message}</arg>
<arg>${expectedMessage}</arg>
<doc>Fails if objects are unequal after converting them to strings.</doc>
<status status="PASS" starttime="20231006 09:59:45.069" endtime="20231006 09:59:45.069"/>
</kw>
<status status="PASS" starttime="20231006 09:59:45.065" endtime="20231006 09:59:45.069"/>
</kw>
<status status="PASS" starttime="20231006 09:59:44.995" endtime="20231006 09:59:45.069"/>
</iter>
<iter>
<var name="${element}">lastName</var>
<kw name="Copy Dictionary" library="Collections">
<var>${user}</var>
<arg>${data}[user]</arg>
<doc>Returns a copy of the given dictionary.</doc>
<msg timestamp="20231006 09:59:45.069" level="INFO">${user} = {'firstName': 'Carlos', 'lastName': 'Rodrigues', 'email': 'carlos@email.com', 'cpf': '06069110064', 'phone': '+5511777777777', 'password': 'senha789', 'confirmPassword': 'senha789'}</msg>
<status status="PASS" starttime="20231006 09:59:45.069" endtime="20231006 09:59:45.069"/>
</kw>
<kw name="Set To Dictionary" library="Collections">
<arg>${user}</arg>
<arg>${element}=${EMPTY}</arg>
<doc>Adds the given ``key_value_pairs`` and/or ``items`` to the ``dictionary``.</doc>
<status status="PASS" starttime="20231006 09:59:45.069" endtime="20231006 09:59:45.069"/>
</kw>
<kw name="Remove From Dictionary" library="Collections">
<arg>${user}</arg>
<arg>confirmPassword</arg>
<doc>Removes the given ``keys`` from the ``dictionary``.</doc>
<msg timestamp="20231006 09:59:45.069" level="INFO">Removed item with key 'confirmPassword' and value 'senha789'.</msg>
<status status="PASS" starttime="20231006 09:59:45.069" endtime="20231006 09:59:45.069"/>
</kw>
<kw name="Get Index From List" library="Collections">
<var>${index}</var>
<arg>${required_list}</arg>
<arg>${element}</arg>
<doc>Returns the index of the first occurrence of the ``value`` on the list.</doc>
<msg timestamp="20231006 09:59:45.069" level="INFO">${index} = 1</msg>
<status status="PASS" starttime="20231006 09:59:45.069" endtime="20231006 09:59:45.069"/>
</kw>
<kw name="Get From List" library="Collections">
<var>${name_message}</var>
<arg>${name_message_list}</arg>
<arg>${index}</arg>
<doc>Returns the value specified with an ``index`` from ``list``.</doc>
<msg timestamp="20231006 09:59:45.069" level="INFO">${name_message} = last name</msg>
<status status="PASS" starttime="20231006 09:59:45.069" endtime="20231006 09:59:45.069"/>
</kw>
<if>
<branch type="IF" condition="'${element}' == 'password'">
<kw name="Set Variable" library="BuiltIn">
<var>${message}</var>
<arg>The password is required.</arg>
<doc>Returns the given values which can then be assigned to a variables.</doc>
<status status="NOT RUN" starttime="20231006 09:59:45.069" endtime="20231006 09:59:45.069"/>
</kw>
<status status="NOT RUN" starttime="20231006 09:59:45.069" endtime="20231006 09:59:45.069"/>
</branch>
<branch type="ELSE">
<kw name="Set Variable" library="BuiltIn">
<var>${message}</var>
<arg>The ${name_message} is required.</arg>
<doc>Returns the given values which can then be assigned to a variables.</doc>
<msg timestamp="20231006 09:59:45.069" level="INFO">${message} = The last name is required.</msg>
<status status="PASS" starttime="20231006 09:59:45.069" endtime="20231006 09:59:45.069"/>
</kw>
<status status="PASS" starttime="20231006 09:59:45.069" endtime="20231006 09:59:45.069"/>
</branch>
<status status="PASS" starttime="20231006 09:59:45.069" endtime="20231006 09:59:45.069"/>
</if>
<kw name="Do login" library="UserController">
<arg>${data}[user]</arg>
<kw name="Create Dictionary" library="BuiltIn">
<var>${body}</var>
<arg>email=${user}[email]</arg>
<arg>password=${user}[password]</arg>
<doc>Creates and returns a dictionary based on the given ``items``.</doc>
<msg timestamp="20231006 09:59:45.069" level="INFO">${body} = {'email': 'carlos@email.com', 'password': 'senha789'}</msg>
<status status="PASS" starttime="20231006 09:59:45.069" endtime="20231006 09:59:45.069"/>
</kw>
<kw name="POST" library="RequestsLibrary">
<var>${response}</var>
<arg>url=${url}/login</arg>
<arg>json=${body}</arg>
<arg>expected_status=201</arg>
<doc>Sends a POST request.</doc>
<msg timestamp="20231006 09:59:45.126" level="INFO">POST Request : url=http://localhost:8000/login 
 path_url=/login 
 headers={'User-Agent': 'python-requests/2.31.0', 'Accept-Encoding': 'gzip, deflate', 'Accept': '*/*', 'Connection': 'keep-alive', 'Content-Length': '53', 'Content-Type': 'application/json'} 
 body=b'{"email": "carlos@email.com", "password": "senha789"}' 
 </msg>
<msg timestamp="20231006 09:59:45.126" level="INFO">POST Response : url=http://localhost:8000/login 
 status=201, reason=Created 
 headers={'X-Powered-By': 'Express', 'Access-Control-Allow-Origin': '*', 'Content-Type': 'application/json; charset=utf-8', 'Content-Length': '286', 'ETag': 'W/"11e-wNRRpx0gVvU8UalPTFqty0vqyUk"', 'Date': 'Fri, 06 Oct 2023 12:59:45 GMT', 'Connection': 'keep-alive', 'Keep-Alive': 'timeout=5'} 
 body={"user":{"id":394,"firstName":"Carlos","lastName":"Rodrigues","email":"carlos@email.com","cpf":"06069110064","phone":"+5511777777777"},"token":"eyJhbGciOiJIUzI1NiIsInR5cCI6IkpXVCJ9.eyJpZCI6Mzk0LCJpYXQiOjE2OTY1OTcxODUsImV4cCI6MTY5NjYyNTk4NX0.Hm1ulwRSfcVmHMZ2eHXpnWUBVwJdVNdr5QIVRu19N8U"} 
 </msg>
<msg timestamp="20231006 09:59:45.126" level="INFO">${response} = &lt;Response [201]&gt;</msg>
<status status="PASS" starttime="20231006 09:59:45.069" endtime="20231006 09:59:45.126"/>
</kw>
<kw name="Set Variable" library="BuiltIn">
<var>${token}</var>
<arg>${response.json()}[token]</arg>
<doc>Returns the given values which can then be assigned to a variables.</doc>
<msg timestamp="20231006 09:59:45.126" level="INFO">${token} = eyJhbGciOiJIUzI1NiIsInR5cCI6IkpXVCJ9.eyJpZCI6Mzk0LCJpYXQiOjE2OTY1OTcxODUsImV4cCI6MTY5NjYyNTk4NX0.Hm1ulwRSfcVmHMZ2eHXpnWUBVwJdVNdr5QIVRu19N8U</msg>
<status status="PASS" starttime="20231006 09:59:45.126" endtime="20231006 09:59:45.126"/>
</kw>
<kw name="Set Test Variable" library="BuiltIn">
<arg>${token}</arg>
<doc>Makes a variable available everywhere within the scope of the current test.</doc>
<msg timestamp="20231006 09:59:45.142" level="INFO">${token} = eyJhbGciOiJIUzI1NiIsInR5cCI6IkpXVCJ9.eyJpZCI6Mzk0LCJpYXQiOjE2OTY1OTcxODUsImV4cCI6MTY5NjYyNTk4NX0.Hm1ulwRSfcVmHMZ2eHXpnWUBVwJdVNdr5QIVRu19N8U</msg>
<status status="PASS" starttime="20231006 09:59:45.126" endtime="20231006 09:59:45.142"/>
</kw>
<status status="PASS" starttime="20231006 09:59:45.069" endtime="20231006 09:59:45.142"/>
</kw>
<kw name="Update user error" library="UserController">
<arg>${user}</arg>
<arg>400</arg>
<arg>${message}</arg>
<kw name="Create Dictionary" library="BuiltIn">
<var>${headers}</var>
<arg>Authorization=Bearer ${token}</arg>
<doc>Creates and returns a dictionary based on the given ``items``.</doc>
<msg timestamp="20231006 09:59:45.142" level="INFO">${headers} = {'Authorization': 'Bearer eyJhbGciOiJIUzI1NiIsInR5cCI6IkpXVCJ9.eyJpZCI6Mzk0LCJpYXQiOjE2OTY1OTcxODUsImV4cCI6MTY5NjYyNTk4NX0.Hm1ulwRSfcVmHMZ2eHXpnWUBVwJdVNdr5QIVRu19N8U'}</msg>
<status status="PASS" starttime="20231006 09:59:45.142" endtime="20231006 09:59:45.142"/>
</kw>
<kw name="PUT" library="RequestsLibrary">
<var>${response}</var>
<arg>url=${url}/user</arg>
<arg>headers=${headers}</arg>
<arg>json=${body}</arg>
<arg>expected_status=${status}</arg>
<doc>Sends a PUT request.</doc>
<msg timestamp="20231006 09:59:45.142" level="INFO">PUT Request : url=http://localhost:8000/user 
 path_url=/user 
 headers={'User-Agent': 'python-requests/2.31.0', 'Accept-Encoding': 'gzip, deflate', 'Accept': '*/*', 'Connection': 'keep-alive', 'Authorization': 'Bearer eyJhbGciOiJIUzI1NiIsInR5cCI6IkpXVCJ9.eyJpZCI6Mzk0LCJpYXQiOjE2OTY1OTcxODUsImV4cCI6MTY5NjYyNTk4NX0.Hm1ulwRSfcVmHMZ2eHXpnWUBVwJdVNdr5QIVRu19N8U', 'Content-Length': '141', 'Content-Type': 'application/json'} 
 body=b'{"firstName": "Carlos", "lastName": "", "email": "carlos@email.com", "cpf": "06069110064", "phone": "+5511777777777", "password": "senha789"}' 
 </msg>
<msg timestamp="20231006 09:59:45.142" level="INFO">PUT Response : url=http://localhost:8000/user 
 status=400, reason=Bad Request 
 headers={'X-Powered-By': 'Express', 'Access-Control-Allow-Origin': '*', 'Content-Type': 'application/json; charset=utf-8', 'Content-Length': '68', 'ETag': 'W/"44-BcR/KMnVLn72LKkp94kCUY4luLw"', 'Date': 'Fri, 06 Oct 2023 12:59:45 GMT', 'Connection': 'keep-alive', 'Keep-Alive': 'timeout=5'} 
 body={"error":{"type":"lastName","message":"The last name is required."}} 
 </msg>
<msg timestamp="20231006 09:59:45.142" level="INFO">${response} = &lt;Response [400]&gt;</msg>
<status status="PASS" starttime="20231006 09:59:45.142" endtime="20231006 09:59:45.142"/>
</kw>
<kw name="Set Variable" library="BuiltIn">
<var>${message}</var>
<arg>${response.json()}[error][message]</arg>
<doc>Returns the given values which can then be assigned to a variables.</doc>
<msg timestamp="20231006 09:59:45.142" level="INFO">${message} = The last name is required.</msg>
<status status="PASS" starttime="20231006 09:59:45.142" endtime="20231006 09:59:45.142"/>
</kw>
<kw name="Should Be Equal As Strings" library="BuiltIn">
<arg>${message}</arg>
<arg>${expectedMessage}</arg>
<doc>Fails if objects are unequal after converting them to strings.</doc>
<status status="PASS" starttime="20231006 09:59:45.142" endtime="20231006 09:59:45.142"/>
</kw>
<status status="PASS" starttime="20231006 09:59:45.142" endtime="20231006 09:59:45.142"/>
</kw>
<status status="PASS" starttime="20231006 09:59:45.069" endtime="20231006 09:59:45.142"/>
</iter>
<iter>
<var name="${element}">email</var>
<kw name="Copy Dictionary" library="Collections">
<var>${user}</var>
<arg>${data}[user]</arg>
<doc>Returns a copy of the given dictionary.</doc>
<msg timestamp="20231006 09:59:45.142" level="INFO">${user} = {'firstName': 'Carlos', 'lastName': 'Rodrigues', 'email': 'carlos@email.com', 'cpf': '06069110064', 'phone': '+5511777777777', 'password': 'senha789', 'confirmPassword': 'senha789'}</msg>
<status status="PASS" starttime="20231006 09:59:45.142" endtime="20231006 09:59:45.142"/>
</kw>
<kw name="Set To Dictionary" library="Collections">
<arg>${user}</arg>
<arg>${element}=${EMPTY}</arg>
<doc>Adds the given ``key_value_pairs`` and/or ``items`` to the ``dictionary``.</doc>
<status status="PASS" starttime="20231006 09:59:45.142" endtime="20231006 09:59:45.142"/>
</kw>
<kw name="Remove From Dictionary" library="Collections">
<arg>${user}</arg>
<arg>confirmPassword</arg>
<doc>Removes the given ``keys`` from the ``dictionary``.</doc>
<msg timestamp="20231006 09:59:45.142" level="INFO">Removed item with key 'confirmPassword' and value 'senha789'.</msg>
<status status="PASS" starttime="20231006 09:59:45.142" endtime="20231006 09:59:45.142"/>
</kw>
<kw name="Get Index From List" library="Collections">
<var>${index}</var>
<arg>${required_list}</arg>
<arg>${element}</arg>
<doc>Returns the index of the first occurrence of the ``value`` on the list.</doc>
<msg timestamp="20231006 09:59:45.142" level="INFO">${index} = 2</msg>
<status status="PASS" starttime="20231006 09:59:45.142" endtime="20231006 09:59:45.142"/>
</kw>
<kw name="Get From List" library="Collections">
<var>${name_message}</var>
<arg>${name_message_list}</arg>
<arg>${index}</arg>
<doc>Returns the value specified with an ``index`` from ``list``.</doc>
<msg timestamp="20231006 09:59:45.142" level="INFO">${name_message} = e-mail</msg>
<status status="PASS" starttime="20231006 09:59:45.142" endtime="20231006 09:59:45.142"/>
</kw>
<if>
<branch type="IF" condition="'${element}' == 'password'">
<kw name="Set Variable" library="BuiltIn">
<var>${message}</var>
<arg>The password is required.</arg>
<doc>Returns the given values which can then be assigned to a variables.</doc>
<status status="NOT RUN" starttime="20231006 09:59:45.142" endtime="20231006 09:59:45.142"/>
</kw>
<status status="NOT RUN" starttime="20231006 09:59:45.142" endtime="20231006 09:59:45.142"/>
</branch>
<branch type="ELSE">
<kw name="Set Variable" library="BuiltIn">
<var>${message}</var>
<arg>The ${name_message} is required.</arg>
<doc>Returns the given values which can then be assigned to a variables.</doc>
<msg timestamp="20231006 09:59:45.142" level="INFO">${message} = The e-mail is required.</msg>
<status status="PASS" starttime="20231006 09:59:45.142" endtime="20231006 09:59:45.142"/>
</kw>
<status status="PASS" starttime="20231006 09:59:45.142" endtime="20231006 09:59:45.142"/>
</branch>
<status status="PASS" starttime="20231006 09:59:45.142" endtime="20231006 09:59:45.142"/>
</if>
<kw name="Do login" library="UserController">
<arg>${data}[user]</arg>
<kw name="Create Dictionary" library="BuiltIn">
<var>${body}</var>
<arg>email=${user}[email]</arg>
<arg>password=${user}[password]</arg>
<doc>Creates and returns a dictionary based on the given ``items``.</doc>
<msg timestamp="20231006 09:59:45.142" level="INFO">${body} = {'email': 'carlos@email.com', 'password': 'senha789'}</msg>
<status status="PASS" starttime="20231006 09:59:45.142" endtime="20231006 09:59:45.142"/>
</kw>
<kw name="POST" library="RequestsLibrary">
<var>${response}</var>
<arg>url=${url}/login</arg>
<arg>json=${body}</arg>
<arg>expected_status=201</arg>
<doc>Sends a POST request.</doc>
<msg timestamp="20231006 09:59:45.221" level="INFO">POST Request : url=http://localhost:8000/login 
 path_url=/login 
 headers={'User-Agent': 'python-requests/2.31.0', 'Accept-Encoding': 'gzip, deflate', 'Accept': '*/*', 'Connection': 'keep-alive', 'Content-Length': '53', 'Content-Type': 'application/json'} 
 body=b'{"email": "carlos@email.com", "password": "senha789"}' 
 </msg>
<msg timestamp="20231006 09:59:45.221" level="INFO">POST Response : url=http://localhost:8000/login 
 status=201, reason=Created 
 headers={'X-Powered-By': 'Express', 'Access-Control-Allow-Origin': '*', 'Content-Type': 'application/json; charset=utf-8', 'Content-Length': '286', 'ETag': 'W/"11e-wNRRpx0gVvU8UalPTFqty0vqyUk"', 'Date': 'Fri, 06 Oct 2023 12:59:45 GMT', 'Connection': 'keep-alive', 'Keep-Alive': 'timeout=5'} 
 body={"user":{"id":394,"firstName":"Carlos","lastName":"Rodrigues","email":"carlos@email.com","cpf":"06069110064","phone":"+5511777777777"},"token":"eyJhbGciOiJIUzI1NiIsInR5cCI6IkpXVCJ9.eyJpZCI6Mzk0LCJpYXQiOjE2OTY1OTcxODUsImV4cCI6MTY5NjYyNTk4NX0.Hm1ulwRSfcVmHMZ2eHXpnWUBVwJdVNdr5QIVRu19N8U"} 
 </msg>
<msg timestamp="20231006 09:59:45.221" level="INFO">${response} = &lt;Response [201]&gt;</msg>
<status status="PASS" starttime="20231006 09:59:45.142" endtime="20231006 09:59:45.221"/>
</kw>
<kw name="Set Variable" library="BuiltIn">
<var>${token}</var>
<arg>${response.json()}[token]</arg>
<doc>Returns the given values which can then be assigned to a variables.</doc>
<msg timestamp="20231006 09:59:45.221" level="INFO">${token} = eyJhbGciOiJIUzI1NiIsInR5cCI6IkpXVCJ9.eyJpZCI6Mzk0LCJpYXQiOjE2OTY1OTcxODUsImV4cCI6MTY5NjYyNTk4NX0.Hm1ulwRSfcVmHMZ2eHXpnWUBVwJdVNdr5QIVRu19N8U</msg>
<status status="PASS" starttime="20231006 09:59:45.221" endtime="20231006 09:59:45.221"/>
</kw>
<kw name="Set Test Variable" library="BuiltIn">
<arg>${token}</arg>
<doc>Makes a variable available everywhere within the scope of the current test.</doc>
<msg timestamp="20231006 09:59:45.221" level="INFO">${token} = eyJhbGciOiJIUzI1NiIsInR5cCI6IkpXVCJ9.eyJpZCI6Mzk0LCJpYXQiOjE2OTY1OTcxODUsImV4cCI6MTY5NjYyNTk4NX0.Hm1ulwRSfcVmHMZ2eHXpnWUBVwJdVNdr5QIVRu19N8U</msg>
<status status="PASS" starttime="20231006 09:59:45.221" endtime="20231006 09:59:45.221"/>
</kw>
<status status="PASS" starttime="20231006 09:59:45.142" endtime="20231006 09:59:45.221"/>
</kw>
<kw name="Update user error" library="UserController">
<arg>${user}</arg>
<arg>400</arg>
<arg>${message}</arg>
<kw name="Create Dictionary" library="BuiltIn">
<var>${headers}</var>
<arg>Authorization=Bearer ${token}</arg>
<doc>Creates and returns a dictionary based on the given ``items``.</doc>
<msg timestamp="20231006 09:59:45.221" level="INFO">${headers} = {'Authorization': 'Bearer eyJhbGciOiJIUzI1NiIsInR5cCI6IkpXVCJ9.eyJpZCI6Mzk0LCJpYXQiOjE2OTY1OTcxODUsImV4cCI6MTY5NjYyNTk4NX0.Hm1ulwRSfcVmHMZ2eHXpnWUBVwJdVNdr5QIVRu19N8U'}</msg>
<status status="PASS" starttime="20231006 09:59:45.221" endtime="20231006 09:59:45.221"/>
</kw>
<kw name="PUT" library="RequestsLibrary">
<var>${response}</var>
<arg>url=${url}/user</arg>
<arg>headers=${headers}</arg>
<arg>json=${body}</arg>
<arg>expected_status=${status}</arg>
<doc>Sends a PUT request.</doc>
<msg timestamp="20231006 09:59:45.221" level="INFO">PUT Request : url=http://localhost:8000/user 
 path_url=/user 
 headers={'User-Agent': 'python-requests/2.31.0', 'Accept-Encoding': 'gzip, deflate', 'Accept': '*/*', 'Connection': 'keep-alive', 'Authorization': 'Bearer eyJhbGciOiJIUzI1NiIsInR5cCI6IkpXVCJ9.eyJpZCI6Mzk0LCJpYXQiOjE2OTY1OTcxODUsImV4cCI6MTY5NjYyNTk4NX0.Hm1ulwRSfcVmHMZ2eHXpnWUBVwJdVNdr5QIVRu19N8U', 'Content-Length': '134', 'Content-Type': 'application/json'} 
 body=b'{"firstName": "Carlos", "lastName": "Rodrigues", "email": "", "cpf": "06069110064", "phone": "+5511777777777", "password": "senha789"}' 
 </msg>
<msg timestamp="20231006 09:59:45.221" level="INFO">PUT Response : url=http://localhost:8000/user 
 status=400, reason=Bad Request 
 headers={'X-Powered-By': 'Express', 'Access-Control-Allow-Origin': '*', 'Content-Type': 'application/json; charset=utf-8', 'Content-Length': '62', 'ETag': 'W/"3e-mLsikI0+iR+oe7CM9fF706ML2C8"', 'Date': 'Fri, 06 Oct 2023 12:59:45 GMT', 'Connection': 'keep-alive', 'Keep-Alive': 'timeout=5'} 
 body={"error":{"type":"email","message":"The e-mail is required."}} 
 </msg>
<msg timestamp="20231006 09:59:45.221" level="INFO">${response} = &lt;Response [400]&gt;</msg>
<status status="PASS" starttime="20231006 09:59:45.221" endtime="20231006 09:59:45.221"/>
</kw>
<kw name="Set Variable" library="BuiltIn">
<var>${message}</var>
<arg>${response.json()}[error][message]</arg>
<doc>Returns the given values which can then be assigned to a variables.</doc>
<msg timestamp="20231006 09:59:45.221" level="INFO">${message} = The e-mail is required.</msg>
<status status="PASS" starttime="20231006 09:59:45.221" endtime="20231006 09:59:45.221"/>
</kw>
<kw name="Should Be Equal As Strings" library="BuiltIn">
<arg>${message}</arg>
<arg>${expectedMessage}</arg>
<doc>Fails if objects are unequal after converting them to strings.</doc>
<status status="PASS" starttime="20231006 09:59:45.221" endtime="20231006 09:59:45.236"/>
</kw>
<status status="PASS" starttime="20231006 09:59:45.221" endtime="20231006 09:59:45.236"/>
</kw>
<status status="PASS" starttime="20231006 09:59:45.142" endtime="20231006 09:59:45.236"/>
</iter>
<iter>
<var name="${element}">password</var>
<kw name="Copy Dictionary" library="Collections">
<var>${user}</var>
<arg>${data}[user]</arg>
<doc>Returns a copy of the given dictionary.</doc>
<msg timestamp="20231006 09:59:45.236" level="INFO">${user} = {'firstName': 'Carlos', 'lastName': 'Rodrigues', 'email': 'carlos@email.com', 'cpf': '06069110064', 'phone': '+5511777777777', 'password': 'senha789', 'confirmPassword': 'senha789'}</msg>
<status status="PASS" starttime="20231006 09:59:45.236" endtime="20231006 09:59:45.236"/>
</kw>
<kw name="Set To Dictionary" library="Collections">
<arg>${user}</arg>
<arg>${element}=${EMPTY}</arg>
<doc>Adds the given ``key_value_pairs`` and/or ``items`` to the ``dictionary``.</doc>
<status status="PASS" starttime="20231006 09:59:45.236" endtime="20231006 09:59:45.236"/>
</kw>
<kw name="Remove From Dictionary" library="Collections">
<arg>${user}</arg>
<arg>confirmPassword</arg>
<doc>Removes the given ``keys`` from the ``dictionary``.</doc>
<msg timestamp="20231006 09:59:45.236" level="INFO">Removed item with key 'confirmPassword' and value 'senha789'.</msg>
<status status="PASS" starttime="20231006 09:59:45.236" endtime="20231006 09:59:45.236"/>
</kw>
<kw name="Get Index From List" library="Collections">
<var>${index}</var>
<arg>${required_list}</arg>
<arg>${element}</arg>
<doc>Returns the index of the first occurrence of the ``value`` on the list.</doc>
<msg timestamp="20231006 09:59:45.236" level="INFO">${index} = 3</msg>
<status status="PASS" starttime="20231006 09:59:45.236" endtime="20231006 09:59:45.236"/>
</kw>
<kw name="Get From List" library="Collections">
<var>${name_message}</var>
<arg>${name_message_list}</arg>
<arg>${index}</arg>
<doc>Returns the value specified with an ``index`` from ``list``.</doc>
<msg timestamp="20231006 09:59:45.236" level="INFO">${name_message} = password</msg>
<status status="PASS" starttime="20231006 09:59:45.236" endtime="20231006 09:59:45.236"/>
</kw>
<if>
<branch type="IF" condition="'${element}' == 'password'">
<kw name="Set Variable" library="BuiltIn">
<var>${message}</var>
<arg>The password is required.</arg>
<doc>Returns the given values which can then be assigned to a variables.</doc>
<msg timestamp="20231006 09:59:45.236" level="INFO">${message} = The password is required.</msg>
<status status="PASS" starttime="20231006 09:59:45.236" endtime="20231006 09:59:45.236"/>
</kw>
<status status="PASS" starttime="20231006 09:59:45.236" endtime="20231006 09:59:45.236"/>
</branch>
<branch type="ELSE">
<kw name="Set Variable" library="BuiltIn">
<var>${message}</var>
<arg>The ${name_message} is required.</arg>
<doc>Returns the given values which can then be assigned to a variables.</doc>
<status status="NOT RUN" starttime="20231006 09:59:45.236" endtime="20231006 09:59:45.236"/>
</kw>
<status status="NOT RUN" starttime="20231006 09:59:45.236" endtime="20231006 09:59:45.236"/>
</branch>
<status status="PASS" starttime="20231006 09:59:45.236" endtime="20231006 09:59:45.236"/>
</if>
<kw name="Do login" library="UserController">
<arg>${data}[user]</arg>
<kw name="Create Dictionary" library="BuiltIn">
<var>${body}</var>
<arg>email=${user}[email]</arg>
<arg>password=${user}[password]</arg>
<doc>Creates and returns a dictionary based on the given ``items``.</doc>
<msg timestamp="20231006 09:59:45.236" level="INFO">${body} = {'email': 'carlos@email.com', 'password': 'senha789'}</msg>
<status status="PASS" starttime="20231006 09:59:45.236" endtime="20231006 09:59:45.236"/>
</kw>
<kw name="POST" library="RequestsLibrary">
<var>${response}</var>
<arg>url=${url}/login</arg>
<arg>json=${body}</arg>
<arg>expected_status=201</arg>
<doc>Sends a POST request.</doc>
<msg timestamp="20231006 09:59:45.283" level="INFO">POST Request : url=http://localhost:8000/login 
 path_url=/login 
 headers={'User-Agent': 'python-requests/2.31.0', 'Accept-Encoding': 'gzip, deflate', 'Accept': '*/*', 'Connection': 'keep-alive', 'Content-Length': '53', 'Content-Type': 'application/json'} 
 body=b'{"email": "carlos@email.com", "password": "senha789"}' 
 </msg>
<msg timestamp="20231006 09:59:45.283" level="INFO">POST Response : url=http://localhost:8000/login 
 status=201, reason=Created 
 headers={'X-Powered-By': 'Express', 'Access-Control-Allow-Origin': '*', 'Content-Type': 'application/json; charset=utf-8', 'Content-Length': '286', 'ETag': 'W/"11e-wNRRpx0gVvU8UalPTFqty0vqyUk"', 'Date': 'Fri, 06 Oct 2023 12:59:45 GMT', 'Connection': 'keep-alive', 'Keep-Alive': 'timeout=5'} 
 body={"user":{"id":394,"firstName":"Carlos","lastName":"Rodrigues","email":"carlos@email.com","cpf":"06069110064","phone":"+5511777777777"},"token":"eyJhbGciOiJIUzI1NiIsInR5cCI6IkpXVCJ9.eyJpZCI6Mzk0LCJpYXQiOjE2OTY1OTcxODUsImV4cCI6MTY5NjYyNTk4NX0.Hm1ulwRSfcVmHMZ2eHXpnWUBVwJdVNdr5QIVRu19N8U"} 
 </msg>
<msg timestamp="20231006 09:59:45.283" level="INFO">${response} = &lt;Response [201]&gt;</msg>
<status status="PASS" starttime="20231006 09:59:45.236" endtime="20231006 09:59:45.283"/>
</kw>
<kw name="Set Variable" library="BuiltIn">
<var>${token}</var>
<arg>${response.json()}[token]</arg>
<doc>Returns the given values which can then be assigned to a variables.</doc>
<msg timestamp="20231006 09:59:45.283" level="INFO">${token} = eyJhbGciOiJIUzI1NiIsInR5cCI6IkpXVCJ9.eyJpZCI6Mzk0LCJpYXQiOjE2OTY1OTcxODUsImV4cCI6MTY5NjYyNTk4NX0.Hm1ulwRSfcVmHMZ2eHXpnWUBVwJdVNdr5QIVRu19N8U</msg>
<status status="PASS" starttime="20231006 09:59:45.283" endtime="20231006 09:59:45.283"/>
</kw>
<kw name="Set Test Variable" library="BuiltIn">
<arg>${token}</arg>
<doc>Makes a variable available everywhere within the scope of the current test.</doc>
<msg timestamp="20231006 09:59:45.283" level="INFO">${token} = eyJhbGciOiJIUzI1NiIsInR5cCI6IkpXVCJ9.eyJpZCI6Mzk0LCJpYXQiOjE2OTY1OTcxODUsImV4cCI6MTY5NjYyNTk4NX0.Hm1ulwRSfcVmHMZ2eHXpnWUBVwJdVNdr5QIVRu19N8U</msg>
<status status="PASS" starttime="20231006 09:59:45.283" endtime="20231006 09:59:45.283"/>
</kw>
<status status="PASS" starttime="20231006 09:59:45.236" endtime="20231006 09:59:45.283"/>
</kw>
<kw name="Update user error" library="UserController">
<arg>${user}</arg>
<arg>400</arg>
<arg>${message}</arg>
<kw name="Create Dictionary" library="BuiltIn">
<var>${headers}</var>
<arg>Authorization=Bearer ${token}</arg>
<doc>Creates and returns a dictionary based on the given ``items``.</doc>
<msg timestamp="20231006 09:59:45.299" level="INFO">${headers} = {'Authorization': 'Bearer eyJhbGciOiJIUzI1NiIsInR5cCI6IkpXVCJ9.eyJpZCI6Mzk0LCJpYXQiOjE2OTY1OTcxODUsImV4cCI6MTY5NjYyNTk4NX0.Hm1ulwRSfcVmHMZ2eHXpnWUBVwJdVNdr5QIVRu19N8U'}</msg>
<status status="PASS" starttime="20231006 09:59:45.299" endtime="20231006 09:59:45.299"/>
</kw>
<kw name="PUT" library="RequestsLibrary">
<var>${response}</var>
<arg>url=${url}/user</arg>
<arg>headers=${headers}</arg>
<arg>json=${body}</arg>
<arg>expected_status=${status}</arg>
<doc>Sends a PUT request.</doc>
<msg timestamp="20231006 09:59:45.302" level="INFO">PUT Request : url=http://localhost:8000/user 
 path_url=/user 
 headers={'User-Agent': 'python-requests/2.31.0', 'Accept-Encoding': 'gzip, deflate', 'Accept': '*/*', 'Connection': 'keep-alive', 'Authorization': 'Bearer eyJhbGciOiJIUzI1NiIsInR5cCI6IkpXVCJ9.eyJpZCI6Mzk0LCJpYXQiOjE2OTY1OTcxODUsImV4cCI6MTY5NjYyNTk4NX0.Hm1ulwRSfcVmHMZ2eHXpnWUBVwJdVNdr5QIVRu19N8U', 'Content-Length': '142', 'Content-Type': 'application/json'} 
 body=b'{"firstName": "Carlos", "lastName": "Rodrigues", "email": "carlos@email.com", "cpf": "06069110064", "phone": "+5511777777777", "password": ""}' 
 </msg>
<msg timestamp="20231006 09:59:45.302" level="INFO">PUT Response : url=http://localhost:8000/user 
 status=400, reason=Bad Request 
 headers={'X-Powered-By': 'Express', 'Access-Control-Allow-Origin': '*', 'Content-Type': 'application/json; charset=utf-8', 'Content-Length': '67', 'ETag': 'W/"43-n+KDRJz4j490OlR7oOoCKt4QPRY"', 'Date': 'Fri, 06 Oct 2023 12:59:45 GMT', 'Connection': 'keep-alive', 'Keep-Alive': 'timeout=5'} 
 body={"error":{"type":"password","message":"The password is required."}} 
 </msg>
<msg timestamp="20231006 09:59:45.305" level="INFO">${response} = &lt;Response [400]&gt;</msg>
<status status="PASS" starttime="20231006 09:59:45.299" endtime="20231006 09:59:45.305"/>
</kw>
<kw name="Set Variable" library="BuiltIn">
<var>${message}</var>
<arg>${response.json()}[error][message]</arg>
<doc>Returns the given values which can then be assigned to a variables.</doc>
<msg timestamp="20231006 09:59:45.305" level="INFO">${message} = The password is required.</msg>
<status status="PASS" starttime="20231006 09:59:45.305" endtime="20231006 09:59:45.305"/>
</kw>
<kw name="Should Be Equal As Strings" library="BuiltIn">
<arg>${message}</arg>
<arg>${expectedMessage}</arg>
<doc>Fails if objects are unequal after converting them to strings.</doc>
<status status="PASS" starttime="20231006 09:59:45.305" endtime="20231006 09:59:45.305"/>
</kw>
<status status="PASS" starttime="20231006 09:59:45.283" endtime="20231006 09:59:45.305"/>
</kw>
<status status="PASS" starttime="20231006 09:59:45.236" endtime="20231006 09:59:45.305"/>
</iter>
<status status="PASS" starttime="20231006 09:59:44.995" endtime="20231006 09:59:45.305"/>
</for>
<tag>error</tag>
<tag>required</tag>
<status status="PASS" starttime="20231006 09:59:44.994" endtime="20231006 09:59:45.305"/>
</test>
<status status="PASS" starttime="20231006 09:59:42.670" endtime="20231006 09:59:45.305"/>
</suite>
<statistics>
<total>
<stat pass="7" fail="0" skip="0">All Tests</stat>
</total>
<tag>
<stat pass="4" fail="0" skip="0">error</stat>
<stat pass="1" fail="0" skip="0">existing_cpf</stat>
<stat pass="1" fail="0" skip="0">existing_email</stat>
<stat pass="1" fail="0" skip="0">first_name</stat>
<stat pass="1" fail="0" skip="0">invalid_password</stat>
<stat pass="1" fail="0" skip="0">last_name</stat>
<stat pass="1" fail="0" skip="0">phone</stat>
<stat pass="1" fail="0" skip="0">required</stat>
<stat pass="3" fail="0" skip="0">success</stat>
</tag>
<suite>
<stat pass="7" fail="0" skip="0" id="s1" name="Update">Update</stat>
</suite>
</statistics>
<errors>
</errors>
</robot>
